[     791ms] [ERROR] Failed to load resource: the server responded with a status of 400 () @ https://tzh-badminton.vercel.app/_next/image?url=%2Fimages%2Fshop%2Fshoes%2Fpc65z3.jpg&w=384&q=75:0
[     794ms] [ERROR] Failed to load resource: the server responded with a status of 400 () @ https://tzh-badminton.vercel.app/_next/image?url=%2Fimages%2Fshop%2Frackets%2Fastrox-99-pro.jpg&w=384&q=75:0
[     794ms] [ERROR] Failed to load resource: the server responded with a status of 400 () @ https://tzh-badminton.vercel.app/_next/image?url=%2Fimages%2Fshop%2Faccessories%2Fbg65.jpg&w=384&q=75:0
[     803ms] [ERROR] Failed to load resource: the server responded with a status of 400 () @ https://tzh-badminton.vercel.app/_next/image?url=%2Fimages%2Fshop%2Fpickleball%2Fhyperion.jpg&w=384&q=75:0
[     853ms] [ERROR] Failed to load resource: the server responded with a status of 400 () @ https://tzh-badminton.vercel.app/_next/image?url=%2Fimages%2Fshop%2Fshuttlecocks%2Fas50.jpg&w=384&q=75:0
[    1092ms] [ERROR] Failed to load resource: the server responded with a status of 400 () @ https://tzh-badminton.vercel.app/_next/image?url=%2Fimages%2Fshop%2Fgrips%2Fsuper-grap.jpg&w=384&q=75:0
[    1092ms] [ERROR] Failed to load resource: the server responded with a status of 400 () @ https://tzh-badminton.vercel.app/_next/image?url=%2Fimages%2Fshop%2Frackets%2Fthruster-k9900.jpg&w=384&q=75:0
[    1092ms] [ERROR] Failed to load resource: the server responded with a status of 400 () @ https://tzh-badminton.vercel.app/_next/image?url=%2Fimages%2Fshop%2Fbags%2Fyonex-92031.jpg&w=384&q=75:0
[    1092ms] [ERROR] Failed to load resource: the server responded with a status of 400 () @ https://tzh-badminton.vercel.app/_next/image?url=%2Fimages%2Fshop%2Fshuttlecocks%2Fas50.jpg&w=384&q=75:0
[    1104ms] [ERROR] Failed to load resource: the server responded with a status of 400 () @ https://tzh-badminton.vercel.app/_next/image?url=%2Fimages%2Fshop%2Frackets%2Fastrox-99-pro.jpg&w=384&q=75:0
[    1216ms] [ERROR] Failed to load resource: the server responded with a status of 400 () @ https://tzh-badminton.vercel.app/_next/image?url=%2Fimages%2Fshop%2Faccessories%2Fbg65.jpg&w=384&q=75:0
[    1388ms] [ERROR] Failed to load resource: the server responded with a status of 400 () @ https://tzh-badminton.vercel.app/_next/image?url=%2Fimages%2Fshop%2Fpickleball%2Fhyperion.jpg&w=384&q=75:0
[    1388ms] [ERROR] Failed to load resource: the server responded with a status of 400 () @ https://tzh-badminton.vercel.app/_next/image?url=%2Fimages%2Fshop%2Fshoes%2Fpc65z3.jpg&w=384&q=75:0
[    1392ms] [ERROR] Failed to load resource: the server responded with a status of 400 () @ https://tzh-badminton.vercel.app/_next/image?url=%2Fimages%2Fshop%2Frackets%2Fthruster-k9900.jpg&w=384&q=75:0
[    1392ms] [ERROR] Failed to load resource: the server responded with a status of 400 () @ https://tzh-badminton.vercel.app/_next/image?url=%2Fimages%2Fshop%2Faccessories%2Fbg65.jpg&w=384&q=75:0
[    1409ms] [ERROR] Failed to load resource: the server responded with a status of 400 () @ https://tzh-badminton.vercel.app/_next/image?url=%2Fimages%2Fshop%2Fgrips%2Fsuper-grap.jpg&w=384&q=75:0
[    1683ms] [ERROR] Failed to load resource: the server responded with a status of 400 () @ https://tzh-badminton.vercel.app/_next/image?url=%2Fimages%2Fshop%2Frackets%2Fastrox-99-pro.jpg&w=384&q=75:0
[    1683ms] [ERROR] Failed to load resource: the server responded with a status of 400 () @ https://tzh-badminton.vercel.app/_next/image?url=%2Fimages%2Fshop%2Fbags%2Fyonex-92031.jpg&w=384&q=75:0
[    1683ms] [ERROR] Failed to load resource: the server responded with a status of 400 () @ https://tzh-badminton.vercel.app/_next/image?url=%2Fimages%2Fshop%2Fgrips%2Fsuper-grap.jpg&w=384&q=75:0
[    1683ms] [ERROR] Failed to load resource: the server responded with a status of 400 () @ https://tzh-badminton.vercel.app/_next/image?url=%2Fimages%2Fshop%2Fshuttlecocks%2Fas50.jpg&w=384&q=75:0
[    1685ms] [ERROR] Failed to load resource: the server responded with a status of 400 () @ https://tzh-badminton.vercel.app/_next/image?url=%2Fimages%2Fshop%2Faccessories%2Fbg65.jpg&w=384&q=75:0
[    1976ms] [ERROR] Failed to load resource: the server responded with a status of 400 () @ https://tzh-badminton.vercel.app/_next/image?url=%2Fimages%2Fshop%2Fpickleball%2Fhyperion.jpg&w=384&q=75:0
[    1976ms] [ERROR] Failed to load resource: the server responded with a status of 400 () @ https://tzh-badminton.vercel.app/_next/image?url=%2Fimages%2Fshop%2Fshoes%2Fpc65z3.jpg&w=384&q=75:0
[    1977ms] [ERROR] Failed to load resource: the server responded with a status of 400 () @ https://tzh-badminton.vercel.app/_next/image?url=%2Fimages%2Fshop%2Frackets%2Fthruster-k9900.jpg&w=384&q=75:0
[    1977ms] [ERROR] Failed to load resource: the server responded with a status of 400 () @ https://tzh-badminton.vercel.app/_next/image?url=%2Fimages%2Fshop%2Faccessories%2Fbg65.jpg&w=384&q=75:0
[    1979ms] [ERROR] Failed to load resource: the server responded with a status of 400 () @ https://tzh-badminton.vercel.app/_next/image?url=%2Fimages%2Fshop%2Fgrips%2Fsuper-grap.jpg&w=384&q=75:0
[    1984ms] [ERROR] Failed to load resource: the server responded with a status of 400 () @ https://tzh-badminton.vercel.app/_next/image?url=%2Fimages%2Fshop%2Fbags%2Fyonex-92031.jpg&w=384&q=75:0
[    2014ms] [ERROR] Failed to load resource: the server responded with a status of 400 () @ https://tzh-badminton.vercel.app/_next/image?url=%2Fimages%2Fshop%2Fshuttlecocks%2Fas50.jpg&w=384&q=75:0
[    2678ms] [ERROR] Failed to load resource: the server responded with a status of 400 () @ https://tzh-badminton.vercel.app/_next/image?url=%2Fimages%2Fshop%2Frackets%2Fthruster-k9900.jpg&w=384&q=75:0
[    2683ms] [ERROR] Failed to load resource: the server responded with a status of 400 () @ https://tzh-badminton.vercel.app/_next/image?url=%2Fimages%2Fshop%2Faccessories%2Fbg65.jpg&w=384&q=75:0
[    2693ms] [ERROR] Failed to load resource: the server responded with a status of 400 () @ https://tzh-badminton.vercel.app/_next/image?url=%2Fimages%2Fshop%2Frackets%2Fastrox-99-pro.jpg&w=384&q=75:0
[    2701ms] [ERROR] Failed to load resource: the server responded with a status of 400 () @ https://tzh-badminton.vercel.app/_next/image?url=%2Fimages%2Fshop%2Fshoes%2Fpc65z3.jpg&w=384&q=75:0
[    2974ms] [ERROR] Failed to load resource: the server responded with a status of 400 () @ https://tzh-badminton.vercel.app/_next/image?url=%2Fimages%2Fshop%2Fpickleball%2Fhyperion.jpg&w=384&q=75:0
[    2974ms] [ERROR] Failed to load resource: the server responded with a status of 400 () @ https://tzh-badminton.vercel.app/_next/image?url=%2Fimages%2Fshop%2Fgrips%2Fsuper-grap.jpg&w=384&q=75:0
[    2974ms] [ERROR] Failed to load resource: the server responded with a status of 400 () @ https://tzh-badminton.vercel.app/_next/image?url=%2Fimages%2Fshop%2Fshuttlecocks%2Fas50.jpg&w=384&q=75:0
[    2974ms] [ERROR] Failed to load resource: the server responded with a status of 400 () @ https://tzh-badminton.vercel.app/_next/image?url=%2Fimages%2Fshop%2Fbags%2Fyonex-92031.jpg&w=384&q=75:0
[    2974ms] [ERROR] Failed to load resource: the server responded with a status of 400 () @ https://tzh-badminton.vercel.app/_next/image?url=%2Fimages%2Fshop%2Faccessories%2Fbg65.jpg&w=384&q=75:0
[    3000ms] [ERROR] Failed to load resource: the server responded with a status of 400 () @ https://tzh-badminton.vercel.app/_next/image?url=%2Fimages%2Fshop%2Frackets%2Fastrox-99-pro.jpg&w=384&q=75:0
[    3230ms] [ERROR] Failed to load resource: the server responded with a status of 400 () @ https://tzh-badminton.vercel.app/_next/image?url=%2Fimages%2Fshop%2Frackets%2Fthruster-k9900.jpg&w=384&q=75:0
[    3233ms] [ERROR] Failed to load resource: the server responded with a status of 400 () @ https://tzh-badminton.vercel.app/_next/image?url=%2Fimages%2Fshop%2Frackets%2Fastrox-99-pro.jpg&w=384&q=75:0
[    3534ms] [ERROR] Failed to load resource: the server responded with a status of 400 () @ https://tzh-badminton.vercel.app/_next/image?url=%2Fimages%2Fshop%2Fpickleball%2Fhyperion.jpg&w=384&q=75:0
[    3534ms] [ERROR] Failed to load resource: the server responded with a status of 400 () @ https://tzh-badminton.vercel.app/_next/image?url=%2Fimages%2Fshop%2Fshuttlecocks%2Fas50.jpg&w=384&q=75:0
[    3534ms] [ERROR] Failed to load resource: the server responded with a status of 400 () @ https://tzh-badminton.vercel.app/_next/image?url=%2Fimages%2Fshop%2Fbags%2Fyonex-92031.jpg&w=384&q=75:0
[    3534ms] [ERROR] Failed to load resource: the server responded with a status of 400 () @ https://tzh-badminton.vercel.app/_next/image?url=%2Fimages%2Fshop%2Faccessories%2Fbg65.jpg&w=384&q=75:0
[    3534ms] [ERROR] Failed to load resource: the server responded with a status of 400 () @ https://tzh-badminton.vercel.app/_next/image?url=%2Fimages%2Fshop%2Fgrips%2Fsuper-grap.jpg&w=384&q=75:0
[    3535ms] [ERROR] Failed to load resource: the server responded with a status of 400 () @ https://tzh-badminton.vercel.app/_next/image?url=%2Fimages%2Fshop%2Frackets%2Fastrox-99-pro.jpg&w=384&q=75:0
[    3537ms] [ERROR] Failed to load resource: the server responded with a status of 400 () @ https://tzh-badminton.vercel.app/_next/image?url=%2Fimages%2Fshop%2Frackets%2Fthruster-k9900.jpg&w=384&q=75:0
[    3542ms] [ERROR] Failed to load resource: the server responded with a status of 400 () @ https://tzh-badminton.vercel.app/_next/image?url=%2Fimages%2Fshop%2Fshoes%2Fpc65z3.jpg&w=384&q=75:0
[    3850ms] [ERROR] Failed to load resource: the server responded with a status of 400 () @ https://tzh-badminton.vercel.app/_next/image?url=%2Fimages%2Fshop%2Fbags%2Fyonex-92031.jpg&w=384&q=75:0
[    3853ms] [ERROR] Failed to load resource: the server responded with a status of 400 () @ https://tzh-badminton.vercel.app/_next/image?url=%2Fimages%2Fshop%2Frackets%2Fthruster-k9900.jpg&w=384&q=75:0
[    3863ms] [ERROR] Failed to load resource: the server responded with a status of 400 () @ https://tzh-badminton.vercel.app/_next/image?url=%2Fimages%2Fshop%2Faccessories%2Fbg65.jpg&w=384&q=75:0
[    3900ms] [ERROR] Failed to load resource: the server responded with a status of 400 () @ https://tzh-badminton.vercel.app/_next/image?url=%2Fimages%2Fshop%2Fshoes%2Fpc65z3.jpg&w=384&q=75:0
[    4132ms] [ERROR] Failed to load resource: the server responded with a status of 400 () @ https://tzh-badminton.vercel.app/_next/image?url=%2Fimages%2Fshop%2Fpickleball%2Fhyperion.jpg&w=384&q=75:0
[    4132ms] [ERROR] Failed to load resource: the server responded with a status of 400 () @ https://tzh-badminton.vercel.app/_next/image?url=%2Fimages%2Fshop%2Fgrips%2Fsuper-grap.jpg&w=384&q=75:0
[    4132ms] [ERROR] Failed to load resource: the server responded with a status of 400 () @ https://tzh-badminton.vercel.app/_next/image?url=%2Fimages%2Fshop%2Frackets%2Fastrox-99-pro.jpg&w=384&q=75:0
[    4132ms] [ERROR] Failed to load resource: the server responded with a status of 400 () @ https://tzh-badminton.vercel.app/_next/image?url=%2Fimages%2Fshop%2Fshuttlecocks%2Fas50.jpg&w=384&q=75:0
[    4133ms] [ERROR] Failed to load resource: the server responded with a status of 400 () @ https://tzh-badminton.vercel.app/_next/image?url=%2Fimages%2Fshop%2Fbags%2Fyonex-92031.jpg&w=384&q=75:0
[    4136ms] [ERROR] Failed to load resource: the server responded with a status of 400 () @ https://tzh-badminton.vercel.app/_next/image?url=%2Fimages%2Fshop%2Fshoes%2Fpc65z3.jpg&w=384&q=75:0
[    4140ms] [ERROR] Failed to load resource: the server responded with a status of 400 () @ https://tzh-badminton.vercel.app/_next/image?url=%2Fimages%2Fshop%2Frackets%2Fthruster-k9900.jpg&w=384&q=75:0
[    4419ms] [ERROR] Failed to load resource: the server responded with a status of 400 () @ https://tzh-badminton.vercel.app/_next/image?url=%2Fimages%2Fshop%2Fshoes%2Fpc65z3.jpg&w=384&q=75:0
[    4419ms] [ERROR] Failed to load resource: the server responded with a status of 400 () @ https://tzh-badminton.vercel.app/_next/image?url=%2Fimages%2Fshop%2Fbags%2Fyonex-92031.jpg&w=384&q=75:0
[    4421ms] [ERROR] Failed to load resource: the server responded with a status of 400 () @ https://tzh-badminton.vercel.app/_next/image?url=%2Fimages%2Fshop%2Fgrips%2Fsuper-grap.jpg&w=384&q=75:0
[    4425ms] [ERROR] Failed to load resource: the server responded with a status of 400 () @ https://tzh-badminton.vercel.app/_next/image?url=%2Fimages%2Fshop%2Frackets%2Fthruster-k9900.jpg&w=384&q=75:0
[    4425ms] [ERROR] Failed to load resource: the server responded with a status of 400 () @ https://tzh-badminton.vercel.app/_next/image?url=%2Fimages%2Fshop%2Faccessories%2Fbg65.jpg&w=384&q=75:0
[    4679ms] [ERROR] Failed to load resource: the server responded with a status of 400 () @ https://tzh-badminton.vercel.app/_next/image?url=%2Fimages%2Fshop%2Frackets%2Fastrox-99-pro.jpg&w=384&q=75:0
[    4679ms] [ERROR] Failed to load resource: the server responded with a status of 400 () @ https://tzh-badminton.vercel.app/_next/image?url=%2Fimages%2Fshop%2Fpickleball%2Fhyperion.jpg&w=384&q=75:0
[    4680ms] [ERROR] Failed to load resource: the server responded with a status of 400 () @ https://tzh-badminton.vercel.app/_next/image?url=%2Fimages%2Fshop%2Frackets%2Fthruster-k9900.jpg&w=384&q=75:0
[    4681ms] [ERROR] Failed to load resource: the server responded with a status of 400 () @ https://tzh-badminton.vercel.app/_next/image?url=%2Fimages%2Fshop%2Fshuttlecocks%2Fas50.jpg&w=384&q=75:0
[    4685ms] [ERROR] Failed to load resource: the server responded with a status of 400 () @ https://tzh-badminton.vercel.app/_next/image?url=%2Fimages%2Fshop%2Fshoes%2Fpc65z3.jpg&w=384&q=75:0
[    4703ms] [ERROR] Failed to load resource: the server responded with a status of 400 () @ https://tzh-badminton.vercel.app/_next/image?url=%2Fimages%2Fshop%2Fgrips%2Fsuper-grap.jpg&w=384&q=75:0
[    4965ms] [ERROR] Failed to load resource: the server responded with a status of 400 () @ https://tzh-badminton.vercel.app/_next/image?url=%2Fimages%2Fshop%2Fbags%2Fyonex-92031.jpg&w=384&q=75:0
[    4965ms] [ERROR] Failed to load resource: the server responded with a status of 400 () @ https://tzh-badminton.vercel.app/_next/image?url=%2Fimages%2Fshop%2Faccessories%2Fbg65.jpg&w=384&q=75:0
[    4965ms] [ERROR] Failed to load resource: the server responded with a status of 400 () @ https://tzh-badminton.vercel.app/_next/image?url=%2Fimages%2Fshop%2Frackets%2Fthruster-k9900.jpg&w=384&q=75:0
[    5256ms] [ERROR] Failed to load resource: the server responded with a status of 400 () @ https://tzh-badminton.vercel.app/_next/image?url=%2Fimages%2Fshop%2Fshuttlecocks%2Fas50.jpg&w=384&q=75:0
[    5256ms] [ERROR] Failed to load resource: the server responded with a status of 400 () @ https://tzh-badminton.vercel.app/_next/image?url=%2Fimages%2Fshop%2Fshoes%2Fpc65z3.jpg&w=384&q=75:0
[    5257ms] [ERROR] Failed to load resource: the server responded with a status of 400 () @ https://tzh-badminton.vercel.app/_next/image?url=%2Fimages%2Fshop%2Fgrips%2Fsuper-grap.jpg&w=384&q=75:0
[    5257ms] [ERROR] Failed to load resource: the server responded with a status of 400 () @ https://tzh-badminton.vercel.app/_next/image?url=%2Fimages%2Fshop%2Fpickleball%2Fhyperion.jpg&w=384&q=75:0
[    5257ms] [ERROR] Failed to load resource: the server responded with a status of 400 () @ https://tzh-badminton.vercel.app/_next/image?url=%2Fimages%2Fshop%2Frackets%2Fthruster-k9900.jpg&w=384&q=75:0
[    5257ms] [ERROR] Failed to load resource: the server responded with a status of 400 () @ https://tzh-badminton.vercel.app/_next/image?url=%2Fimages%2Fshop%2Frackets%2Fastrox-99-pro.jpg&w=384&q=75:0
[    5303ms] [ERROR] Failed to load resource: the server responded with a status of 400 () @ https://tzh-badminton.vercel.app/_next/image?url=%2Fimages%2Fshop%2Faccessories%2Fbg65.jpg&w=384&q=75:0
[    5541ms] [ERROR] Failed to load resource: the server responded with a status of 400 () @ https://tzh-badminton.vercel.app/_next/image?url=%2Fimages%2Fshop%2Fbags%2Fyonex-92031.jpg&w=384&q=75:0
[    5542ms] [ERROR] Failed to load resource: the server responded with a status of 400 () @ https://tzh-badminton.vercel.app/_next/image?url=%2Fimages%2Fshop%2Frackets%2Fthruster-k9900.jpg&w=384&q=75:0
[    5543ms] [ERROR] Failed to load resource: the server responded with a status of 400 () @ https://tzh-badminton.vercel.app/_next/image?url=%2Fimages%2Fshop%2Fshoes%2Fpc65z3.jpg&w=384&q=75:0
[    5545ms] [ERROR] Failed to load resource: the server responded with a status of 400 () @ https://tzh-badminton.vercel.app/_next/image?url=%2Fimages%2Fshop%2Faccessories%2Fbg65.jpg&w=384&q=75:0
[    5824ms] [ERROR] Failed to load resource: the server responded with a status of 400 () @ https://tzh-badminton.vercel.app/_next/image?url=%2Fimages%2Fshop%2Fshuttlecocks%2Fas50.jpg&w=384&q=75:0
[    5825ms] [ERROR] Failed to load resource: the server responded with a status of 400 () @ https://tzh-badminton.vercel.app/_next/image?url=%2Fimages%2Fshop%2Frackets%2Fastrox-99-pro.jpg&w=384&q=75:0
[    5825ms] [ERROR] Failed to load resource: the server responded with a status of 400 () @ https://tzh-badminton.vercel.app/_next/image?url=%2Fimages%2Fshop%2Fgrips%2Fsuper-grap.jpg&w=384&q=75:0
[    5827ms] [ERROR] Failed to load resource: the server responded with a status of 400 () @ https://tzh-badminton.vercel.app/_next/image?url=%2Fimages%2Fshop%2Faccessories%2Fbg65.jpg&w=384&q=75:0
[    5833ms] [ERROR] Failed to load resource: the server responded with a status of 400 () @ https://tzh-badminton.vercel.app/_next/image?url=%2Fimages%2Fshop%2Fpickleball%2Fhyperion.jpg&w=384&q=75:0
[    5833ms] [ERROR] Failed to load resource: the server responded with a status of 400 () @ https://tzh-badminton.vercel.app/_next/image?url=%2Fimages%2Fshop%2Frackets%2Fthruster-k9900.jpg&w=384&q=75:0
[    6110ms] [ERROR] Failed to load resource: the server responded with a status of 400 () @ https://tzh-badminton.vercel.app/_next/image?url=%2Fimages%2Fshop%2Fshoes%2Fpc65z3.jpg&w=384&q=75:0
[    6110ms] [ERROR] Failed to load resource: the server responded with a status of 400 () @ https://tzh-badminton.vercel.app/_next/image?url=%2Fimages%2Fshop%2Fbags%2Fyonex-92031.jpg&w=384&q=75:0
[    6117ms] [ERROR] Failed to load resource: the server responded with a status of 400 () @ https://tzh-badminton.vercel.app/_next/image?url=%2Fimages%2Fshop%2Frackets%2Fthruster-k9900.jpg&w=384&q=75:0
[    6117ms] [ERROR] Failed to load resource: the server responded with a status of 400 () @ https://tzh-badminton.vercel.app/_next/image?url=%2Fimages%2Fshop%2Fshuttlecocks%2Fas50.jpg&w=384&q=75:0
[    6403ms] [ERROR] Failed to load resource: the server responded with a status of 400 () @ https://tzh-badminton.vercel.app/_next/image?url=%2Fimages%2Fshop%2Faccessories%2Fbg65.jpg&w=384&q=75:0
[    6403ms] [ERROR] Failed to load resource: the server responded with a status of 400 () @ https://tzh-badminton.vercel.app/_next/image?url=%2Fimages%2Fshop%2Fshuttlecocks%2Fas50.jpg&w=384&q=75:0
[    6405ms] [ERROR] Failed to load resource: the server responded with a status of 400 () @ https://tzh-badminton.vercel.app/_next/image?url=%2Fimages%2Fshop%2Fpickleball%2Fhyperion.jpg&w=384&q=75:0
[    6409ms] [ERROR] Failed to load resource: the server responded with a status of 400 () @ https://tzh-badminton.vercel.app/_next/image?url=%2Fimages%2Fshop%2Fgrips%2Fsuper-grap.jpg&w=384&q=75:0
[    6419ms] [ERROR] Failed to load resource: the server responded with a status of 400 () @ https://tzh-badminton.vercel.app/_next/image?url=%2Fimages%2Fshop%2Frackets%2Fastrox-99-pro.jpg&w=384&q=75:0
[    6694ms] [ERROR] Failed to load resource: the server responded with a status of 400 () @ https://tzh-badminton.vercel.app/_next/image?url=%2Fimages%2Fshop%2Fshoes%2Fpc65z3.jpg&w=384&q=75:0
[    6694ms] [ERROR] Failed to load resource: the server responded with a status of 400 () @ https://tzh-badminton.vercel.app/_next/image?url=%2Fimages%2Fshop%2Fbags%2Fyonex-92031.jpg&w=384&q=75:0
[    6694ms] [ERROR] Failed to load resource: the server responded with a status of 400 () @ https://tzh-badminton.vercel.app/_next/image?url=%2Fimages%2Fshop%2Frackets%2Fthruster-k9900.jpg&w=384&q=75:0
[    6696ms] [ERROR] Failed to load resource: the server responded with a status of 400 () @ https://tzh-badminton.vercel.app/_next/image?url=%2Fimages%2Fshop%2Faccessories%2Fbg65.jpg&w=384&q=75:0
[    6704ms] [ERROR] Failed to load resource: the server responded with a status of 400 () @ https://tzh-badminton.vercel.app/_next/image?url=%2Fimages%2Fshop%2Fshuttlecocks%2Fas50.jpg&w=384&q=75:0
[    7439ms] [ERROR] Failed to load resource: the server responded with a status of 400 () @ https://tzh-badminton.vercel.app/_next/image?url=%2Fimages%2Fshop%2Fpickleball%2Fhyperion.jpg&w=384&q=75:0
[    7439ms] [ERROR] Failed to load resource: the server responded with a status of 400 () @ https://tzh-badminton.vercel.app/_next/image?url=%2Fimages%2Fshop%2Frackets%2Fastrox-99-pro.jpg&w=384&q=75:0
[    7439ms] [ERROR] Failed to load resource: the server responded with a status of 400 () @ https://tzh-badminton.vercel.app/_next/image?url=%2Fimages%2Fshop%2Frackets%2Fthruster-k9900.jpg&w=384&q=75:0
[    7443ms] [ERROR] Failed to load resource: the server responded with a status of 400 () @ https://tzh-badminton.vercel.app/_next/image?url=%2Fimages%2Fshop%2Fbags%2Fyonex-92031.jpg&w=384&q=75:0
[    7449ms] [ERROR] Failed to load resource: the server responded with a status of 400 () @ https://tzh-badminton.vercel.app/_next/image?url=%2Fimages%2Fshop%2Faccessories%2Fbg65.jpg&w=384&q=75:0
[    7449ms] [ERROR] Failed to load resource: the server responded with a status of 400 () @ https://tzh-badminton.vercel.app/_next/image?url=%2Fimages%2Fshop%2Fgrips%2Fsuper-grap.jpg&w=384&q=75:0
[    7742ms] [ERROR] Failed to load resource: the server responded with a status of 400 () @ https://tzh-badminton.vercel.app/_next/image?url=%2Fimages%2Fshop%2Fshuttlecocks%2Fas50.jpg&w=384&q=75:0
[    7743ms] [ERROR] Failed to load resource: the server responded with a status of 400 () @ https://tzh-badminton.vercel.app/_next/image?url=%2Fimages%2Fshop%2Fshoes%2Fpc65z3.jpg&w=384&q=75:0
[    7743ms] [ERROR] Failed to load resource: the server responded with a status of 400 () @ https://tzh-badminton.vercel.app/_next/image?url=%2Fimages%2Fshop%2Fgrips%2Fsuper-grap.jpg&w=384&q=75:0
[    7745ms] [ERROR] Failed to load resource: the server responded with a status of 400 () @ https://tzh-badminton.vercel.app/_next/image?url=%2Fimages%2Fshop%2Fbags%2Fyonex-92031.jpg&w=384&q=75:0
[    7745ms] [ERROR] Failed to load resource: the server responded with a status of 400 () @ https://tzh-badminton.vercel.app/_next/image?url=%2Fimages%2Fshop%2Frackets%2Fthruster-k9900.jpg&w=384&q=75:0
[    8168ms] [ERROR] Failed to load resource: the server responded with a status of 400 () @ https://tzh-badminton.vercel.app/_next/image?url=%2Fimages%2Fshop%2Fpickleball%2Fhyperion.jpg&w=384&q=75:0
[    8168ms] [ERROR] Failed to load resource: the server responded with a status of 400 () @ https://tzh-badminton.vercel.app/_next/image?url=%2Fimages%2Fshop%2Faccessories%2Fbg65.jpg&w=384&q=75:0
[    8168ms] [ERROR] Failed to load resource: the server responded with a status of 400 () @ https://tzh-badminton.vercel.app/_next/image?url=%2Fimages%2Fshop%2Fshoes%2Fpc65z3.jpg&w=384&q=75:0
[    8168ms] [ERROR] Failed to load resource: the server responded with a status of 400 () @ https://tzh-badminton.vercel.app/_next/image?url=%2Fimages%2Fshop%2Frackets%2Fastrox-99-pro.jpg&w=384&q=75:0
[    8168ms] [ERROR] Failed to load resource: the server responded with a status of 400 () @ https://tzh-badminton.vercel.app/_next/image?url=%2Fimages%2Fshop%2Fshuttlecocks%2Fas50.jpg&w=384&q=75:0
[    8374ms] [ERROR] Failed to load resource: the server responded with a status of 400 () @ https://tzh-badminton.vercel.app/_next/image?url=%2Fimages%2Fshop%2Fgrips%2Fsuper-grap.jpg&w=384&q=75:0
[    8376ms] [ERROR] Failed to load resource: the server responded with a status of 400 () @ https://tzh-badminton.vercel.app/_next/image?url=%2Fimages%2Fshop%2Frackets%2Fthruster-k9900.jpg&w=384&q=75:0
[    8376ms] [ERROR] Failed to load resource: the server responded with a status of 400 () @ https://tzh-badminton.vercel.app/_next/image?url=%2Fimages%2Fshop%2Fbags%2Fyonex-92031.jpg&w=384&q=75:0
[    8378ms] [ERROR] Failed to load resource: the server responded with a status of 400 () @ https://tzh-badminton.vercel.app/_next/image?url=%2Fimages%2Fshop%2Fshoes%2Fpc65z3.jpg&w=384&q=75:0
[    8413ms] [ERROR] Failed to load resource: the server responded with a status of 400 () @ https://tzh-badminton.vercel.app/_next/image?url=%2Fimages%2Fshop%2Fshuttlecocks%2Fas50.jpg&w=384&q=75:0
[    8417ms] [ERROR] Failed to load resource: the server responded with a status of 400 () @ https://tzh-badminton.vercel.app/_next/image?url=%2Fimages%2Fshop%2Fpickleball%2Fhyperion.jpg&w=384&q=75:0
[    8692ms] [ERROR] Failed to load resource: the server responded with a status of 400 () @ https://tzh-badminton.vercel.app/_next/image?url=%2Fimages%2Fshop%2Fshuttlecocks%2Fas50.jpg&w=384&q=75:0
[    8704ms] [ERROR] Failed to load resource: the server responded with a status of 400 () @ https://tzh-badminton.vercel.app/_next/image?url=%2Fimages%2Fshop%2Frackets%2Fastrox-99-pro.jpg&w=384&q=75:0
[    8959ms] [ERROR] Failed to load resource: the server responded with a status of 400 () @ https://tzh-badminton.vercel.app/_next/image?url=%2Fimages%2Fshop%2Frackets%2Fthruster-k9900.jpg&w=384&q=75:0
[    8979ms] [ERROR] Failed to load resource: the server responded with a status of 400 () @ https://tzh-badminton.vercel.app/_next/image?url=%2Fimages%2Fshop%2Faccessories%2Fbg65.jpg&w=384&q=75:0
[    8979ms] [ERROR] Failed to load resource: the server responded with a status of 400 () @ https://tzh-badminton.vercel.app/_next/image?url=%2Fimages%2Fshop%2Fbags%2Fyonex-92031.jpg&w=384&q=75:0
[    8979ms] [ERROR] Failed to load resource: the server responded with a status of 400 () @ https://tzh-badminton.vercel.app/_next/image?url=%2Fimages%2Fshop%2Fgrips%2Fsuper-grap.jpg&w=384&q=75:0
[    8979ms] [ERROR] Failed to load resource: the server responded with a status of 400 () @ https://tzh-badminton.vercel.app/_next/image?url=%2Fimages%2Fshop%2Fshoes%2Fpc65z3.jpg&w=384&q=75:0
[    8984ms] [ERROR] Failed to load resource: the server responded with a status of 400 () @ https://tzh-badminton.vercel.app/_next/image?url=%2Fimages%2Fshop%2Fpickleball%2Fhyperion.jpg&w=384&q=75:0
[    8984ms] [ERROR] Failed to load resource: the server responded with a status of 400 () @ https://tzh-badminton.vercel.app/_next/image?url=%2Fimages%2Fshop%2Frackets%2Fastrox-99-pro.jpg&w=384&q=75:0
[    8984ms] [ERROR] Failed to load resource: the server responded with a status of 400 () @ https://tzh-badminton.vercel.app/_next/image?url=%2Fimages%2Fshop%2Fshuttlecocks%2Fas50.jpg&w=384&q=75:0
[    9249ms] [ERROR] Failed to load resource: the server responded with a status of 400 () @ https://tzh-badminton.vercel.app/_next/image?url=%2Fimages%2Fshop%2Fgrips%2Fsuper-grap.jpg&w=384&q=75:0
[    9251ms] [ERROR] Failed to load resource: the server responded with a status of 400 () @ https://tzh-badminton.vercel.app/_next/image?url=%2Fimages%2Fshop%2Fshoes%2Fpc65z3.jpg&w=384&q=75:0
[    9251ms] [ERROR] Failed to load resource: the server responded with a status of 400 () @ https://tzh-badminton.vercel.app/_next/image?url=%2Fimages%2Fshop%2Fshuttlecocks%2Fas50.jpg&w=384&q=75:0
[    9533ms] [ERROR] Failed to load resource: the server responded with a status of 400 () @ https://tzh-badminton.vercel.app/_next/image?url=%2Fimages%2Fshop%2Fpickleball%2Fhyperion.jpg&w=384&q=75:0
[    9533ms] [ERROR] Failed to load resource: the server responded with a status of 400 () @ https://tzh-badminton.vercel.app/_next/image?url=%2Fimages%2Fshop%2Frackets%2Fastrox-99-pro.jpg&w=384&q=75:0
[    9533ms] [ERROR] Failed to load resource: the server responded with a status of 400 () @ https://tzh-badminton.vercel.app/_next/image?url=%2Fimages%2Fshop%2Frackets%2Fthruster-k9900.jpg&w=384&q=75:0
[    9533ms] [ERROR] Failed to load resource: the server responded with a status of 400 () @ https://tzh-badminton.vercel.app/_next/image?url=%2Fimages%2Fshop%2Faccessories%2Fbg65.jpg&w=384&q=75:0
[    9533ms] [ERROR] Failed to load resource: the server responded with a status of 400 () @ https://tzh-badminton.vercel.app/_next/image?url=%2Fimages%2Fshop%2Fbags%2Fyonex-92031.jpg&w=384&q=75:0
[    9533ms] [ERROR] Failed to load resource: the server responded with a status of 400 () @ https://tzh-badminton.vercel.app/_next/image?url=%2Fimages%2Fshop%2Fgrips%2Fsuper-grap.jpg&w=384&q=75:0
[    9540ms] [ERROR] Failed to load resource: the server responded with a status of 400 () @ https://tzh-badminton.vercel.app/_next/image?url=%2Fimages%2Fshop%2Fshuttlecocks%2Fas50.jpg&w=384&q=75:0
[    9819ms] [ERROR] Failed to load resource: the server responded with a status of 400 () @ https://tzh-badminton.vercel.app/_next/image?url=%2Fimages%2Fshop%2Fshoes%2Fpc65z3.jpg&w=384&q=75:0
[    9821ms] [ERROR] Failed to load resource: the server responded with a status of 400 () @ https://tzh-badminton.vercel.app/_next/image?url=%2Fimages%2Fshop%2Frackets%2Fastrox-99-pro.jpg&w=384&q=75:0
[    9834ms] [ERROR] Failed to load resource: the server responded with a status of 400 () @ https://tzh-badminton.vercel.app/_next/image?url=%2Fimages%2Fshop%2Frackets%2Fthruster-k9900.jpg&w=384&q=75:0
[   10097ms] [ERROR] Failed to load resource: the server responded with a status of 400 () @ https://tzh-badminton.vercel.app/_next/image?url=%2Fimages%2Fshop%2Fgrips%2Fsuper-grap.jpg&w=384&q=75:0
[   10097ms] [ERROR] Failed to load resource: the server responded with a status of 400 () @ https://tzh-badminton.vercel.app/_next/image?url=%2Fimages%2Fshop%2Fbags%2Fyonex-92031.jpg&w=384&q=75:0
[   10097ms] [ERROR] Failed to load resource: the server responded with a status of 400 () @ https://tzh-badminton.vercel.app/_next/image?url=%2Fimages%2Fshop%2Fshuttlecocks%2Fas50.jpg&w=384&q=75:0
[   10097ms] [ERROR] Failed to load resource: the server responded with a status of 400 () @ https://tzh-badminton.vercel.app/_next/image?url=%2Fimages%2Fshop%2Fpickleball%2Fhyperion.jpg&w=384&q=75:0
[   10097ms] [ERROR] Failed to load resource: the server responded with a status of 400 () @ https://tzh-badminton.vercel.app/_next/image?url=%2Fimages%2Fshop%2Fshoes%2Fpc65z3.jpg&w=384&q=75:0
[   10097ms] [ERROR] Failed to load resource: the server responded with a status of 400 () @ https://tzh-badminton.vercel.app/_next/image?url=%2Fimages%2Fshop%2Faccessories%2Fbg65.jpg&w=384&q=75:0
[   10792ms] [ERROR] Failed to load resource: the server responded with a status of 400 () @ https://tzh-badminton.vercel.app/_next/image?url=%2Fimages%2Fshop%2Frackets%2Fastrox-99-pro.jpg&w=384&q=75:0
[   10795ms] [ERROR] Failed to load resource: the server responded with a status of 400 () @ https://tzh-badminton.vercel.app/_next/image?url=%2Fimages%2Fshop%2Fshuttlecocks%2Fas50.jpg&w=384&q=75:0
[   10805ms] [ERROR] Failed to load resource: the server responded with a status of 400 () @ https://tzh-badminton.vercel.app/_next/image?url=%2Fimages%2Fshop%2Frackets%2Fthruster-k9900.jpg&w=384&q=75:0
[   11079ms] [ERROR] Failed to load resource: the server responded with a status of 400 () @ https://tzh-badminton.vercel.app/_next/image?url=%2Fimages%2Fshop%2Faccessories%2Fbg65.jpg&w=384&q=75:0
[   11080ms] [ERROR] Failed to load resource: the server responded with a status of 400 () @ https://tzh-badminton.vercel.app/_next/image?url=%2Fimages%2Fshop%2Fgrips%2Fsuper-grap.jpg&w=384&q=75:0
[   11080ms] [ERROR] Failed to load resource: the server responded with a status of 400 () @ https://tzh-badminton.vercel.app/_next/image?url=%2Fimages%2Fshop%2Fbags%2Fyonex-92031.jpg&w=384&q=75:0
[   11082ms] [ERROR] Failed to load resource: the server responded with a status of 400 () @ https://tzh-badminton.vercel.app/_next/image?url=%2Fimages%2Fshop%2Frackets%2Fthruster-k9900.jpg&w=384&q=75:0
[   11082ms] [ERROR] Failed to load resource: the server responded with a status of 400 () @ https://tzh-badminton.vercel.app/_next/image?url=%2Fimages%2Fshop%2Fpickleball%2Fhyperion.jpg&w=384&q=75:0
[   11082ms] [ERROR] Failed to load resource: the server responded with a status of 400 () @ https://tzh-badminton.vercel.app/_next/image?url=%2Fimages%2Fshop%2Fshoes%2Fpc65z3.jpg&w=384&q=75:0
[   11083ms] [ERROR] Failed to load resource: the server responded with a status of 400 () @ https://tzh-badminton.vercel.app/_next/image?url=%2Fimages%2Fshop%2Fshuttlecocks%2Fas50.jpg&w=384&q=75:0
[   11363ms] [ERROR] Failed to load resource: the server responded with a status of 400 () @ https://tzh-badminton.vercel.app/_next/image?url=%2Fimages%2Fshop%2Frackets%2Fastrox-99-pro.jpg&w=384&q=75:0
[   11373ms] [ERROR] Failed to load resource: the server responded with a status of 400 () @ https://tzh-badminton.vercel.app/_next/image?url=%2Fimages%2Fshop%2Fbags%2Fyonex-92031.jpg&w=384&q=75:0
[   11670ms] [ERROR] Failed to load resource: the server responded with a status of 400 () @ https://tzh-badminton.vercel.app/_next/image?url=%2Fimages%2Fshop%2Fshoes%2Fpc65z3.jpg&w=384&q=75:0
[   11670ms] [ERROR] Failed to load resource: the server responded with a status of 400 () @ https://tzh-badminton.vercel.app/_next/image?url=%2Fimages%2Fshop%2Frackets%2Fthruster-k9900.jpg&w=384&q=75:0
[   11670ms] [ERROR] Failed to load resource: the server responded with a status of 400 () @ https://tzh-badminton.vercel.app/_next/image?url=%2Fimages%2Fshop%2Fgrips%2Fsuper-grap.jpg&w=384&q=75:0
[   11670ms] [ERROR] Failed to load resource: the server responded with a status of 400 () @ https://tzh-badminton.vercel.app/_next/image?url=%2Fimages%2Fshop%2Faccessories%2Fbg65.jpg&w=384&q=75:0
[   11670ms] [ERROR] Failed to load resource: the server responded with a status of 400 () @ https://tzh-badminton.vercel.app/_next/image?url=%2Fimages%2Fshop%2Fshuttlecocks%2Fas50.jpg&w=384&q=75:0
[   11670ms] [ERROR] Failed to load resource: the server responded with a status of 400 () @ https://tzh-badminton.vercel.app/_next/image?url=%2Fimages%2Fshop%2Frackets%2Fastrox-99-pro.jpg&w=384&q=75:0
[   11671ms] [ERROR] Failed to load resource: the server responded with a status of 400 () @ https://tzh-badminton.vercel.app/_next/image?url=%2Fimages%2Fshop%2Fpickleball%2Fhyperion.jpg&w=384&q=75:0
[   11964ms] [ERROR] Failed to load resource: the server responded with a status of 400 () @ https://tzh-badminton.vercel.app/_next/image?url=%2Fimages%2Fshop%2Fbags%2Fyonex-92031.jpg&w=384&q=75:0
[   11967ms] [ERROR] Failed to load resource: the server responded with a status of 400 () @ https://tzh-badminton.vercel.app/_next/image?url=%2Fimages%2Fshop%2Faccessories%2Fbg65.jpg&w=384&q=75:0
[   11967ms] [ERROR] Failed to load resource: the server responded with a status of 400 () @ https://tzh-badminton.vercel.app/_next/image?url=%2Fimages%2Fshop%2Frackets%2Fthruster-k9900.jpg&w=384&q=75:0
[   11974ms] [ERROR] Failed to load resource: the server responded with a status of 400 () @ https://tzh-badminton.vercel.app/_next/image?url=%2Fimages%2Fshop%2Fshoes%2Fpc65z3.jpg&w=384&q=75:0
[   11976ms] [ERROR] Failed to load resource: the server responded with a status of 400 () @ https://tzh-badminton.vercel.app/_next/image?url=%2Fimages%2Fshop%2Fshuttlecocks%2Fas50.jpg&w=384&q=75:0
[   12011ms] [ERROR] Failed to load resource: the server responded with a status of 400 () @ https://tzh-badminton.vercel.app/_next/image?url=%2Fimages%2Fshop%2Fpickleball%2Fhyperion.jpg&w=384&q=75:0
[   12254ms] [ERROR] Failed to load resource: the server responded with a status of 400 () @ https://tzh-badminton.vercel.app/_next/image?url=%2Fimages%2Fshop%2Frackets%2Fastrox-99-pro.jpg&w=384&q=75:0
[   12257ms] [ERROR] Failed to load resource: the server responded with a status of 400 () @ https://tzh-badminton.vercel.app/_next/image?url=%2Fimages%2Fshop%2Fgrips%2Fsuper-grap.jpg&w=384&q=75:0
[   12257ms] [ERROR] Failed to load resource: the server responded with a status of 400 () @ https://tzh-badminton.vercel.app/_next/image?url=%2Fimages%2Fshop%2Fbags%2Fyonex-92031.jpg&w=384&q=75:0
[   12257ms] [ERROR] Failed to load resource: the server responded with a status of 400 () @ https://tzh-badminton.vercel.app/_next/image?url=%2Fimages%2Fshop%2Fshoes%2Fpc65z3.jpg&w=384&q=75:0
[   12260ms] [ERROR] Failed to load resource: the server responded with a status of 400 () @ https://tzh-badminton.vercel.app/_next/image?url=%2Fimages%2Fshop%2Faccessories%2Fbg65.jpg&w=384&q=75:0
[   12531ms] [ERROR] Failed to load resource: the server responded with a status of 400 () @ https://tzh-badminton.vercel.app/_next/image?url=%2Fimages%2Fshop%2Frackets%2Fthruster-k9900.jpg&w=384&q=75:0
[   12531ms] [ERROR] Failed to load resource: the server responded with a status of 400 () @ https://tzh-badminton.vercel.app/_next/image?url=%2Fimages%2Fshop%2Fshuttlecocks%2Fas50.jpg&w=384&q=75:0
[   12531ms] [ERROR] Failed to load resource: the server responded with a status of 400 () @ https://tzh-badminton.vercel.app/_next/image?url=%2Fimages%2Fshop%2Fgrips%2Fsuper-grap.jpg&w=384&q=75:0
[   12532ms] [ERROR] Failed to load resource: the server responded with a status of 400 () @ https://tzh-badminton.vercel.app/_next/image?url=%2Fimages%2Fshop%2Fpickleball%2Fhyperion.jpg&w=384&q=75:0
[   12533ms] [ERROR] Failed to load resource: the server responded with a status of 400 () @ https://tzh-badminton.vercel.app/_next/image?url=%2Fimages%2Fshop%2Frackets%2Fastrox-99-pro.jpg&w=384&q=75:0
[   12533ms] [ERROR] Failed to load resource: the server responded with a status of 400 () @ https://tzh-badminton.vercel.app/_next/image?url=%2Fimages%2Fshop%2Faccessories%2Fbg65.jpg&w=384&q=75:0
[   12819ms] [ERROR] Failed to load resource: the server responded with a status of 400 () @ https://tzh-badminton.vercel.app/_next/image?url=%2Fimages%2Fshop%2Fbags%2Fyonex-92031.jpg&w=384&q=75:0
[   12819ms] [ERROR] Failed to load resource: the server responded with a status of 400 () @ https://tzh-badminton.vercel.app/_next/image?url=%2Fimages%2Fshop%2Fshoes%2Fpc65z3.jpg&w=384&q=75:0
[   12824ms] [ERROR] Failed to load resource: the server responded with a status of 400 () @ https://tzh-badminton.vercel.app/_next/image?url=%2Fimages%2Fshop%2Faccessories%2Fbg65.jpg&w=384&q=75:0
[   12824ms] [ERROR] Failed to load resource: the server responded with a status of 400 () @ https://tzh-badminton.vercel.app/_next/image?url=%2Fimages%2Fshop%2Frackets%2Fastrox-99-pro.jpg&w=384&q=75:0
[   12838ms] [ERROR] Failed to load resource: the server responded with a status of 400 () @ https://tzh-badminton.vercel.app/_next/image?url=%2Fimages%2Fshop%2Frackets%2Fthruster-k9900.jpg&w=384&q=75:0
[   13107ms] [ERROR] Failed to load resource: the server responded with a status of 400 () @ https://tzh-badminton.vercel.app/_next/image?url=%2Fimages%2Fshop%2Fgrips%2Fsuper-grap.jpg&w=384&q=75:0
[   13108ms] [ERROR] Failed to load resource: the server responded with a status of 400 () @ https://tzh-badminton.vercel.app/_next/image?url=%2Fimages%2Fshop%2Fshuttlecocks%2Fas50.jpg&w=384&q=75:0
[   13108ms] [ERROR] Failed to load resource: the server responded with a status of 400 () @ https://tzh-badminton.vercel.app/_next/image?url=%2Fimages%2Fshop%2Fpickleball%2Fhyperion.jpg&w=384&q=75:0
[   13108ms] [ERROR] Failed to load resource: the server responded with a status of 400 () @ https://tzh-badminton.vercel.app/_next/image?url=%2Fimages%2Fshop%2Frackets%2Fthruster-k9900.jpg&w=384&q=75:0
[   13109ms] [ERROR] Failed to load resource: the server responded with a status of 400 () @ https://tzh-badminton.vercel.app/_next/image?url=%2Fimages%2Fshop%2Faccessories%2Fbg65.jpg&w=384&q=75:0
[   13368ms] [ERROR] Failed to load resource: the server responded with a status of 400 () @ https://tzh-badminton.vercel.app/_next/image?url=%2Fimages%2Fshop%2Frackets%2Fastrox-99-pro.jpg&w=384&q=75:0
[   13368ms] [ERROR] Failed to load resource: the server responded with a status of 400 () @ https://tzh-badminton.vercel.app/_next/image?url=%2Fimages%2Fshop%2Fshoes%2Fpc65z3.jpg&w=384&q=75:0
[   13368ms] [ERROR] Failed to load resource: the server responded with a status of 400 () @ https://tzh-badminton.vercel.app/_next/image?url=%2Fimages%2Fshop%2Fbags%2Fyonex-92031.jpg&w=384&q=75:0
[   13368ms] [ERROR] Failed to load resource: the server responded with a status of 400 () @ https://tzh-badminton.vercel.app/_next/image?url=%2Fimages%2Fshop%2Faccessories%2Fbg65.jpg&w=384&q=75:0
[   13370ms] [ERROR] Failed to load resource: the server responded with a status of 400 () @ https://tzh-badminton.vercel.app/_next/image?url=%2Fimages%2Fshop%2Fshuttlecocks%2Fas50.jpg&w=384&q=75:0
[   13682ms] [ERROR] Failed to load resource: the server responded with a status of 400 () @ https://tzh-badminton.vercel.app/_next/image?url=%2Fimages%2Fshop%2Fpickleball%2Fhyperion.jpg&w=384&q=75:0
[   13682ms] [ERROR] Failed to load resource: the server responded with a status of 400 () @ https://tzh-badminton.vercel.app/_next/image?url=%2Fimages%2Fshop%2Frackets%2Fthruster-k9900.jpg&w=384&q=75:0
[   13682ms] [ERROR] Failed to load resource: the server responded with a status of 400 () @ https://tzh-badminton.vercel.app/_next/image?url=%2Fimages%2Fshop%2Fgrips%2Fsuper-grap.jpg&w=384&q=75:0
[   13974ms] [ERROR] Failed to load resource: the server responded with a status of 400 () @ https://tzh-badminton.vercel.app/_next/image?url=%2Fimages%2Fshop%2Fpickleball%2Fhyperion.jpg&w=384&q=75:0
[   13975ms] [ERROR] Failed to load resource: the server responded with a status of 400 () @ https://tzh-badminton.vercel.app/_next/image?url=%2Fimages%2Fshop%2Faccessories%2Fbg65.jpg&w=384&q=75:0
[   13975ms] [ERROR] Failed to load resource: the server responded with a status of 400 () @ https://tzh-badminton.vercel.app/_next/image?url=%2Fimages%2Fshop%2Fgrips%2Fsuper-grap.jpg&w=384&q=75:0
[   13977ms] [ERROR] Failed to load resource: the server responded with a status of 400 () @ https://tzh-badminton.vercel.app/_next/image?url=%2Fimages%2Fshop%2Fshuttlecocks%2Fas50.jpg&w=384&q=75:0
[   14219ms] [ERROR] Failed to load resource: the server responded with a status of 400 () @ https://tzh-badminton.vercel.app/_next/image?url=%2Fimages%2Fshop%2Frackets%2Fthruster-k9900.jpg&w=384&q=75:0
[   14219ms] [ERROR] Failed to load resource: the server responded with a status of 400 () @ https://tzh-badminton.vercel.app/_next/image?url=%2Fimages%2Fshop%2Frackets%2Fastrox-99-pro.jpg&w=384&q=75:0
[   14219ms] [ERROR] Failed to load resource: the server responded with a status of 400 () @ https://tzh-badminton.vercel.app/_next/image?url=%2Fimages%2Fshop%2Fgrips%2Fsuper-grap.jpg&w=384&q=75:0
[   14220ms] [ERROR] Failed to load resource: the server responded with a status of 400 () @ https://tzh-badminton.vercel.app/_next/image?url=%2Fimages%2Fshop%2Fpickleball%2Fhyperion.jpg&w=384&q=75:0
[   14223ms] [ERROR] Failed to load resource: the server responded with a status of 400 () @ https://tzh-badminton.vercel.app/_next/image?url=%2Fimages%2Fshop%2Faccessories%2Fbg65.jpg&w=384&q=75:0
[   14226ms] [ERROR] Failed to load resource: the server responded with a status of 400 () @ https://tzh-badminton.vercel.app/_next/image?url=%2Fimages%2Fshop%2Fshuttlecocks%2Fas50.jpg&w=384&q=75:0
[   14512ms] [ERROR] Failed to load resource: the server responded with a status of 400 () @ https://tzh-badminton.vercel.app/_next/image?url=%2Fimages%2Fshop%2Fbags%2Fyonex-92031.jpg&w=384&q=75:0
[   14512ms] [ERROR] Failed to load resource: the server responded with a status of 400 () @ https://tzh-badminton.vercel.app/_next/image?url=%2Fimages%2Fshop%2Fshoes%2Fpc65z3.jpg&w=384&q=75:0
[   14512ms] [ERROR] Failed to load resource: the server responded with a status of 400 () @ https://tzh-badminton.vercel.app/_next/image?url=%2Fimages%2Fshop%2Fshuttlecocks%2Fas50.jpg&w=384&q=75:0
[   14512ms] [ERROR] Failed to load resource: the server responded with a status of 400 () @ https://tzh-badminton.vercel.app/_next/image?url=%2Fimages%2Fshop%2Faccessories%2Fbg65.jpg&w=384&q=75:0
[   14518ms] [ERROR] Failed to load resource: the server responded with a status of 400 () @ https://tzh-badminton.vercel.app/_next/image?url=%2Fimages%2Fshop%2Frackets%2Fthruster-k9900.jpg&w=384&q=75:0
[   14802ms] [ERROR] Failed to load resource: the server responded with a status of 400 () @ https://tzh-badminton.vercel.app/_next/image?url=%2Fimages%2Fshop%2Frackets%2Fastrox-99-pro.jpg&w=384&q=75:0
[   14802ms] [ERROR] Failed to load resource: the server responded with a status of 400 () @ https://tzh-badminton.vercel.app/_next/image?url=%2Fimages%2Fshop%2Fgrips%2Fsuper-grap.jpg&w=384&q=75:0
[   14803ms] [ERROR] Failed to load resource: the server responded with a status of 400 () @ https://tzh-badminton.vercel.app/_next/image?url=%2Fimages%2Fshop%2Fbags%2Fyonex-92031.jpg&w=384&q=75:0
[   14806ms] [ERROR] Failed to load resource: the server responded with a status of 400 () @ https://tzh-badminton.vercel.app/_next/image?url=%2Fimages%2Fshop%2Fpickleball%2Fhyperion.jpg&w=384&q=75:0
[   14811ms] [ERROR] Failed to load resource: the server responded with a status of 400 () @ https://tzh-badminton.vercel.app/_next/image?url=%2Fimages%2Fshop%2Faccessories%2Fbg65.jpg&w=384&q=75:0
[   14811ms] [ERROR] Failed to load resource: the server responded with a status of 400 () @ https://tzh-badminton.vercel.app/_next/image?url=%2Fimages%2Fshop%2Frackets%2Fthruster-k9900.jpg&w=384&q=75:0
[   15088ms] [ERROR] Failed to load resource: the server responded with a status of 400 () @ https://tzh-badminton.vercel.app/_next/image?url=%2Fimages%2Fshop%2Fshuttlecocks%2Fas50.jpg&w=384&q=75:0
[   15090ms] [ERROR] Failed to load resource: the server responded with a status of 400 () @ https://tzh-badminton.vercel.app/_next/image?url=%2Fimages%2Fshop%2Fgrips%2Fsuper-grap.jpg&w=384&q=75:0
[   15090ms] [ERROR] Failed to load resource: the server responded with a status of 400 () @ https://tzh-badminton.vercel.app/_next/image?url=%2Fimages%2Fshop%2Fshoes%2Fpc65z3.jpg&w=384&q=75:0
[   15092ms] [ERROR] Failed to load resource: the server responded with a status of 400 () @ https://tzh-badminton.vercel.app/_next/image?url=%2Fimages%2Fshop%2Frackets%2Fthruster-k9900.jpg&w=384&q=75:0
[   15368ms] [ERROR] Failed to load resource: the server responded with a status of 400 () @ https://tzh-badminton.vercel.app/_next/image?url=%2Fimages%2Fshop%2Frackets%2Fastrox-99-pro.jpg&w=384&q=75:0
[   15368ms] [ERROR] Failed to load resource: the server responded with a status of 400 () @ https://tzh-badminton.vercel.app/_next/image?url=%2Fimages%2Fshop%2Fpickleball%2Fhyperion.jpg&w=384&q=75:0
[   15368ms] [ERROR] Failed to load resource: the server responded with a status of 400 () @ https://tzh-badminton.vercel.app/_next/image?url=%2Fimages%2Fshop%2Fbags%2Fyonex-92031.jpg&w=384&q=75:0
[   15368ms] [ERROR] Failed to load resource: the server responded with a status of 400 () @ https://tzh-badminton.vercel.app/_next/image?url=%2Fimages%2Fshop%2Fgrips%2Fsuper-grap.jpg&w=384&q=75:0
[   15370ms] [ERROR] Failed to load resource: the server responded with a status of 400 () @ https://tzh-badminton.vercel.app/_next/image?url=%2Fimages%2Fshop%2Faccessories%2Fbg65.jpg&w=384&q=75:0
[   15678ms] [ERROR] Failed to load resource: the server responded with a status of 400 () @ https://tzh-badminton.vercel.app/_next/image?url=%2Fimages%2Fshop%2Fshuttlecocks%2Fas50.jpg&w=384&q=75:0
[   15678ms] [ERROR] Failed to load resource: the server responded with a status of 400 () @ https://tzh-badminton.vercel.app/_next/image?url=%2Fimages%2Fshop%2Frackets%2Fthruster-k9900.jpg&w=384&q=75:0
[   15679ms] [ERROR] Failed to load resource: the server responded with a status of 400 () @ https://tzh-badminton.vercel.app/_next/image?url=%2Fimages%2Fshop%2Fshoes%2Fpc65z3.jpg&w=384&q=75:0
[   15681ms] [ERROR] Failed to load resource: the server responded with a status of 400 () @ https://tzh-badminton.vercel.app/_next/image?url=%2Fimages%2Fshop%2Fgrips%2Fsuper-grap.jpg&w=384&q=75:0
[   15683ms] [ERROR] Failed to load resource: the server responded with a status of 400 () @ https://tzh-badminton.vercel.app/_next/image?url=%2Fimages%2Fshop%2Frackets%2Fastrox-99-pro.jpg&w=384&q=75:0
[   15958ms] [ERROR] Failed to load resource: the server responded with a status of 400 () @ https://tzh-badminton.vercel.app/_next/image?url=%2Fimages%2Fshop%2Fpickleball%2Fhyperion.jpg&w=384&q=75:0
[   15958ms] [ERROR] Failed to load resource: the server responded with a status of 400 () @ https://tzh-badminton.vercel.app/_next/image?url=%2Fimages%2Fshop%2Fbags%2Fyonex-92031.jpg&w=384&q=75:0
[   15966ms] [ERROR] Failed to load resource: the server responded with a status of 400 () @ https://tzh-badminton.vercel.app/_next/image?url=%2Fimages%2Fshop%2Frackets%2Fastrox-99-pro.jpg&w=384&q=75:0
[   15966ms] [ERROR] Failed to load resource: the server responded with a status of 400 () @ https://tzh-badminton.vercel.app/_next/image?url=%2Fimages%2Fshop%2Fshuttlecocks%2Fas50.jpg&w=384&q=75:0
[   15993ms] [ERROR] Failed to load resource: the server responded with a status of 400 () @ https://tzh-badminton.vercel.app/_next/image?url=%2Fimages%2Fshop%2Faccessories%2Fbg65.jpg&w=384&q=75:0
[   16291ms] [ERROR] Failed to load resource: the server responded with a status of 400 () @ https://tzh-badminton.vercel.app/_next/image?url=%2Fimages%2Fshop%2Frackets%2Fthruster-k9900.jpg&w=384&q=75:0
[   16291ms] [ERROR] Failed to load resource: the server responded with a status of 400 () @ https://tzh-badminton.vercel.app/_next/image?url=%2Fimages%2Fshop%2Fshoes%2Fpc65z3.jpg&w=384&q=75:0
[   16291ms] [ERROR] Failed to load resource: the server responded with a status of 400 () @ https://tzh-badminton.vercel.app/_next/image?url=%2Fimages%2Fshop%2Fbags%2Fyonex-92031.jpg&w=384&q=75:0
[   16291ms] [ERROR] Failed to load resource: the server responded with a status of 400 () @ https://tzh-badminton.vercel.app/_next/image?url=%2Fimages%2Fshop%2Fgrips%2Fsuper-grap.jpg&w=384&q=75:0
[   16292ms] [ERROR] Failed to load resource: the server responded with a status of 400 () @ https://tzh-badminton.vercel.app/_next/image?url=%2Fimages%2Fshop%2Frackets%2Fastrox-99-pro.jpg&w=384&q=75:0
[   16570ms] [ERROR] Failed to load resource: the server responded with a status of 400 () @ https://tzh-badminton.vercel.app/_next/image?url=%2Fimages%2Fshop%2Fpickleball%2Fhyperion.jpg&w=384&q=75:0
[   16570ms] [ERROR] Failed to load resource: the server responded with a status of 400 () @ https://tzh-badminton.vercel.app/_next/image?url=%2Fimages%2Fshop%2Fshuttlecocks%2Fas50.jpg&w=384&q=75:0
[   16570ms] [ERROR] Failed to load resource: the server responded with a status of 400 () @ https://tzh-badminton.vercel.app/_next/image?url=%2Fimages%2Fshop%2Faccessories%2Fbg65.jpg&w=384&q=75:0
[   16570ms] [ERROR] Failed to load resource: the server responded with a status of 400 () @ https://tzh-badminton.vercel.app/_next/image?url=%2Fimages%2Fshop%2Fbags%2Fyonex-92031.jpg&w=384&q=75:0
[   16857ms] [ERROR] Failed to load resource: the server responded with a status of 400 () @ https://tzh-badminton.vercel.app/_next/image?url=%2Fimages%2Fshop%2Frackets%2Fastrox-99-pro.jpg&w=384&q=75:0
[   16857ms] [ERROR] Failed to load resource: the server responded with a status of 400 () @ https://tzh-badminton.vercel.app/_next/image?url=%2Fimages%2Fshop%2Frackets%2Fthruster-k9900.jpg&w=384&q=75:0
[   16857ms] [ERROR] Failed to load resource: the server responded with a status of 400 () @ https://tzh-badminton.vercel.app/_next/image?url=%2Fimages%2Fshop%2Fgrips%2Fsuper-grap.jpg&w=384&q=75:0
[   16857ms] [ERROR] Failed to load resource: the server responded with a status of 400 () @ https://tzh-badminton.vercel.app/_next/image?url=%2Fimages%2Fshop%2Fshoes%2Fpc65z3.jpg&w=384&q=75:0
[   16857ms] [ERROR] Failed to load resource: the server responded with a status of 400 () @ https://tzh-badminton.vercel.app/_next/image?url=%2Fimages%2Fshop%2Faccessories%2Fbg65.jpg&w=384&q=75:0
[   16865ms] [ERROR] Failed to load resource: the server responded with a status of 400 () @ https://tzh-badminton.vercel.app/_next/image?url=%2Fimages%2Fshop%2Fshuttlecocks%2Fas50.jpg&w=384&q=75:0
[   17140ms] [ERROR] Failed to load resource: the server responded with a status of 400 () @ https://tzh-badminton.vercel.app/_next/image?url=%2Fimages%2Fshop%2Fbags%2Fyonex-92031.jpg&w=384&q=75:0
[   17142ms] [ERROR] Failed to load resource: the server responded with a status of 400 () @ https://tzh-badminton.vercel.app/_next/image?url=%2Fimages%2Fshop%2Frackets%2Fthruster-k9900.jpg&w=384&q=75:0
[   17143ms] [ERROR] Failed to load resource: the server responded with a status of 400 () @ https://tzh-badminton.vercel.app/_next/image?url=%2Fimages%2Fshop%2Fshuttlecocks%2Fas50.jpg&w=384&q=75:0
[   17145ms] [ERROR] Failed to load resource: the server responded with a status of 400 () @ https://tzh-badminton.vercel.app/_next/image?url=%2Fimages%2Fshop%2Frackets%2Fastrox-99-pro.jpg&w=384&q=75:0
[   17160ms] [ERROR] Failed to load resource: the server responded with a status of 400 () @ https://tzh-badminton.vercel.app/_next/image?url=%2Fimages%2Fshop%2Fpickleball%2Fhyperion.jpg&w=384&q=75:0
[   17260ms] [ERROR] Failed to load resource: the server responded with a status of 400 () @ https://tzh-badminton.vercel.app/_next/image?url=%2Fimages%2Fshop%2Fshoes%2Fpc65z3.jpg&w=384&q=75:0
[   17437ms] [ERROR] Failed to load resource: the server responded with a status of 400 () @ https://tzh-badminton.vercel.app/_next/image?url=%2Fimages%2Fshop%2Faccessories%2Fbg65.jpg&w=384&q=75:0
[   17437ms] [ERROR] Failed to load resource: the server responded with a status of 400 () @ https://tzh-badminton.vercel.app/_next/image?url=%2Fimages%2Fshop%2Fgrips%2Fsuper-grap.jpg&w=384&q=75:0
[   17437ms] [ERROR] Failed to load resource: the server responded with a status of 400 () @ https://tzh-badminton.vercel.app/_next/image?url=%2Fimages%2Fshop%2Frackets%2Fthruster-k9900.jpg&w=384&q=75:0
[   17444ms] [ERROR] Failed to load resource: the server responded with a status of 400 () @ https://tzh-badminton.vercel.app/_next/image?url=%2Fimages%2Fshop%2Fpickleball%2Fhyperion.jpg&w=384&q=75:0
[   17488ms] [ERROR] Failed to load resource: the server responded with a status of 400 () @ https://tzh-badminton.vercel.app/_next/image?url=%2Fimages%2Fshop%2Fbags%2Fyonex-92031.jpg&w=384&q=75:0
[   17720ms] [ERROR] Failed to load resource: the server responded with a status of 400 () @ https://tzh-badminton.vercel.app/_next/image?url=%2Fimages%2Fshop%2Fshoes%2Fpc65z3.jpg&w=384&q=75:0
[   17720ms] [ERROR] Failed to load resource: the server responded with a status of 400 () @ https://tzh-badminton.vercel.app/_next/image?url=%2Fimages%2Fshop%2Fgrips%2Fsuper-grap.jpg&w=384&q=75:0
[   17720ms] [ERROR] Failed to load resource: the server responded with a status of 400 () @ https://tzh-badminton.vercel.app/_next/image?url=%2Fimages%2Fshop%2Frackets%2Fastrox-99-pro.jpg&w=384&q=75:0
[   17720ms] [ERROR] Failed to load resource: the server responded with a status of 400 () @ https://tzh-badminton.vercel.app/_next/image?url=%2Fimages%2Fshop%2Fshuttlecocks%2Fas50.jpg&w=384&q=75:0
[   17723ms] [ERROR] Failed to load resource: the server responded with a status of 400 () @ https://tzh-badminton.vercel.app/_next/image?url=%2Fimages%2Fshop%2Fpickleball%2Fhyperion.jpg&w=384&q=75:0
[   17723ms] [ERROR] Failed to load resource: the server responded with a status of 400 () @ https://tzh-badminton.vercel.app/_next/image?url=%2Fimages%2Fshop%2Faccessories%2Fbg65.jpg&w=384&q=75:0
[   17731ms] [ERROR] Failed to load resource: the server responded with a status of 400 () @ https://tzh-badminton.vercel.app/_next/image?url=%2Fimages%2Fshop%2Frackets%2Fthruster-k9900.jpg&w=384&q=75:0
[   18018ms] [ERROR] Failed to load resource: the server responded with a status of 400 () @ https://tzh-badminton.vercel.app/_next/image?url=%2Fimages%2Fshop%2Fbags%2Fyonex-92031.jpg&w=384&q=75:0
[   18024ms] [ERROR] Failed to load resource: the server responded with a status of 400 () @ https://tzh-badminton.vercel.app/_next/image?url=%2Fimages%2Fshop%2Fgrips%2Fsuper-grap.jpg&w=384&q=75:0
[   18024ms] [ERROR] Failed to load resource: the server responded with a status of 400 () @ https://tzh-badminton.vercel.app/_next/image?url=%2Fimages%2Fshop%2Fshuttlecocks%2Fas50.jpg&w=384&q=75:0
[   18024ms] [ERROR] Failed to load resource: the server responded with a status of 400 () @ https://tzh-badminton.vercel.app/_next/image?url=%2Fimages%2Fshop%2Faccessories%2Fbg65.jpg&w=384&q=75:0
[   18024ms] [ERROR] Failed to load resource: the server responded with a status of 400 () @ https://tzh-badminton.vercel.app/_next/image?url=%2Fimages%2Fshop%2Fshoes%2Fpc65z3.jpg&w=384&q=75:0
[   18028ms] [ERROR] Failed to load resource: the server responded with a status of 400 () @ https://tzh-badminton.vercel.app/_next/image?url=%2Fimages%2Fshop%2Frackets%2Fastrox-99-pro.jpg&w=384&q=75:0
[   18333ms] [ERROR] Failed to load resource: the server responded with a status of 400 () @ https://tzh-badminton.vercel.app/_next/image?url=%2Fimages%2Fshop%2Fpickleball%2Fhyperion.jpg&w=384&q=75:0
[   18333ms] [ERROR] Failed to load resource: the server responded with a status of 400 () @ https://tzh-badminton.vercel.app/_next/image?url=%2Fimages%2Fshop%2Frackets%2Fthruster-k9900.jpg&w=384&q=75:0
[   18335ms] [ERROR] Failed to load resource: the server responded with a status of 400 () @ https://tzh-badminton.vercel.app/_next/image?url=%2Fimages%2Fshop%2Fbags%2Fyonex-92031.jpg&w=384&q=75:0
[   18337ms] [ERROR] Failed to load resource: the server responded with a status of 400 () @ https://tzh-badminton.vercel.app/_next/image?url=%2Fimages%2Fshop%2Faccessories%2Fbg65.jpg&w=384&q=75:0
[   18374ms] [ERROR] Failed to load resource: the server responded with a status of 400 () @ https://tzh-badminton.vercel.app/_next/image?url=%2Fimages%2Fshop%2Fshuttlecocks%2Fas50.jpg&w=384&q=75:0
[   18619ms] [ERROR] Failed to load resource: the server responded with a status of 400 () @ https://tzh-badminton.vercel.app/_next/image?url=%2Fimages%2Fshop%2Fgrips%2Fsuper-grap.jpg&w=384&q=75:0
[   18620ms] [ERROR] Failed to load resource: the server responded with a status of 400 () @ https://tzh-badminton.vercel.app/_next/image?url=%2Fimages%2Fshop%2Frackets%2Fastrox-99-pro.jpg&w=384&q=75:0
[   18620ms] [ERROR] Failed to load resource: the server responded with a status of 400 () @ https://tzh-badminton.vercel.app/_next/image?url=%2Fimages%2Fshop%2Fshoes%2Fpc65z3.jpg&w=384&q=75:0
[   18622ms] [ERROR] Failed to load resource: the server responded with a status of 400 () @ https://tzh-badminton.vercel.app/_next/image?url=%2Fimages%2Fshop%2Fbags%2Fyonex-92031.jpg&w=384&q=75:0
[   18627ms] [ERROR] Failed to load resource: the server responded with a status of 400 () @ https://tzh-badminton.vercel.app/_next/image?url=%2Fimages%2Fshop%2Faccessories%2Fbg65.jpg&w=384&q=75:0
[   18640ms] [ERROR] Failed to load resource: the server responded with a status of 400 () @ https://tzh-badminton.vercel.app/_next/image?url=%2Fimages%2Fshop%2Fshuttlecocks%2Fas50.jpg&w=384&q=75:0
[   18911ms] [ERROR] Failed to load resource: the server responded with a status of 400 () @ https://tzh-badminton.vercel.app/_next/image?url=%2Fimages%2Fshop%2Frackets%2Fthruster-k9900.jpg&w=384&q=75:0
[   18911ms] [ERROR] Failed to load resource: the server responded with a status of 400 () @ https://tzh-badminton.vercel.app/_next/image?url=%2Fimages%2Fshop%2Fpickleball%2Fhyperion.jpg&w=384&q=75:0
[   18911ms] [ERROR] Failed to load resource: the server responded with a status of 400 () @ https://tzh-badminton.vercel.app/_next/image?url=%2Fimages%2Fshop%2Fgrips%2Fsuper-grap.jpg&w=384&q=75:0
[   18920ms] [ERROR] Failed to load resource: the server responded with a status of 400 () @ https://tzh-badminton.vercel.app/_next/image?url=%2Fimages%2Fshop%2Faccessories%2Fbg65.jpg&w=384&q=75:0
[   19208ms] [ERROR] Failed to load resource: the server responded with a status of 400 () @ https://tzh-badminton.vercel.app/_next/image?url=%2Fimages%2Fshop%2Fshuttlecocks%2Fas50.jpg&w=384&q=75:0
[   19209ms] [ERROR] Failed to load resource: the server responded with a status of 400 () @ https://tzh-badminton.vercel.app/_next/image?url=%2Fimages%2Fshop%2Fbags%2Fyonex-92031.jpg&w=384&q=75:0
[   19209ms] [ERROR] Failed to load resource: the server responded with a status of 400 () @ https://tzh-badminton.vercel.app/_next/image?url=%2Fimages%2Fshop%2Frackets%2Fastrox-99-pro.jpg&w=384&q=75:0
[   19209ms] [ERROR] Failed to load resource: the server responded with a status of 400 () @ https://tzh-badminton.vercel.app/_next/image?url=%2Fimages%2Fshop%2Fshoes%2Fpc65z3.jpg&w=384&q=75:0
[   19213ms] [ERROR] Failed to load resource: the server responded with a status of 400 () @ https://tzh-badminton.vercel.app/_next/image?url=%2Fimages%2Fshop%2Frackets%2Fthruster-k9900.jpg&w=384&q=75:0
[   19232ms] [ERROR] Failed to load resource: the server responded with a status of 400 () @ https://tzh-badminton.vercel.app/_next/image?url=%2Fimages%2Fshop%2Fpickleball%2Fhyperion.jpg&w=384&q=75:0
[   19242ms] [ERROR] Failed to load resource: the server responded with a status of 400 () @ https://tzh-badminton.vercel.app/_next/image?url=%2Fimages%2Fshop%2Fgrips%2Fsuper-grap.jpg&w=384&q=75:0
[   19506ms] [ERROR] Failed to load resource: the server responded with a status of 400 () @ https://tzh-badminton.vercel.app/_next/image?url=%2Fimages%2Fshop%2Fshuttlecocks%2Fas50.jpg&w=384&q=75:0
[   19515ms] [ERROR] Failed to load resource: the server responded with a status of 400 () @ https://tzh-badminton.vercel.app/_next/image?url=%2Fimages%2Fshop%2Frackets%2Fastrox-99-pro.jpg&w=384&q=75:0
[   19535ms] [ERROR] Failed to load resource: the server responded with a status of 400 () @ https://tzh-badminton.vercel.app/_next/image?url=%2Fimages%2Fshop%2Faccessories%2Fbg65.jpg&w=384&q=75:0
[   19800ms] [ERROR] Failed to load resource: the server responded with a status of 400 () @ https://tzh-badminton.vercel.app/_next/image?url=%2Fimages%2Fshop%2Fbags%2Fyonex-92031.jpg&w=384&q=75:0
[   19802ms] [ERROR] Failed to load resource: the server responded with a status of 400 () @ https://tzh-badminton.vercel.app/_next/image?url=%2Fimages%2Fshop%2Fgrips%2Fsuper-grap.jpg&w=384&q=75:0
[   19802ms] [ERROR] Failed to load resource: the server responded with a status of 400 () @ https://tzh-badminton.vercel.app/_next/image?url=%2Fimages%2Fshop%2Fshoes%2Fpc65z3.jpg&w=384&q=75:0
[   19803ms] [ERROR] Failed to load resource: the server responded with a status of 400 () @ https://tzh-badminton.vercel.app/_next/image?url=%2Fimages%2Fshop%2Fpickleball%2Fhyperion.jpg&w=384&q=75:0
[   19807ms] [ERROR] Failed to load resource: the server responded with a status of 400 () @ https://tzh-badminton.vercel.app/_next/image?url=%2Fimages%2Fshop%2Faccessories%2Fbg65.jpg&w=384&q=75:0
[   19815ms] [ERROR] Failed to load resource: the server responded with a status of 400 () @ https://tzh-badminton.vercel.app/_next/image?url=%2Fimages%2Fshop%2Frackets%2Fthruster-k9900.jpg&w=384&q=75:0
[   20080ms] [ERROR] Failed to load resource: the server responded with a status of 400 () @ https://tzh-badminton.vercel.app/_next/image?url=%2Fimages%2Fshop%2Fshuttlecocks%2Fas50.jpg&w=384&q=75:0
[   20080ms] [ERROR] Failed to load resource: the server responded with a status of 400 () @ https://tzh-badminton.vercel.app/_next/image?url=%2Fimages%2Fshop%2Frackets%2Fastrox-99-pro.jpg&w=384&q=75:0
[   20080ms] [ERROR] Failed to load resource: the server responded with a status of 400 () @ https://tzh-badminton.vercel.app/_next/image?url=%2Fimages%2Fshop%2Fshoes%2Fpc65z3.jpg&w=384&q=75:0
[   20084ms] [ERROR] Failed to load resource: the server responded with a status of 400 () @ https://tzh-badminton.vercel.app/_next/image?url=%2Fimages%2Fshop%2Fbags%2Fyonex-92031.jpg&w=384&q=75:0
[   20359ms] [ERROR] Failed to load resource: the server responded with a status of 400 () @ https://tzh-badminton.vercel.app/_next/image?url=%2Fimages%2Fshop%2Faccessories%2Fbg65.jpg&w=384&q=75:0
[   20359ms] [ERROR] Failed to load resource: the server responded with a status of 400 () @ https://tzh-badminton.vercel.app/_next/image?url=%2Fimages%2Fshop%2Frackets%2Fthruster-k9900.jpg&w=384&q=75:0
[   20359ms] [ERROR] Failed to load resource: the server responded with a status of 400 () @ https://tzh-badminton.vercel.app/_next/image?url=%2Fimages%2Fshop%2Fpickleball%2Fhyperion.jpg&w=384&q=75:0
[   20359ms] [ERROR] Failed to load resource: the server responded with a status of 400 () @ https://tzh-badminton.vercel.app/_next/image?url=%2Fimages%2Fshop%2Fgrips%2Fsuper-grap.jpg&w=384&q=75:0
[   20362ms] [ERROR] Failed to load resource: the server responded with a status of 400 () @ https://tzh-badminton.vercel.app/_next/image?url=%2Fimages%2Fshop%2Frackets%2Fastrox-99-pro.jpg&w=384&q=75:0
[   20656ms] [ERROR] Failed to load resource: the server responded with a status of 400 () @ https://tzh-badminton.vercel.app/_next/image?url=%2Fimages%2Fshop%2Fshuttlecocks%2Fas50.jpg&w=384&q=75:0
[   20656ms] [ERROR] Failed to load resource: the server responded with a status of 400 () @ https://tzh-badminton.vercel.app/_next/image?url=%2Fimages%2Fshop%2Fbags%2Fyonex-92031.jpg&w=384&q=75:0
[   20656ms] [ERROR] Failed to load resource: the server responded with a status of 400 () @ https://tzh-badminton.vercel.app/_next/image?url=%2Fimages%2Fshop%2Frackets%2Fastrox-99-pro.jpg&w=384&q=75:0
[   20659ms] [ERROR] Failed to load resource: the server responded with a status of 400 () @ https://tzh-badminton.vercel.app/_next/image?url=%2Fimages%2Fshop%2Fshoes%2Fpc65z3.jpg&w=384&q=75:0
[   20661ms] [ERROR] Failed to load resource: the server responded with a status of 400 () @ https://tzh-badminton.vercel.app/_next/image?url=%2Fimages%2Fshop%2Fgrips%2Fsuper-grap.jpg&w=384&q=75:0
[   20661ms] [ERROR] Failed to load resource: the server responded with a status of 400 () @ https://tzh-badminton.vercel.app/_next/image?url=%2Fimages%2Fshop%2Fpickleball%2Fhyperion.jpg&w=384&q=75:0
[   20667ms] [ERROR] Failed to load resource: the server responded with a status of 400 () @ https://tzh-badminton.vercel.app/_next/image?url=%2Fimages%2Fshop%2Frackets%2Fthruster-k9900.jpg&w=384&q=75:0
[   20950ms] [ERROR] Failed to load resource: the server responded with a status of 400 () @ https://tzh-badminton.vercel.app/_next/image?url=%2Fimages%2Fshop%2Faccessories%2Fbg65.jpg&w=384&q=75:0
[   20950ms] [ERROR] Failed to load resource: the server responded with a status of 400 () @ https://tzh-badminton.vercel.app/_next/image?url=%2Fimages%2Fshop%2Fshuttlecocks%2Fas50.jpg&w=384&q=75:0
[   20950ms] [ERROR] Failed to load resource: the server responded with a status of 400 () @ https://tzh-badminton.vercel.app/_next/image?url=%2Fimages%2Fshop%2Fshoes%2Fpc65z3.jpg&w=384&q=75:0
[   20954ms] [ERROR] Failed to load resource: the server responded with a status of 400 () @ https://tzh-badminton.vercel.app/_next/image?url=%2Fimages%2Fshop%2Fpickleball%2Fhyperion.jpg&w=384&q=75:0
[   21148ms] [ERROR] Failed to load resource: the server responded with a status of 400 () @ https://tzh-badminton.vercel.app/_next/image?url=%2Fimages%2Fshop%2Fbags%2Fyonex-92031.jpg&w=384&q=75:0
[   21237ms] [ERROR] Failed to load resource: the server responded with a status of 400 () @ https://tzh-badminton.vercel.app/_next/image?url=%2Fimages%2Fshop%2Frackets%2Fthruster-k9900.jpg&w=384&q=75:0
[   21237ms] [ERROR] Failed to load resource: the server responded with a status of 400 () @ https://tzh-badminton.vercel.app/_next/image?url=%2Fimages%2Fshop%2Fgrips%2Fsuper-grap.jpg&w=384&q=75:0
[   21237ms] [ERROR] Failed to load resource: the server responded with a status of 400 () @ https://tzh-badminton.vercel.app/_next/image?url=%2Fimages%2Fshop%2Frackets%2Fastrox-99-pro.jpg&w=384&q=75:0
[   21238ms] [ERROR] Failed to load resource: the server responded with a status of 400 () @ https://tzh-badminton.vercel.app/_next/image?url=%2Fimages%2Fshop%2Fbags%2Fyonex-92031.jpg&w=384&q=75:0
[   21244ms] [ERROR] Failed to load resource: the server responded with a status of 400 () @ https://tzh-badminton.vercel.app/_next/image?url=%2Fimages%2Fshop%2Fpickleball%2Fhyperion.jpg&w=384&q=75:0
[   21244ms] [ERROR] Failed to load resource: the server responded with a status of 400 () @ https://tzh-badminton.vercel.app/_next/image?url=%2Fimages%2Fshop%2Faccessories%2Fbg65.jpg&w=384&q=75:0
[   21516ms] [ERROR] Failed to load resource: the server responded with a status of 400 () @ https://tzh-badminton.vercel.app/_next/image?url=%2Fimages%2Fshop%2Fshuttlecocks%2Fas50.jpg&w=384&q=75:0
[   21516ms] [ERROR] Failed to load resource: the server responded with a status of 400 () @ https://tzh-badminton.vercel.app/_next/image?url=%2Fimages%2Fshop%2Fshoes%2Fpc65z3.jpg&w=384&q=75:0
[   21516ms] [ERROR] Failed to load resource: the server responded with a status of 400 () @ https://tzh-badminton.vercel.app/_next/image?url=%2Fimages%2Fshop%2Faccessories%2Fbg65.jpg&w=384&q=75:0
[   21516ms] [ERROR] Failed to load resource: the server responded with a status of 400 () @ https://tzh-badminton.vercel.app/_next/image?url=%2Fimages%2Fshop%2Frackets%2Fthruster-k9900.jpg&w=384&q=75:0
[   21516ms] [ERROR] Failed to load resource: the server responded with a status of 400 () @ https://tzh-badminton.vercel.app/_next/image?url=%2Fimages%2Fshop%2Fgrips%2Fsuper-grap.jpg&w=384&q=75:0
[   21519ms] [ERROR] Failed to load resource: the server responded with a status of 400 () @ https://tzh-badminton.vercel.app/_next/image?url=%2Fimages%2Fshop%2Fpickleball%2Fhyperion.jpg&w=384&q=75:0
