[    2539ms] [ERROR] Failed to load resource: the server responded with a status of 400 () @ https://tzh-badminton.vercel.app/_next/image?url=%2Fimages%2Fshop%2Fshoes%2Fpc65z3.jpg&w=384&q=75:0
[    2545ms] [ERROR] Failed to load resource: the server responded with a status of 400 () @ https://tzh-badminton.vercel.app/_next/image?url=%2Fimages%2Fshop%2Frackets%2Fthruster-k9900.jpg&w=384&q=75:0
[    2826ms] [ERROR] Failed to load resource: the server responded with a status of 400 () @ https://tzh-badminton.vercel.app/_next/image?url=%2Fimages%2Fshop%2Fshuttlecocks%2Fas50.jpg&w=384&q=75:0
[    2826ms] [ERROR] Failed to load resource: the server responded with a status of 400 () @ https://tzh-badminton.vercel.app/_next/image?url=%2Fimages%2Fshop%2Fbags%2Fyonex-92031.jpg&w=384&q=75:0
[    2826ms] [ERROR] Failed to load resource: the server responded with a status of 400 () @ https://tzh-badminton.vercel.app/_next/image?url=%2Fimages%2Fshop%2Fgrips%2Fsuper-grap.jpg&w=384&q=75:0
[    2826ms] [ERROR] Failed to load resource: the server responded with a status of 400 () @ https://tzh-badminton.vercel.app/_next/image?url=%2Fimages%2Fshop%2Faccessories%2Fbg65.jpg&w=384&q=75:0
[    2827ms] [ERROR] Failed to load resource: the server responded with a status of 400 () @ https://tzh-badminton.vercel.app/_next/image?url=%2Fimages%2Fshop%2Frackets%2Fastrox-99-pro.jpg&w=384&q=75:0
[    2827ms] [ERROR] Failed to load resource: the server responded with a status of 400 () @ https://tzh-badminton.vercel.app/_next/image?url=%2Fimages%2Fshop%2Fpickleball%2Fhyperion.jpg&w=384&q=75:0
[    2828ms] [ERROR] Failed to load resource: the server responded with a status of 400 () @ https://tzh-badminton.vercel.app/_next/image?url=%2Fimages%2Fshop%2Fshoes%2Fpc65z3.jpg&w=384&q=75:0
[    2837ms] [ERROR] Failed to load resource: the server responded with a status of 400 () @ https://tzh-badminton.vercel.app/_next/image?url=%2Fimages%2Fshop%2Frackets%2Fthruster-k9900.jpg&w=384&q=75:0
[    3133ms] [ERROR] Failed to load resource: the server responded with a status of 400 () @ https://tzh-badminton.vercel.app/_next/image?url=%2Fimages%2Fshop%2Fshuttlecocks%2Fas50.jpg&w=384&q=75:0
[    3138ms] [ERROR] Failed to load resource: the server responded with a status of 400 () @ https://tzh-badminton.vercel.app/_next/image?url=%2Fimages%2Fshop%2Frackets%2Fastrox-99-pro.jpg&w=384&q=75:0
[    3139ms] [ERROR] Failed to load resource: the server responded with a status of 400 () @ https://tzh-badminton.vercel.app/_next/image?url=%2Fimages%2Fshop%2Frackets%2Fthruster-k9900.jpg&w=384&q=75:0
[    3413ms] [ERROR] Failed to load resource: the server responded with a status of 400 () @ https://tzh-badminton.vercel.app/_next/image?url=%2Fimages%2Fshop%2Fbags%2Fyonex-92031.jpg&w=384&q=75:0
[    3414ms] [ERROR] Failed to load resource: the server responded with a status of 400 () @ https://tzh-badminton.vercel.app/_next/image?url=%2Fimages%2Fshop%2Faccessories%2Fbg65.jpg&w=384&q=75:0
[    3414ms] [ERROR] Failed to load resource: the server responded with a status of 400 () @ https://tzh-badminton.vercel.app/_next/image?url=%2Fimages%2Fshop%2Fgrips%2Fsuper-grap.jpg&w=384&q=75:0
[    3414ms] [ERROR] Failed to load resource: the server responded with a status of 400 () @ https://tzh-badminton.vercel.app/_next/image?url=%2Fimages%2Fshop%2Fpickleball%2Fhyperion.jpg&w=384&q=75:0
[    3414ms] [ERROR] Failed to load resource: the server responded with a status of 400 () @ https://tzh-badminton.vercel.app/_next/image?url=%2Fimages%2Fshop%2Fshoes%2Fpc65z3.jpg&w=384&q=75:0
[    3418ms] [ERROR] Failed to load resource: the server responded with a status of 400 () @ https://tzh-badminton.vercel.app/_next/image?url=%2Fimages%2Fshop%2Frackets%2Fthruster-k9900.jpg&w=384&q=75:0
[    3434ms] [ERROR] Failed to load resource: the server responded with a status of 400 () @ https://tzh-badminton.vercel.app/_next/image?url=%2Fimages%2Fshop%2Fshuttlecocks%2Fas50.jpg&w=384&q=75:0
[    3702ms] [ERROR] Failed to load resource: the server responded with a status of 400 () @ https://tzh-badminton.vercel.app/_next/image?url=%2Fimages%2Fshop%2Frackets%2Fastrox-99-pro.jpg&w=384&q=75:0
[    3705ms] [ERROR] Failed to load resource: the server responded with a status of 400 () @ https://tzh-badminton.vercel.app/_next/image?url=%2Fimages%2Fshop%2Faccessories%2Fbg65.jpg&w=384&q=75:0
[    3707ms] [ERROR] Failed to load resource: the server responded with a status of 400 () @ https://tzh-badminton.vercel.app/_next/image?url=%2Fimages%2Fshop%2Fshuttlecocks%2Fas50.jpg&w=384&q=75:0
[    4045ms] [ERROR] Failed to load resource: the server responded with a status of 400 () @ https://tzh-badminton.vercel.app/_next/image?url=%2Fimages%2Fshop%2Frackets%2Fthruster-k9900.jpg&w=384&q=75:0
[    4046ms] [ERROR] Failed to load resource: the server responded with a status of 400 () @ https://tzh-badminton.vercel.app/_next/image?url=%2Fimages%2Fshop%2Fgrips%2Fsuper-grap.jpg&w=384&q=75:0
[    4046ms] [ERROR] Failed to load resource: the server responded with a status of 400 () @ https://tzh-badminton.vercel.app/_next/image?url=%2Fimages%2Fshop%2Fbags%2Fyonex-92031.jpg&w=384&q=75:0
[    4046ms] [ERROR] Failed to load resource: the server responded with a status of 400 () @ https://tzh-badminton.vercel.app/_next/image?url=%2Fimages%2Fshop%2Fshoes%2Fpc65z3.jpg&w=384&q=75:0
[    4046ms] [ERROR] Failed to load resource: the server responded with a status of 400 () @ https://tzh-badminton.vercel.app/_next/image?url=%2Fimages%2Fshop%2Fpickleball%2Fhyperion.jpg&w=384&q=75:0
[    4046ms] [ERROR] Failed to load resource: the server responded with a status of 400 () @ https://tzh-badminton.vercel.app/_next/image?url=%2Fimages%2Fshop%2Frackets%2Fastrox-99-pro.jpg&w=384&q=75:0
[    4046ms] [ERROR] Failed to load resource: the server responded with a status of 400 () @ https://tzh-badminton.vercel.app/_next/image?url=%2Fimages%2Fshop%2Faccessories%2Fbg65.jpg&w=384&q=75:0
[    4046ms] [ERROR] Failed to load resource: the server responded with a status of 400 () @ https://tzh-badminton.vercel.app/_next/image?url=%2Fimages%2Fshop%2Fshuttlecocks%2Fas50.jpg&w=384&q=75:0
[    4343ms] [ERROR] Failed to load resource: the server responded with a status of 400 () @ https://tzh-badminton.vercel.app/_next/image?url=%2Fimages%2Fshop%2Fpickleball%2Fhyperion.jpg&w=384&q=75:0
[    4350ms] [ERROR] Failed to load resource: the server responded with a status of 400 () @ https://tzh-badminton.vercel.app/_next/image?url=%2Fimages%2Fshop%2Frackets%2Fthruster-k9900.jpg&w=384&q=75:0
[    4393ms] [ERROR] Failed to load resource: the server responded with a status of 400 () @ https://tzh-badminton.vercel.app/_next/image?url=%2Fimages%2Fshop%2Frackets%2Fastrox-99-pro.jpg&w=384&q=75:0
[    4646ms] [ERROR] Failed to load resource: the server responded with a status of 400 () @ https://tzh-badminton.vercel.app/_next/image?url=%2Fimages%2Fshop%2Fshuttlecocks%2Fas50.jpg&w=384&q=75:0
[    4646ms] [ERROR] Failed to load resource: the server responded with a status of 400 () @ https://tzh-badminton.vercel.app/_next/image?url=%2Fimages%2Fshop%2Fbags%2Fyonex-92031.jpg&w=384&q=75:0
[    4647ms] [ERROR] Failed to load resource: the server responded with a status of 400 () @ https://tzh-badminton.vercel.app/_next/image?url=%2Fimages%2Fshop%2Faccessories%2Fbg65.jpg&w=384&q=75:0
[    4647ms] [ERROR] Failed to load resource: the server responded with a status of 400 () @ https://tzh-badminton.vercel.app/_next/image?url=%2Fimages%2Fshop%2Fshoes%2Fpc65z3.jpg&w=384&q=75:0
[    4647ms] [ERROR] Failed to load resource: the server responded with a status of 400 () @ https://tzh-badminton.vercel.app/_next/image?url=%2Fimages%2Fshop%2Fgrips%2Fsuper-grap.jpg&w=384&q=75:0
[    4648ms] [ERROR] Failed to load resource: the server responded with a status of 400 () @ https://tzh-badminton.vercel.app/_next/image?url=%2Fimages%2Fshop%2Fpickleball%2Fhyperion.jpg&w=384&q=75:0
[    4659ms] [ERROR] Failed to load resource: the server responded with a status of 400 () @ https://tzh-badminton.vercel.app/_next/image?url=%2Fimages%2Fshop%2Frackets%2Fthruster-k9900.jpg&w=384&q=75:0
[    4931ms] [ERROR] Failed to load resource: the server responded with a status of 400 () @ https://tzh-badminton.vercel.app/_next/image?url=%2Fimages%2Fshop%2Frackets%2Fastrox-99-pro.jpg&w=384&q=75:0
[    4932ms] [ERROR] Failed to load resource: the server responded with a status of 400 () @ https://tzh-badminton.vercel.app/_next/image?url=%2Fimages%2Fshop%2Fshoes%2Fpc65z3.jpg&w=384&q=75:0
[    4934ms] [ERROR] Failed to load resource: the server responded with a status of 400 () @ https://tzh-badminton.vercel.app/_next/image?url=%2Fimages%2Fshop%2Fpickleball%2Fhyperion.jpg&w=384&q=75:0
[    4936ms] [ERROR] Failed to load resource: the server responded with a status of 400 () @ https://tzh-badminton.vercel.app/_next/image?url=%2Fimages%2Fshop%2Faccessories%2Fbg65.jpg&w=384&q=75:0
[    4948ms] [ERROR] Failed to load resource: the server responded with a status of 400 () @ https://tzh-badminton.vercel.app/_next/image?url=%2Fimages%2Fshop%2Fshuttlecocks%2Fas50.jpg&w=384&q=75:0
[    5008ms] [ERROR] Failed to load resource: the server responded with a status of 400 () @ https://tzh-badminton.vercel.app/_next/image?url=%2Fimages%2Fshop%2Frackets%2Fthruster-k9900.jpg&w=384&q=75:0
[    5226ms] [ERROR] Failed to load resource: the server responded with a status of 400 () @ https://tzh-badminton.vercel.app/_next/image?url=%2Fimages%2Fshop%2Fgrips%2Fsuper-grap.jpg&w=384&q=75:0
[    5226ms] [ERROR] Failed to load resource: the server responded with a status of 400 () @ https://tzh-badminton.vercel.app/_next/image?url=%2Fimages%2Fshop%2Fbags%2Fyonex-92031.jpg&w=384&q=75:0
[    5227ms] [ERROR] Failed to load resource: the server responded with a status of 400 () @ https://tzh-badminton.vercel.app/_next/image?url=%2Fimages%2Fshop%2Frackets%2Fthruster-k9900.jpg&w=384&q=75:0
[    5231ms] [ERROR] Failed to load resource: the server responded with a status of 400 () @ https://tzh-badminton.vercel.app/_next/image?url=%2Fimages%2Fshop%2Fshoes%2Fpc65z3.jpg&w=384&q=75:0
[    5542ms] [ERROR] Failed to load resource: the server responded with a status of 400 () @ https://tzh-badminton.vercel.app/_next/image?url=%2Fimages%2Fshop%2Fshuttlecocks%2Fas50.jpg&w=384&q=75:0
[    5542ms] [ERROR] Failed to load resource: the server responded with a status of 400 () @ https://tzh-badminton.vercel.app/_next/image?url=%2Fimages%2Fshop%2Fpickleball%2Fhyperion.jpg&w=384&q=75:0
[    5543ms] [ERROR] Failed to load resource: the server responded with a status of 400 () @ https://tzh-badminton.vercel.app/_next/image?url=%2Fimages%2Fshop%2Faccessories%2Fbg65.jpg&w=384&q=75:0
[    5543ms] [ERROR] Failed to load resource: the server responded with a status of 400 () @ https://tzh-badminton.vercel.app/_next/image?url=%2Fimages%2Fshop%2Frackets%2Fastrox-99-pro.jpg&w=384&q=75:0
[    5543ms] [ERROR] Failed to load resource: the server responded with a status of 400 () @ https://tzh-badminton.vercel.app/_next/image?url=%2Fimages%2Fshop%2Fbags%2Fyonex-92031.jpg&w=384&q=75:0
[    5551ms] [ERROR] Failed to load resource: the server responded with a status of 400 () @ https://tzh-badminton.vercel.app/_next/image?url=%2Fimages%2Fshop%2Frackets%2Fthruster-k9900.jpg&w=384&q=75:0
[    5585ms] [ERROR] Failed to load resource: the server responded with a status of 400 () @ https://tzh-badminton.vercel.app/_next/image?url=%2Fimages%2Fshop%2Fshoes%2Fpc65z3.jpg&w=384&q=75:0
[    5830ms] [ERROR] Failed to load resource: the server responded with a status of 400 () @ https://tzh-badminton.vercel.app/_next/image?url=%2Fimages%2Fshop%2Fgrips%2Fsuper-grap.jpg&w=384&q=75:0
[    5832ms] [ERROR] Failed to load resource: the server responded with a status of 400 () @ https://tzh-badminton.vercel.app/_next/image?url=%2Fimages%2Fshop%2Frackets%2Fastrox-99-pro.jpg&w=384&q=75:0
[    5850ms] [ERROR] Failed to load resource: the server responded with a status of 400 () @ https://tzh-badminton.vercel.app/_next/image?url=%2Fimages%2Fshop%2Fbags%2Fyonex-92031.jpg&w=384&q=75:0
[    6124ms] [ERROR] Failed to load resource: the server responded with a status of 400 () @ https://tzh-badminton.vercel.app/_next/image?url=%2Fimages%2Fshop%2Fshoes%2Fpc65z3.jpg&w=384&q=75:0
[    6128ms] [ERROR] Failed to load resource: the server responded with a status of 400 () @ https://tzh-badminton.vercel.app/_next/image?url=%2Fimages%2Fshop%2Fshuttlecocks%2Fas50.jpg&w=384&q=75:0
[    6128ms] [ERROR] Failed to load resource: the server responded with a status of 400 () @ https://tzh-badminton.vercel.app/_next/image?url=%2Fimages%2Fshop%2Faccessories%2Fbg65.jpg&w=384&q=75:0
[    6128ms] [ERROR] Failed to load resource: the server responded with a status of 400 () @ https://tzh-badminton.vercel.app/_next/image?url=%2Fimages%2Fshop%2Frackets%2Fastrox-99-pro.jpg&w=384&q=75:0
[    6128ms] [ERROR] Failed to load resource: the server responded with a status of 400 () @ https://tzh-badminton.vercel.app/_next/image?url=%2Fimages%2Fshop%2Fpickleball%2Fhyperion.jpg&w=384&q=75:0
[    6128ms] [ERROR] Failed to load resource: the server responded with a status of 400 () @ https://tzh-badminton.vercel.app/_next/image?url=%2Fimages%2Fshop%2Frackets%2Fthruster-k9900.jpg&w=384&q=75:0
[    6129ms] [ERROR] Failed to load resource: the server responded with a status of 400 () @ https://tzh-badminton.vercel.app/_next/image?url=%2Fimages%2Fshop%2Fbags%2Fyonex-92031.jpg&w=384&q=75:0
[    6438ms] [ERROR] Failed to load resource: the server responded with a status of 400 () @ https://tzh-badminton.vercel.app/_next/image?url=%2Fimages%2Fshop%2Fbags%2Fyonex-92031.jpg&w=384&q=75:0
[    6441ms] [ERROR] Failed to load resource: the server responded with a status of 400 () @ https://tzh-badminton.vercel.app/_next/image?url=%2Fimages%2Fshop%2Fgrips%2Fsuper-grap.jpg&w=384&q=75:0
[    6441ms] [ERROR] Failed to load resource: the server responded with a status of 400 () @ https://tzh-badminton.vercel.app/_next/image?url=%2Fimages%2Fshop%2Fshoes%2Fpc65z3.jpg&w=384&q=75:0
[    6445ms] [ERROR] Failed to load resource: the server responded with a status of 400 () @ https://tzh-badminton.vercel.app/_next/image?url=%2Fimages%2Fshop%2Fshuttlecocks%2Fas50.jpg&w=384&q=75:0
[    6727ms] [ERROR] Failed to load resource: the server responded with a status of 400 () @ https://tzh-badminton.vercel.app/_next/image?url=%2Fimages%2Fshop%2Fpickleball%2Fhyperion.jpg&w=384&q=75:0
[    6727ms] [ERROR] Failed to load resource: the server responded with a status of 400 () @ https://tzh-badminton.vercel.app/_next/image?url=%2Fimages%2Fshop%2Frackets%2Fthruster-k9900.jpg&w=384&q=75:0
[    6727ms] [ERROR] Failed to load resource: the server responded with a status of 400 () @ https://tzh-badminton.vercel.app/_next/image?url=%2Fimages%2Fshop%2Fgrips%2Fsuper-grap.jpg&w=384&q=75:0
[    6727ms] [ERROR] Failed to load resource: the server responded with a status of 400 () @ https://tzh-badminton.vercel.app/_next/image?url=%2Fimages%2Fshop%2Faccessories%2Fbg65.jpg&w=384&q=75:0
[    6729ms] [ERROR] Failed to load resource: the server responded with a status of 400 () @ https://tzh-badminton.vercel.app/_next/image?url=%2Fimages%2Fshop%2Fshoes%2Fpc65z3.jpg&w=384&q=75:0
[    6732ms] [ERROR] Failed to load resource: the server responded with a status of 400 () @ https://tzh-badminton.vercel.app/_next/image?url=%2Fimages%2Fshop%2Fshuttlecocks%2Fas50.jpg&w=384&q=75:0
[    6732ms] [ERROR] Failed to load resource: the server responded with a status of 400 () @ https://tzh-badminton.vercel.app/_next/image?url=%2Fimages%2Fshop%2Frackets%2Fastrox-99-pro.jpg&w=384&q=75:0
[    7032ms] [ERROR] Failed to load resource: the server responded with a status of 400 () @ https://tzh-badminton.vercel.app/_next/image?url=%2Fimages%2Fshop%2Fshuttlecocks%2Fas50.jpg&w=384&q=75:0
[    7032ms] [ERROR] Failed to load resource: the server responded with a status of 400 () @ https://tzh-badminton.vercel.app/_next/image?url=%2Fimages%2Fshop%2Fbags%2Fyonex-92031.jpg&w=384&q=75:0
[    7035ms] [ERROR] Failed to load resource: the server responded with a status of 400 () @ https://tzh-badminton.vercel.app/_next/image?url=%2Fimages%2Fshop%2Frackets%2Fthruster-k9900.jpg&w=384&q=75:0
[    7035ms] [ERROR] Failed to load resource: the server responded with a status of 400 () @ https://tzh-badminton.vercel.app/_next/image?url=%2Fimages%2Fshop%2Fshoes%2Fpc65z3.jpg&w=384&q=75:0
[    7328ms] [ERROR] Failed to load resource: the server responded with a status of 400 () @ https://tzh-badminton.vercel.app/_next/image?url=%2Fimages%2Fshop%2Fgrips%2Fsuper-grap.jpg&w=384&q=75:0
[    7328ms] [ERROR] Failed to load resource: the server responded with a status of 400 () @ https://tzh-badminton.vercel.app/_next/image?url=%2Fimages%2Fshop%2Frackets%2Fastrox-99-pro.jpg&w=384&q=75:0
[    7329ms] [ERROR] Failed to load resource: the server responded with a status of 400 () @ https://tzh-badminton.vercel.app/_next/image?url=%2Fimages%2Fshop%2Faccessories%2Fbg65.jpg&w=384&q=75:0
[    7333ms] [ERROR] Failed to load resource: the server responded with a status of 400 () @ https://tzh-badminton.vercel.app/_next/image?url=%2Fimages%2Fshop%2Frackets%2Fthruster-k9900.jpg&w=384&q=75:0
[    7334ms] [ERROR] Failed to load resource: the server responded with a status of 400 () @ https://tzh-badminton.vercel.app/_next/image?url=%2Fimages%2Fshop%2Fpickleball%2Fhyperion.jpg&w=384&q=75:0
[    7337ms] [ERROR] Failed to load resource: the server responded with a status of 400 () @ https://tzh-badminton.vercel.app/_next/image?url=%2Fimages%2Fshop%2Fshoes%2Fpc65z3.jpg&w=384&q=75:0
[    7632ms] [ERROR] Failed to load resource: the server responded with a status of 400 () @ https://tzh-badminton.vercel.app/_next/image?url=%2Fimages%2Fshop%2Fshuttlecocks%2Fas50.jpg&w=384&q=75:0
[    7632ms] [ERROR] Failed to load resource: the server responded with a status of 400 () @ https://tzh-badminton.vercel.app/_next/image?url=%2Fimages%2Fshop%2Fbags%2Fyonex-92031.jpg&w=384&q=75:0
[    7638ms] [ERROR] Failed to load resource: the server responded with a status of 400 () @ https://tzh-badminton.vercel.app/_next/image?url=%2Fimages%2Fshop%2Fgrips%2Fsuper-grap.jpg&w=384&q=75:0
[    7638ms] [ERROR] Failed to load resource: the server responded with a status of 400 () @ https://tzh-badminton.vercel.app/_next/image?url=%2Fimages%2Fshop%2Fpickleball%2Fhyperion.jpg&w=384&q=75:0
[    8336ms] [ERROR] Failed to load resource: the server responded with a status of 400 () @ https://tzh-badminton.vercel.app/_next/image?url=%2Fimages%2Fshop%2Faccessories%2Fbg65.jpg&w=384&q=75:0
[    8336ms] [ERROR] Failed to load resource: the server responded with a status of 400 () @ https://tzh-badminton.vercel.app/_next/image?url=%2Fimages%2Fshop%2Fshoes%2Fpc65z3.jpg&w=384&q=75:0
[    8336ms] [ERROR] Failed to load resource: the server responded with a status of 400 () @ https://tzh-badminton.vercel.app/_next/image?url=%2Fimages%2Fshop%2Frackets%2Fastrox-99-pro.jpg&w=384&q=75:0
[    8337ms] [ERROR] Failed to load resource: the server responded with a status of 400 () @ https://tzh-badminton.vercel.app/_next/image?url=%2Fimages%2Fshop%2Frackets%2Fthruster-k9900.jpg&w=384&q=75:0
[    8338ms] [ERROR] Failed to load resource: the server responded with a status of 400 () @ https://tzh-badminton.vercel.app/_next/image?url=%2Fimages%2Fshop%2Fshuttlecocks%2Fas50.jpg&w=384&q=75:0
[    8338ms] [ERROR] Failed to load resource: the server responded with a status of 400 () @ https://tzh-badminton.vercel.app/_next/image?url=%2Fimages%2Fshop%2Fpickleball%2Fhyperion.jpg&w=384&q=75:0
[    8629ms] [ERROR] Failed to load resource: the server responded with a status of 400 () @ https://tzh-badminton.vercel.app/_next/image?url=%2Fimages%2Fshop%2Fgrips%2Fsuper-grap.jpg&w=384&q=75:0
[    8630ms] [ERROR] Failed to load resource: the server responded with a status of 400 () @ https://tzh-badminton.vercel.app/_next/image?url=%2Fimages%2Fshop%2Frackets%2Fthruster-k9900.jpg&w=384&q=75:0
[    8632ms] [ERROR] Failed to load resource: the server responded with a status of 400 () @ https://tzh-badminton.vercel.app/_next/image?url=%2Fimages%2Fshop%2Fshuttlecocks%2Fas50.jpg&w=384&q=75:0
[    8632ms] [ERROR] Failed to load resource: the server responded with a status of 400 () @ https://tzh-badminton.vercel.app/_next/image?url=%2Fimages%2Fshop%2Fbags%2Fyonex-92031.jpg&w=384&q=75:0
[    8632ms] [ERROR] Failed to load resource: the server responded with a status of 400 () @ https://tzh-badminton.vercel.app/_next/image?url=%2Fimages%2Fshop%2Fshoes%2Fpc65z3.jpg&w=384&q=75:0
[    8937ms] [ERROR] Failed to load resource: the server responded with a status of 400 () @ https://tzh-badminton.vercel.app/_next/image?url=%2Fimages%2Fshop%2Fpickleball%2Fhyperion.jpg&w=384&q=75:0
[    8938ms] [ERROR] Failed to load resource: the server responded with a status of 400 () @ https://tzh-badminton.vercel.app/_next/image?url=%2Fimages%2Fshop%2Faccessories%2Fbg65.jpg&w=384&q=75:0
[    8938ms] [ERROR] Failed to load resource: the server responded with a status of 400 () @ https://tzh-badminton.vercel.app/_next/image?url=%2Fimages%2Fshop%2Fshoes%2Fpc65z3.jpg&w=384&q=75:0
[    8941ms] [ERROR] Failed to load resource: the server responded with a status of 400 () @ https://tzh-badminton.vercel.app/_next/image?url=%2Fimages%2Fshop%2Frackets%2Fastrox-99-pro.jpg&w=384&q=75:0
[    8942ms] [ERROR] Failed to load resource: the server responded with a status of 400 () @ https://tzh-badminton.vercel.app/_next/image?url=%2Fimages%2Fshop%2Frackets%2Fthruster-k9900.jpg&w=384&q=75:0
[    8944ms] [ERROR] Failed to load resource: the server responded with a status of 400 () @ https://tzh-badminton.vercel.app/_next/image?url=%2Fimages%2Fshop%2Fbags%2Fyonex-92031.jpg&w=384&q=75:0
[    9224ms] [ERROR] Failed to load resource: the server responded with a status of 400 () @ https://tzh-badminton.vercel.app/_next/image?url=%2Fimages%2Fshop%2Fshuttlecocks%2Fas50.jpg&w=384&q=75:0
[    9225ms] [ERROR] Failed to load resource: the server responded with a status of 400 () @ https://tzh-badminton.vercel.app/_next/image?url=%2Fimages%2Fshop%2Fgrips%2Fsuper-grap.jpg&w=384&q=75:0
[    9225ms] [ERROR] Failed to load resource: the server responded with a status of 400 () @ https://tzh-badminton.vercel.app/_next/image?url=%2Fimages%2Fshop%2Fshoes%2Fpc65z3.jpg&w=384&q=75:0
[    9230ms] [ERROR] Failed to load resource: the server responded with a status of 400 () @ https://tzh-badminton.vercel.app/_next/image?url=%2Fimages%2Fshop%2Frackets%2Fthruster-k9900.jpg&w=384&q=75:0
[    9235ms] [ERROR] Failed to load resource: the server responded with a status of 400 () @ https://tzh-badminton.vercel.app/_next/image?url=%2Fimages%2Fshop%2Fpickleball%2Fhyperion.jpg&w=384&q=75:0
[    9520ms] [ERROR] Failed to load resource: the server responded with a status of 400 () @ https://tzh-badminton.vercel.app/_next/image?url=%2Fimages%2Fshop%2Frackets%2Fastrox-99-pro.jpg&w=384&q=75:0
[    9520ms] [ERROR] Failed to load resource: the server responded with a status of 400 () @ https://tzh-badminton.vercel.app/_next/image?url=%2Fimages%2Fshop%2Faccessories%2Fbg65.jpg&w=384&q=75:0
[    9520ms] [ERROR] Failed to load resource: the server responded with a status of 400 () @ https://tzh-badminton.vercel.app/_next/image?url=%2Fimages%2Fshop%2Fbags%2Fyonex-92031.jpg&w=384&q=75:0
[    9525ms] [ERROR] Failed to load resource: the server responded with a status of 400 () @ https://tzh-badminton.vercel.app/_next/image?url=%2Fimages%2Fshop%2Fgrips%2Fsuper-grap.jpg&w=384&q=75:0
[    9525ms] [ERROR] Failed to load resource: the server responded with a status of 400 () @ https://tzh-badminton.vercel.app/_next/image?url=%2Fimages%2Fshop%2Frackets%2Fthruster-k9900.jpg&w=384&q=75:0
[    9525ms] [ERROR] Failed to load resource: the server responded with a status of 400 () @ https://tzh-badminton.vercel.app/_next/image?url=%2Fimages%2Fshop%2Fshuttlecocks%2Fas50.jpg&w=384&q=75:0
[    9533ms] [ERROR] Failed to load resource: the server responded with a status of 400 () @ https://tzh-badminton.vercel.app/_next/image?url=%2Fimages%2Fshop%2Fshoes%2Fpc65z3.jpg&w=384&q=75:0
[    9626ms] [ERROR] Failed to load resource: the server responded with a status of 400 () @ https://tzh-badminton.vercel.app/_next/image?url=%2Fimages%2Fshop%2Fpickleball%2Fhyperion.jpg&w=384&q=75:0
[    9823ms] [ERROR] Failed to load resource: the server responded with a status of 400 () @ https://tzh-badminton.vercel.app/_next/image?url=%2Fimages%2Fshop%2Frackets%2Fastrox-99-pro.jpg&w=384&q=75:0
[    9824ms] [ERROR] Failed to load resource: the server responded with a status of 400 () @ https://tzh-badminton.vercel.app/_next/image?url=%2Fimages%2Fshop%2Faccessories%2Fbg65.jpg&w=384&q=75:0
[    9830ms] [ERROR] Failed to load resource: the server responded with a status of 400 () @ https://tzh-badminton.vercel.app/_next/image?url=%2Fimages%2Fshop%2Fshoes%2Fpc65z3.jpg&w=384&q=75:0
[    9830ms] [ERROR] Failed to load resource: the server responded with a status of 400 () @ https://tzh-badminton.vercel.app/_next/image?url=%2Fimages%2Fshop%2Fpickleball%2Fhyperion.jpg&w=384&q=75:0
[    9831ms] [ERROR] Failed to load resource: the server responded with a status of 400 () @ https://tzh-badminton.vercel.app/_next/image?url=%2Fimages%2Fshop%2Fshuttlecocks%2Fas50.jpg&w=384&q=75:0
[   10396ms] [ERROR] Failed to load resource: the server responded with a status of 400 () @ https://tzh-badminton.vercel.app/_next/image?url=%2Fimages%2Fshop%2Fgrips%2Fsuper-grap.jpg&w=384&q=75:0
[   10396ms] [ERROR] Failed to load resource: the server responded with a status of 400 () @ https://tzh-badminton.vercel.app/_next/image?url=%2Fimages%2Fshop%2Fbags%2Fyonex-92031.jpg&w=384&q=75:0
[   10396ms] [ERROR] Failed to load resource: the server responded with a status of 400 () @ https://tzh-badminton.vercel.app/_next/image?url=%2Fimages%2Fshop%2Frackets%2Fthruster-k9900.jpg&w=384&q=75:0
[   10397ms] [ERROR] Failed to load resource: the server responded with a status of 400 () @ https://tzh-badminton.vercel.app/_next/image?url=%2Fimages%2Fshop%2Frackets%2Fastrox-99-pro.jpg&w=384&q=75:0
[   10397ms] [ERROR] Failed to load resource: the server responded with a status of 400 () @ https://tzh-badminton.vercel.app/_next/image?url=%2Fimages%2Fshop%2Faccessories%2Fbg65.jpg&w=384&q=75:0
[   10397ms] [ERROR] Failed to load resource: the server responded with a status of 400 () @ https://tzh-badminton.vercel.app/_next/image?url=%2Fimages%2Fshop%2Fshuttlecocks%2Fas50.jpg&w=384&q=75:0
[   10413ms] [ERROR] Failed to load resource: the server responded with a status of 400 () @ https://tzh-badminton.vercel.app/_next/image?url=%2Fimages%2Fshop%2Fshoes%2Fpc65z3.jpg&w=384&q=75:0
[   10413ms] [ERROR] Failed to load resource: the server responded with a status of 400 () @ https://tzh-badminton.vercel.app/_next/image?url=%2Fimages%2Fshop%2Fpickleball%2Fhyperion.jpg&w=384&q=75:0
[   10675ms] [ERROR] Failed to load resource: the server responded with a status of 400 () @ https://tzh-badminton.vercel.app/_next/image?url=%2Fimages%2Fshop%2Frackets%2Fthruster-k9900.jpg&w=384&q=75:0
[   10677ms] [ERROR] Failed to load resource: the server responded with a status of 400 () @ https://tzh-badminton.vercel.app/_next/image?url=%2Fimages%2Fshop%2Fshuttlecocks%2Fas50.jpg&w=384&q=75:0
[   10679ms] [ERROR] Failed to load resource: the server responded with a status of 400 () @ https://tzh-badminton.vercel.app/_next/image?url=%2Fimages%2Fshop%2Fbags%2Fyonex-92031.jpg&w=384&q=75:0
[   10954ms] [ERROR] Failed to load resource: the server responded with a status of 400 () @ https://tzh-badminton.vercel.app/_next/image?url=%2Fimages%2Fshop%2Fgrips%2Fsuper-grap.jpg&w=384&q=75:0
[   10954ms] [ERROR] Failed to load resource: the server responded with a status of 400 () @ https://tzh-badminton.vercel.app/_next/image?url=%2Fimages%2Fshop%2Fpickleball%2Fhyperion.jpg&w=384&q=75:0
[   10954ms] [ERROR] Failed to load resource: the server responded with a status of 400 () @ https://tzh-badminton.vercel.app/_next/image?url=%2Fimages%2Fshop%2Fshoes%2Fpc65z3.jpg&w=384&q=75:0
[   10954ms] [ERROR] Failed to load resource: the server responded with a status of 400 () @ https://tzh-badminton.vercel.app/_next/image?url=%2Fimages%2Fshop%2Frackets%2Fastrox-99-pro.jpg&w=384&q=75:0
[   10954ms] [ERROR] Failed to load resource: the server responded with a status of 400 () @ https://tzh-badminton.vercel.app/_next/image?url=%2Fimages%2Fshop%2Fbags%2Fyonex-92031.jpg&w=384&q=75:0
[   10970ms] [ERROR] Failed to load resource: the server responded with a status of 400 () @ https://tzh-badminton.vercel.app/_next/image?url=%2Fimages%2Fshop%2Fshuttlecocks%2Fas50.jpg&w=384&q=75:0
[   10987ms] [ERROR] Failed to load resource: the server responded with a status of 400 () @ https://tzh-badminton.vercel.app/_next/image?url=%2Fimages%2Fshop%2Faccessories%2Fbg65.jpg&w=384&q=75:0
[   10992ms] [ERROR] Failed to load resource: the server responded with a status of 400 () @ https://tzh-badminton.vercel.app/_next/image?url=%2Fimages%2Fshop%2Frackets%2Fthruster-k9900.jpg&w=384&q=75:0
[   11250ms] [ERROR] Failed to load resource: the server responded with a status of 400 () @ https://tzh-badminton.vercel.app/_next/image?url=%2Fimages%2Fshop%2Fshuttlecocks%2Fas50.jpg&w=384&q=75:0
[   11253ms] [ERROR] Failed to load resource: the server responded with a status of 400 () @ https://tzh-badminton.vercel.app/_next/image?url=%2Fimages%2Fshop%2Fgrips%2Fsuper-grap.jpg&w=384&q=75:0
[   11267ms] [ERROR] Failed to load resource: the server responded with a status of 400 () @ https://tzh-badminton.vercel.app/_next/image?url=%2Fimages%2Fshop%2Frackets%2Fthruster-k9900.jpg&w=384&q=75:0
[   11534ms] [ERROR] Failed to load resource: the server responded with a status of 400 () @ https://tzh-badminton.vercel.app/_next/image?url=%2Fimages%2Fshop%2Frackets%2Fastrox-99-pro.jpg&w=384&q=75:0
[   11534ms] [ERROR] Failed to load resource: the server responded with a status of 400 () @ https://tzh-badminton.vercel.app/_next/image?url=%2Fimages%2Fshop%2Fpickleball%2Fhyperion.jpg&w=384&q=75:0
[   11534ms] [ERROR] Failed to load resource: the server responded with a status of 400 () @ https://tzh-badminton.vercel.app/_next/image?url=%2Fimages%2Fshop%2Fbags%2Fyonex-92031.jpg&w=384&q=75:0
[   11538ms] [ERROR] Failed to load resource: the server responded with a status of 400 () @ https://tzh-badminton.vercel.app/_next/image?url=%2Fimages%2Fshop%2Fshoes%2Fpc65z3.jpg&w=384&q=75:0
[   11538ms] [ERROR] Failed to load resource: the server responded with a status of 400 () @ https://tzh-badminton.vercel.app/_next/image?url=%2Fimages%2Fshop%2Frackets%2Fthruster-k9900.jpg&w=384&q=75:0
[   11543ms] [ERROR] Failed to load resource: the server responded with a status of 400 () @ https://tzh-badminton.vercel.app/_next/image?url=%2Fimages%2Fshop%2Fshuttlecocks%2Fas50.jpg&w=384&q=75:0
[   11556ms] [ERROR] Failed to load resource: the server responded with a status of 400 () @ https://tzh-badminton.vercel.app/_next/image?url=%2Fimages%2Fshop%2Faccessories%2Fbg65.jpg&w=384&q=75:0
[   11812ms] [ERROR] Failed to load resource: the server responded with a status of 400 () @ https://tzh-badminton.vercel.app/_next/image?url=%2Fimages%2Fshop%2Fgrips%2Fsuper-grap.jpg&w=384&q=75:0
[   11817ms] [ERROR] Failed to load resource: the server responded with a status of 400 () @ https://tzh-badminton.vercel.app/_next/image?url=%2Fimages%2Fshop%2Frackets%2Fthruster-k9900.jpg&w=384&q=75:0
[   11817ms] [ERROR] Failed to load resource: the server responded with a status of 400 () @ https://tzh-badminton.vercel.app/_next/image?url=%2Fimages%2Fshop%2Frackets%2Fastrox-99-pro.jpg&w=384&q=75:0
[   11821ms] [ERROR] Failed to load resource: the server responded with a status of 400 () @ https://tzh-badminton.vercel.app/_next/image?url=%2Fimages%2Fshop%2Fbags%2Fyonex-92031.jpg&w=384&q=75:0
[   11826ms] [ERROR] Failed to load resource: the server responded with a status of 400 () @ https://tzh-badminton.vercel.app/_next/image?url=%2Fimages%2Fshop%2Faccessories%2Fbg65.jpg&w=384&q=75:0
[   11828ms] [ERROR] Failed to load resource: the server responded with a status of 400 () @ https://tzh-badminton.vercel.app/_next/image?url=%2Fimages%2Fshop%2Fpickleball%2Fhyperion.jpg&w=384&q=75:0
[   12110ms] [ERROR] Failed to load resource: the server responded with a status of 400 () @ https://tzh-badminton.vercel.app/_next/image?url=%2Fimages%2Fshop%2Fshoes%2Fpc65z3.jpg&w=384&q=75:0
[   12110ms] [ERROR] Failed to load resource: the server responded with a status of 400 () @ https://tzh-badminton.vercel.app/_next/image?url=%2Fimages%2Fshop%2Fshuttlecocks%2Fas50.jpg&w=384&q=75:0
[   12115ms] [ERROR] Failed to load resource: the server responded with a status of 400 () @ https://tzh-badminton.vercel.app/_next/image?url=%2Fimages%2Fshop%2Frackets%2Fastrox-99-pro.jpg&w=384&q=75:0
[   12121ms] [ERROR] Failed to load resource: the server responded with a status of 400 () @ https://tzh-badminton.vercel.app/_next/image?url=%2Fimages%2Fshop%2Fbags%2Fyonex-92031.jpg&w=384&q=75:0
[   12138ms] [ERROR] Failed to load resource: the server responded with a status of 400 () @ https://tzh-badminton.vercel.app/_next/image?url=%2Fimages%2Fshop%2Faccessories%2Fbg65.jpg&w=384&q=75:0
[   12416ms] [ERROR] Failed to load resource: the server responded with a status of 400 () @ https://tzh-badminton.vercel.app/_next/image?url=%2Fimages%2Fshop%2Fpickleball%2Fhyperion.jpg&w=384&q=75:0
[   12419ms] [ERROR] Failed to load resource: the server responded with a status of 400 () @ https://tzh-badminton.vercel.app/_next/image?url=%2Fimages%2Fshop%2Fgrips%2Fsuper-grap.jpg&w=384&q=75:0
[   12419ms] [ERROR] Failed to load resource: the server responded with a status of 400 () @ https://tzh-badminton.vercel.app/_next/image?url=%2Fimages%2Fshop%2Frackets%2Fthruster-k9900.jpg&w=384&q=75:0
[   12420ms] [ERROR] Failed to load resource: the server responded with a status of 400 () @ https://tzh-badminton.vercel.app/_next/image?url=%2Fimages%2Fshop%2Fshuttlecocks%2Fas50.jpg&w=384&q=75:0
[   12421ms] [ERROR] Failed to load resource: the server responded with a status of 400 () @ https://tzh-badminton.vercel.app/_next/image?url=%2Fimages%2Fshop%2Fbags%2Fyonex-92031.jpg&w=384&q=75:0
[   12424ms] [ERROR] Failed to load resource: the server responded with a status of 400 () @ https://tzh-badminton.vercel.app/_next/image?url=%2Fimages%2Fshop%2Faccessories%2Fbg65.jpg&w=384&q=75:0
[   12702ms] [ERROR] Failed to load resource: the server responded with a status of 400 () @ https://tzh-badminton.vercel.app/_next/image?url=%2Fimages%2Fshop%2Frackets%2Fastrox-99-pro.jpg&w=384&q=75:0
[   12702ms] [ERROR] Failed to load resource: the server responded with a status of 400 () @ https://tzh-badminton.vercel.app/_next/image?url=%2Fimages%2Fshop%2Fbags%2Fyonex-92031.jpg&w=384&q=75:0
[   12702ms] [ERROR] Failed to load resource: the server responded with a status of 400 () @ https://tzh-badminton.vercel.app/_next/image?url=%2Fimages%2Fshop%2Fshoes%2Fpc65z3.jpg&w=384&q=75:0
[   12709ms] [ERROR] Failed to load resource: the server responded with a status of 400 () @ https://tzh-badminton.vercel.app/_next/image?url=%2Fimages%2Fshop%2Fshuttlecocks%2Fas50.jpg&w=384&q=75:0
[   12709ms] [ERROR] Failed to load resource: the server responded with a status of 400 () @ https://tzh-badminton.vercel.app/_next/image?url=%2Fimages%2Fshop%2Frackets%2Fthruster-k9900.jpg&w=384&q=75:0
[   12740ms] [ERROR] Failed to load resource: the server responded with a status of 400 () @ https://tzh-badminton.vercel.app/_next/image?url=%2Fimages%2Fshop%2Faccessories%2Fbg65.jpg&w=384&q=75:0
[   12989ms] [ERROR] Failed to load resource: the server responded with a status of 400 () @ https://tzh-badminton.vercel.app/_next/image?url=%2Fimages%2Fshop%2Fpickleball%2Fhyperion.jpg&w=384&q=75:0
[   12989ms] [ERROR] Failed to load resource: the server responded with a status of 400 () @ https://tzh-badminton.vercel.app/_next/image?url=%2Fimages%2Fshop%2Fgrips%2Fsuper-grap.jpg&w=384&q=75:0
[   12989ms] [ERROR] Failed to load resource: the server responded with a status of 400 () @ https://tzh-badminton.vercel.app/_next/image?url=%2Fimages%2Fshop%2Fshoes%2Fpc65z3.jpg&w=384&q=75:0
[   12990ms] [ERROR] Failed to load resource: the server responded with a status of 400 () @ https://tzh-badminton.vercel.app/_next/image?url=%2Fimages%2Fshop%2Fbags%2Fyonex-92031.jpg&w=384&q=75:0
[   13001ms] [ERROR] Failed to load resource: the server responded with a status of 400 () @ https://tzh-badminton.vercel.app/_next/image?url=%2Fimages%2Fshop%2Faccessories%2Fbg65.jpg&w=384&q=75:0
[   13011ms] [ERROR] Failed to load resource: the server responded with a status of 400 () @ https://tzh-badminton.vercel.app/_next/image?url=%2Fimages%2Fshop%2Frackets%2Fthruster-k9900.jpg&w=384&q=75:0
[   13276ms] [ERROR] Failed to load resource: the server responded with a status of 400 () @ https://tzh-badminton.vercel.app/_next/image?url=%2Fimages%2Fshop%2Fshuttlecocks%2Fas50.jpg&w=384&q=75:0
[   13278ms] [ERROR] Failed to load resource: the server responded with a status of 400 () @ https://tzh-badminton.vercel.app/_next/image?url=%2Fimages%2Fshop%2Frackets%2Fastrox-99-pro.jpg&w=384&q=75:0
[   13279ms] [ERROR] Failed to load resource: the server responded with a status of 400 () @ https://tzh-badminton.vercel.app/_next/image?url=%2Fimages%2Fshop%2Fpickleball%2Fhyperion.jpg&w=384&q=75:0
[   13281ms] [ERROR] Failed to load resource: the server responded with a status of 400 () @ https://tzh-badminton.vercel.app/_next/image?url=%2Fimages%2Fshop%2Fbags%2Fyonex-92031.jpg&w=384&q=75:0
[   13559ms] [ERROR] Failed to load resource: the server responded with a status of 400 () @ https://tzh-badminton.vercel.app/_next/image?url=%2Fimages%2Fshop%2Fgrips%2Fsuper-grap.jpg&w=384&q=75:0
[   13559ms] [ERROR] Failed to load resource: the server responded with a status of 400 () @ https://tzh-badminton.vercel.app/_next/image?url=%2Fimages%2Fshop%2Fshoes%2Fpc65z3.jpg&w=384&q=75:0
[   13560ms] [ERROR] Failed to load resource: the server responded with a status of 400 () @ https://tzh-badminton.vercel.app/_next/image?url=%2Fimages%2Fshop%2Frackets%2Fthruster-k9900.jpg&w=384&q=75:0
[   13560ms] [ERROR] Failed to load resource: the server responded with a status of 400 () @ https://tzh-badminton.vercel.app/_next/image?url=%2Fimages%2Fshop%2Faccessories%2Fbg65.jpg&w=384&q=75:0
[   13564ms] [ERROR] Failed to load resource: the server responded with a status of 400 () @ https://tzh-badminton.vercel.app/_next/image?url=%2Fimages%2Fshop%2Fbags%2Fyonex-92031.jpg&w=384&q=75:0
[   13567ms] [ERROR] Failed to load resource: the server responded with a status of 400 () @ https://tzh-badminton.vercel.app/_next/image?url=%2Fimages%2Fshop%2Fpickleball%2Fhyperion.jpg&w=384&q=75:0
[   13654ms] [ERROR] Failed to load resource: the server responded with a status of 400 () @ https://tzh-badminton.vercel.app/_next/image?url=%2Fimages%2Fshop%2Fshuttlecocks%2Fas50.jpg&w=384&q=75:0
[   13857ms] [ERROR] Failed to load resource: the server responded with a status of 400 () @ https://tzh-badminton.vercel.app/_next/image?url=%2Fimages%2Fshop%2Frackets%2Fastrox-99-pro.jpg&w=384&q=75:0
[   13861ms] [ERROR] Failed to load resource: the server responded with a status of 400 () @ https://tzh-badminton.vercel.app/_next/image?url=%2Fimages%2Fshop%2Fpickleball%2Fhyperion.jpg&w=384&q=75:0
[   13861ms] [ERROR] Failed to load resource: the server responded with a status of 400 () @ https://tzh-badminton.vercel.app/_next/image?url=%2Fimages%2Fshop%2Fshuttlecocks%2Fas50.jpg&w=384&q=75:0
[   13866ms] [ERROR] Failed to load resource: the server responded with a status of 400 () @ https://tzh-badminton.vercel.app/_next/image?url=%2Fimages%2Fshop%2Frackets%2Fthruster-k9900.jpg&w=384&q=75:0
[   14153ms] [ERROR] Failed to load resource: the server responded with a status of 400 () @ https://tzh-badminton.vercel.app/_next/image?url=%2Fimages%2Fshop%2Faccessories%2Fbg65.jpg&w=384&q=75:0
[   14153ms] [ERROR] Failed to load resource: the server responded with a status of 400 () @ https://tzh-badminton.vercel.app/_next/image?url=%2Fimages%2Fshop%2Fbags%2Fyonex-92031.jpg&w=384&q=75:0
[   14156ms] [ERROR] Failed to load resource: the server responded with a status of 400 () @ https://tzh-badminton.vercel.app/_next/image?url=%2Fimages%2Fshop%2Fshoes%2Fpc65z3.jpg&w=384&q=75:0
[   14158ms] [ERROR] Failed to load resource: the server responded with a status of 400 () @ https://tzh-badminton.vercel.app/_next/image?url=%2Fimages%2Fshop%2Fgrips%2Fsuper-grap.jpg&w=384&q=75:0
[   14158ms] [ERROR] Failed to load resource: the server responded with a status of 400 () @ https://tzh-badminton.vercel.app/_next/image?url=%2Fimages%2Fshop%2Fshuttlecocks%2Fas50.jpg&w=384&q=75:0
[   14448ms] [ERROR] Failed to load resource: the server responded with a status of 400 () @ https://tzh-badminton.vercel.app/_next/image?url=%2Fimages%2Fshop%2Frackets%2Fastrox-99-pro.jpg&w=384&q=75:0
[   14449ms] [ERROR] Failed to load resource: the server responded with a status of 400 () @ https://tzh-badminton.vercel.app/_next/image?url=%2Fimages%2Fshop%2Frackets%2Fthruster-k9900.jpg&w=384&q=75:0
[   14452ms] [ERROR] Failed to load resource: the server responded with a status of 400 () @ https://tzh-badminton.vercel.app/_next/image?url=%2Fimages%2Fshop%2Fshoes%2Fpc65z3.jpg&w=384&q=75:0
[   14454ms] [ERROR] Failed to load resource: the server responded with a status of 400 () @ https://tzh-badminton.vercel.app/_next/image?url=%2Fimages%2Fshop%2Fpickleball%2Fhyperion.jpg&w=384&q=75:0
[   14458ms] [ERROR] Failed to load resource: the server responded with a status of 400 () @ https://tzh-badminton.vercel.app/_next/image?url=%2Fimages%2Fshop%2Faccessories%2Fbg65.jpg&w=384&q=75:0
[   14747ms] [ERROR] Failed to load resource: the server responded with a status of 400 () @ https://tzh-badminton.vercel.app/_next/image?url=%2Fimages%2Fshop%2Fshuttlecocks%2Fas50.jpg&w=384&q=75:0
[   14747ms] [ERROR] Failed to load resource: the server responded with a status of 400 () @ https://tzh-badminton.vercel.app/_next/image?url=%2Fimages%2Fshop%2Fgrips%2Fsuper-grap.jpg&w=384&q=75:0
[   14747ms] [ERROR] Failed to load resource: the server responded with a status of 400 () @ https://tzh-badminton.vercel.app/_next/image?url=%2Fimages%2Fshop%2Fbags%2Fyonex-92031.jpg&w=384&q=75:0
[   14750ms] [ERROR] Failed to load resource: the server responded with a status of 400 () @ https://tzh-badminton.vercel.app/_next/image?url=%2Fimages%2Fshop%2Frackets%2Fastrox-99-pro.jpg&w=384&q=75:0
[   14760ms] [ERROR] Failed to load resource: the server responded with a status of 400 () @ https://tzh-badminton.vercel.app/_next/image?url=%2Fimages%2Fshop%2Fshoes%2Fpc65z3.jpg&w=384&q=75:0
[   15037ms] [ERROR] Failed to load resource: the server responded with a status of 400 () @ https://tzh-badminton.vercel.app/_next/image?url=%2Fimages%2Fshop%2Fpickleball%2Fhyperion.jpg&w=384&q=75:0
[   15038ms] [ERROR] Failed to load resource: the server responded with a status of 400 () @ https://tzh-badminton.vercel.app/_next/image?url=%2Fimages%2Fshop%2Frackets%2Fastrox-99-pro.jpg&w=384&q=75:0
[   15038ms] [ERROR] Failed to load resource: the server responded with a status of 400 () @ https://tzh-badminton.vercel.app/_next/image?url=%2Fimages%2Fshop%2Frackets%2Fthruster-k9900.jpg&w=384&q=75:0
[   15041ms] [ERROR] Failed to load resource: the server responded with a status of 400 () @ https://tzh-badminton.vercel.app/_next/image?url=%2Fimages%2Fshop%2Fgrips%2Fsuper-grap.jpg&w=384&q=75:0
[   15049ms] [ERROR] Failed to load resource: the server responded with a status of 400 () @ https://tzh-badminton.vercel.app/_next/image?url=%2Fimages%2Fshop%2Fbags%2Fyonex-92031.jpg&w=384&q=75:0
[   15066ms] [ERROR] Failed to load resource: the server responded with a status of 400 () @ https://tzh-badminton.vercel.app/_next/image?url=%2Fimages%2Fshop%2Faccessories%2Fbg65.jpg&w=384&q=75:0
[   15328ms] [ERROR] Failed to load resource: the server responded with a status of 400 () @ https://tzh-badminton.vercel.app/_next/image?url=%2Fimages%2Fshop%2Fshuttlecocks%2Fas50.jpg&w=384&q=75:0
[   15328ms] [ERROR] Failed to load resource: the server responded with a status of 400 () @ https://tzh-badminton.vercel.app/_next/image?url=%2Fimages%2Fshop%2Faccessories%2Fbg65.jpg&w=384&q=75:0
[   15328ms] [ERROR] Failed to load resource: the server responded with a status of 400 () @ https://tzh-badminton.vercel.app/_next/image?url=%2Fimages%2Fshop%2Fshoes%2Fpc65z3.jpg&w=384&q=75:0
[   15328ms] [ERROR] Failed to load resource: the server responded with a status of 400 () @ https://tzh-badminton.vercel.app/_next/image?url=%2Fimages%2Fshop%2Fpickleball%2Fhyperion.jpg&w=384&q=75:0
[   15605ms] [ERROR] Failed to load resource: the server responded with a status of 400 () @ https://tzh-badminton.vercel.app/_next/image?url=%2Fimages%2Fshop%2Frackets%2Fthruster-k9900.jpg&w=384&q=75:0
[   15606ms] [ERROR] Failed to load resource: the server responded with a status of 400 () @ https://tzh-badminton.vercel.app/_next/image?url=%2Fimages%2Fshop%2Fgrips%2Fsuper-grap.jpg&w=384&q=75:0
[   15606ms] [ERROR] Failed to load resource: the server responded with a status of 400 () @ https://tzh-badminton.vercel.app/_next/image?url=%2Fimages%2Fshop%2Fshuttlecocks%2Fas50.jpg&w=384&q=75:0
[   15606ms] [ERROR] Failed to load resource: the server responded with a status of 400 () @ https://tzh-badminton.vercel.app/_next/image?url=%2Fimages%2Fshop%2Frackets%2Fastrox-99-pro.jpg&w=384&q=75:0
[   15609ms] [ERROR] Failed to load resource: the server responded with a status of 400 () @ https://tzh-badminton.vercel.app/_next/image?url=%2Fimages%2Fshop%2Fbags%2Fyonex-92031.jpg&w=384&q=75:0
[   15609ms] [ERROR] Failed to load resource: the server responded with a status of 400 () @ https://tzh-badminton.vercel.app/_next/image?url=%2Fimages%2Fshop%2Faccessories%2Fbg65.jpg&w=384&q=75:0
[   15612ms] [ERROR] Failed to load resource: the server responded with a status of 400 () @ https://tzh-badminton.vercel.app/_next/image?url=%2Fimages%2Fshop%2Fshoes%2Fpc65z3.jpg&w=384&q=75:0
[   15903ms] [ERROR] Failed to load resource: the server responded with a status of 400 () @ https://tzh-badminton.vercel.app/_next/image?url=%2Fimages%2Fshop%2Faccessories%2Fbg65.jpg&w=384&q=75:0
[   15903ms] [ERROR] Failed to load resource: the server responded with a status of 400 () @ https://tzh-badminton.vercel.app/_next/image?url=%2Fimages%2Fshop%2Fpickleball%2Fhyperion.jpg&w=384&q=75:0
[   15908ms] [ERROR] Failed to load resource: the server responded with a status of 400 () @ https://tzh-badminton.vercel.app/_next/image?url=%2Fimages%2Fshop%2Fshoes%2Fpc65z3.jpg&w=384&q=75:0
[   15931ms] [ERROR] Failed to load resource: the server responded with a status of 400 () @ https://tzh-badminton.vercel.app/_next/image?url=%2Fimages%2Fshop%2Frackets%2Fastrox-99-pro.jpg&w=384&q=75:0
[   16191ms] [ERROR] Failed to load resource: the server responded with a status of 400 () @ https://tzh-badminton.vercel.app/_next/image?url=%2Fimages%2Fshop%2Fshuttlecocks%2Fas50.jpg&w=384&q=75:0
[   16191ms] [ERROR] Failed to load resource: the server responded with a status of 400 () @ https://tzh-badminton.vercel.app/_next/image?url=%2Fimages%2Fshop%2Fbags%2Fyonex-92031.jpg&w=384&q=75:0
[   16191ms] [ERROR] Failed to load resource: the server responded with a status of 400 () @ https://tzh-badminton.vercel.app/_next/image?url=%2Fimages%2Fshop%2Fgrips%2Fsuper-grap.jpg&w=384&q=75:0
[   16191ms] [ERROR] Failed to load resource: the server responded with a status of 400 () @ https://tzh-badminton.vercel.app/_next/image?url=%2Fimages%2Fshop%2Frackets%2Fthruster-k9900.jpg&w=384&q=75:0
[   16192ms] [ERROR] Failed to load resource: the server responded with a status of 400 () @ https://tzh-badminton.vercel.app/_next/image?url=%2Fimages%2Fshop%2Frackets%2Fastrox-99-pro.jpg&w=384&q=75:0
[   16216ms] [ERROR] Failed to load resource: the server responded with a status of 400 () @ https://tzh-badminton.vercel.app/_next/image?url=%2Fimages%2Fshop%2Fpickleball%2Fhyperion.jpg&w=384&q=75:0
[   16491ms] [ERROR] Failed to load resource: the server responded with a status of 400 () @ https://tzh-badminton.vercel.app/_next/image?url=%2Fimages%2Fshop%2Faccessories%2Fbg65.jpg&w=384&q=75:0
[   16492ms] [ERROR] Failed to load resource: the server responded with a status of 400 () @ https://tzh-badminton.vercel.app/_next/image?url=%2Fimages%2Fshop%2Fshoes%2Fpc65z3.jpg&w=384&q=75:0
[   16492ms] [ERROR] Failed to load resource: the server responded with a status of 400 () @ https://tzh-badminton.vercel.app/_next/image?url=%2Fimages%2Fshop%2Fgrips%2Fsuper-grap.jpg&w=384&q=75:0
[   16493ms] [ERROR] Failed to load resource: the server responded with a status of 400 () @ https://tzh-badminton.vercel.app/_next/image?url=%2Fimages%2Fshop%2Frackets%2Fthruster-k9900.jpg&w=384&q=75:0
[   16608ms] [ERROR] Failed to load resource: the server responded with a status of 400 () @ https://tzh-badminton.vercel.app/_next/image?url=%2Fimages%2Fshop%2Frackets%2Fastrox-99-pro.jpg&w=384&q=75:0
[   16771ms] [ERROR] Failed to load resource: the server responded with a status of 400 () @ https://tzh-badminton.vercel.app/_next/image?url=%2Fimages%2Fshop%2Fshuttlecocks%2Fas50.jpg&w=384&q=75:0
[   16771ms] [ERROR] Failed to load resource: the server responded with a status of 400 () @ https://tzh-badminton.vercel.app/_next/image?url=%2Fimages%2Fshop%2Fbags%2Fyonex-92031.jpg&w=384&q=75:0
[   16772ms] [ERROR] Failed to load resource: the server responded with a status of 400 () @ https://tzh-badminton.vercel.app/_next/image?url=%2Fimages%2Fshop%2Frackets%2Fastrox-99-pro.jpg&w=384&q=75:0
[   16774ms] [ERROR] Failed to load resource: the server responded with a status of 400 () @ https://tzh-badminton.vercel.app/_next/image?url=%2Fimages%2Fshop%2Fshoes%2Fpc65z3.jpg&w=384&q=75:0
[   16774ms] [ERROR] Failed to load resource: the server responded with a status of 400 () @ https://tzh-badminton.vercel.app/_next/image?url=%2Fimages%2Fshop%2Fpickleball%2Fhyperion.jpg&w=384&q=75:0
[   17057ms] [ERROR] Failed to load resource: the server responded with a status of 400 () @ https://tzh-badminton.vercel.app/_next/image?url=%2Fimages%2Fshop%2Frackets%2Fthruster-k9900.jpg&w=384&q=75:0
[   17057ms] [ERROR] Failed to load resource: the server responded with a status of 400 () @ https://tzh-badminton.vercel.app/_next/image?url=%2Fimages%2Fshop%2Fgrips%2Fsuper-grap.jpg&w=384&q=75:0
[   17057ms] [ERROR] Failed to load resource: the server responded with a status of 400 () @ https://tzh-badminton.vercel.app/_next/image?url=%2Fimages%2Fshop%2Fbags%2Fyonex-92031.jpg&w=384&q=75:0
[   17060ms] [ERROR] Failed to load resource: the server responded with a status of 400 () @ https://tzh-badminton.vercel.app/_next/image?url=%2Fimages%2Fshop%2Faccessories%2Fbg65.jpg&w=384&q=75:0
[   17062ms] [ERROR] Failed to load resource: the server responded with a status of 400 () @ https://tzh-badminton.vercel.app/_next/image?url=%2Fimages%2Fshop%2Fshoes%2Fpc65z3.jpg&w=384&q=75:0
[   17358ms] [ERROR] Failed to load resource: the server responded with a status of 400 () @ https://tzh-badminton.vercel.app/_next/image?url=%2Fimages%2Fshop%2Fshuttlecocks%2Fas50.jpg&w=384&q=75:0
[   17358ms] [ERROR] Failed to load resource: the server responded with a status of 400 () @ https://tzh-badminton.vercel.app/_next/image?url=%2Fimages%2Fshop%2Fpickleball%2Fhyperion.jpg&w=384&q=75:0
[   17358ms] [ERROR] Failed to load resource: the server responded with a status of 400 () @ https://tzh-badminton.vercel.app/_next/image?url=%2Fimages%2Fshop%2Fgrips%2Fsuper-grap.jpg&w=384&q=75:0
[   17358ms] [ERROR] Failed to load resource: the server responded with a status of 400 () @ https://tzh-badminton.vercel.app/_next/image?url=%2Fimages%2Fshop%2Frackets%2Fastrox-99-pro.jpg&w=384&q=75:0
[   17358ms] [ERROR] Failed to load resource: the server responded with a status of 400 () @ https://tzh-badminton.vercel.app/_next/image?url=%2Fimages%2Fshop%2Frackets%2Fthruster-k9900.jpg&w=384&q=75:0
[   17364ms] [ERROR] Failed to load resource: the server responded with a status of 400 () @ https://tzh-badminton.vercel.app/_next/image?url=%2Fimages%2Fshop%2Fbags%2Fyonex-92031.jpg&w=384&q=75:0
[   17661ms] [ERROR] Failed to load resource: the server responded with a status of 400 () @ https://tzh-badminton.vercel.app/_next/image?url=%2Fimages%2Fshop%2Fshoes%2Fpc65z3.jpg&w=384&q=75:0
[   17661ms] [ERROR] Failed to load resource: the server responded with a status of 400 () @ https://tzh-badminton.vercel.app/_next/image?url=%2Fimages%2Fshop%2Faccessories%2Fbg65.jpg&w=384&q=75:0
[   17661ms] [ERROR] Failed to load resource: the server responded with a status of 400 () @ https://tzh-badminton.vercel.app/_next/image?url=%2Fimages%2Fshop%2Frackets%2Fthruster-k9900.jpg&w=384&q=75:0
[   17661ms] [ERROR] Failed to load resource: the server responded with a status of 400 () @ https://tzh-badminton.vercel.app/_next/image?url=%2Fimages%2Fshop%2Fshuttlecocks%2Fas50.jpg&w=384&q=75:0
[   17663ms] [ERROR] Failed to load resource: the server responded with a status of 400 () @ https://tzh-badminton.vercel.app/_next/image?url=%2Fimages%2Fshop%2Fpickleball%2Fhyperion.jpg&w=384&q=75:0
[   17668ms] [ERROR] Failed to load resource: the server responded with a status of 400 () @ https://tzh-badminton.vercel.app/_next/image?url=%2Fimages%2Fshop%2Fbags%2Fyonex-92031.jpg&w=384&q=75:0
[   17736ms] [ERROR] Failed to load resource: the server responded with a status of 400 () @ https://tzh-badminton.vercel.app/_next/image?url=%2Fimages%2Fshop%2Fgrips%2Fsuper-grap.jpg&w=384&q=75:0
[   17942ms] [ERROR] Failed to load resource: the server responded with a status of 400 () @ https://tzh-badminton.vercel.app/_next/image?url=%2Fimages%2Fshop%2Frackets%2Fastrox-99-pro.jpg&w=384&q=75:0
[   17943ms] [ERROR] Failed to load resource: the server responded with a status of 400 () @ https://tzh-badminton.vercel.app/_next/image?url=%2Fimages%2Fshop%2Fshoes%2Fpc65z3.jpg&w=384&q=75:0
[   17945ms] [ERROR] Failed to load resource: the server responded with a status of 400 () @ https://tzh-badminton.vercel.app/_next/image?url=%2Fimages%2Fshop%2Fpickleball%2Fhyperion.jpg&w=384&q=75:0
[   17949ms] [ERROR] Failed to load resource: the server responded with a status of 400 () @ https://tzh-badminton.vercel.app/_next/image?url=%2Fimages%2Fshop%2Frackets%2Fthruster-k9900.jpg&w=384&q=75:0
[   17949ms] [ERROR] Failed to load resource: the server responded with a status of 400 () @ https://tzh-badminton.vercel.app/_next/image?url=%2Fimages%2Fshop%2Fshuttlecocks%2Fas50.jpg&w=384&q=75:0
[   17952ms] [ERROR] Failed to load resource: the server responded with a status of 400 () @ https://tzh-badminton.vercel.app/_next/image?url=%2Fimages%2Fshop%2Fgrips%2Fsuper-grap.jpg&w=384&q=75:0
[   18235ms] [ERROR] Failed to load resource: the server responded with a status of 400 () @ https://tzh-badminton.vercel.app/_next/image?url=%2Fimages%2Fshop%2Faccessories%2Fbg65.jpg&w=384&q=75:0
[   18235ms] [ERROR] Failed to load resource: the server responded with a status of 400 () @ https://tzh-badminton.vercel.app/_next/image?url=%2Fimages%2Fshop%2Fbags%2Fyonex-92031.jpg&w=384&q=75:0
[   18235ms] [ERROR] Failed to load resource: the server responded with a status of 400 () @ https://tzh-badminton.vercel.app/_next/image?url=%2Fimages%2Fshop%2Frackets%2Fastrox-99-pro.jpg&w=384&q=75:0
[   18236ms] [ERROR] Failed to load resource: the server responded with a status of 400 () @ https://tzh-badminton.vercel.app/_next/image?url=%2Fimages%2Fshop%2Fpickleball%2Fhyperion.jpg&w=384&q=75:0
[   18244ms] [ERROR] Failed to load resource: the server responded with a status of 400 () @ https://tzh-badminton.vercel.app/_next/image?url=%2Fimages%2Fshop%2Frackets%2Fthruster-k9900.jpg&w=384&q=75:0
[   18522ms] [ERROR] Failed to load resource: the server responded with a status of 400 () @ https://tzh-badminton.vercel.app/_next/image?url=%2Fimages%2Fshop%2Fshoes%2Fpc65z3.jpg&w=384&q=75:0
[   18522ms] [ERROR] Failed to load resource: the server responded with a status of 400 () @ https://tzh-badminton.vercel.app/_next/image?url=%2Fimages%2Fshop%2Fshuttlecocks%2Fas50.jpg&w=384&q=75:0
[   18522ms] [ERROR] Failed to load resource: the server responded with a status of 400 () @ https://tzh-badminton.vercel.app/_next/image?url=%2Fimages%2Fshop%2Faccessories%2Fbg65.jpg&w=384&q=75:0
[   18529ms] [ERROR] Failed to load resource: the server responded with a status of 400 () @ https://tzh-badminton.vercel.app/_next/image?url=%2Fimages%2Fshop%2Frackets%2Fastrox-99-pro.jpg&w=384&q=75:0
[   18529ms] [ERROR] Failed to load resource: the server responded with a status of 400 () @ https://tzh-badminton.vercel.app/_next/image?url=%2Fimages%2Fshop%2Fpickleball%2Fhyperion.jpg&w=384&q=75:0
[   18547ms] [ERROR] Failed to load resource: the server responded with a status of 400 () @ https://tzh-badminton.vercel.app/_next/image?url=%2Fimages%2Fshop%2Fgrips%2Fsuper-grap.jpg&w=384&q=75:0
[   18553ms] [ERROR] Failed to load resource: the server responded with a status of 400 () @ https://tzh-badminton.vercel.app/_next/image?url=%2Fimages%2Fshop%2Frackets%2Fthruster-k9900.jpg&w=384&q=75:0
[   18828ms] [ERROR] Failed to load resource: the server responded with a status of 400 () @ https://tzh-badminton.vercel.app/_next/image?url=%2Fimages%2Fshop%2Fbags%2Fyonex-92031.jpg&w=384&q=75:0
[   18828ms] [ERROR] Failed to load resource: the server responded with a status of 400 () @ https://tzh-badminton.vercel.app/_next/image?url=%2Fimages%2Fshop%2Fgrips%2Fsuper-grap.jpg&w=384&q=75:0
[   18833ms] [ERROR] Failed to load resource: the server responded with a status of 400 () @ https://tzh-badminton.vercel.app/_next/image?url=%2Fimages%2Fshop%2Frackets%2Fthruster-k9900.jpg&w=384&q=75:0
[   18833ms] [ERROR] Failed to load resource: the server responded with a status of 400 () @ https://tzh-badminton.vercel.app/_next/image?url=%2Fimages%2Fshop%2Fshoes%2Fpc65z3.jpg&w=384&q=75:0
[   18877ms] [ERROR] Failed to load resource: the server responded with a status of 400 () @ https://tzh-badminton.vercel.app/_next/image?url=%2Fimages%2Fshop%2Frackets%2Fastrox-99-pro.jpg&w=384&q=75:0
[   19107ms] [ERROR] Failed to load resource: the server responded with a status of 400 () @ https://tzh-badminton.vercel.app/_next/image?url=%2Fimages%2Fshop%2Fshuttlecocks%2Fas50.jpg&w=384&q=75:0
[   19107ms] [ERROR] Failed to load resource: the server responded with a status of 400 () @ https://tzh-badminton.vercel.app/_next/image?url=%2Fimages%2Fshop%2Frackets%2Fthruster-k9900.jpg&w=384&q=75:0
[   19108ms] [ERROR] Failed to load resource: the server responded with a status of 400 () @ https://tzh-badminton.vercel.app/_next/image?url=%2Fimages%2Fshop%2Fpickleball%2Fhyperion.jpg&w=384&q=75:0
[   19111ms] [ERROR] Failed to load resource: the server responded with a status of 400 () @ https://tzh-badminton.vercel.app/_next/image?url=%2Fimages%2Fshop%2Faccessories%2Fbg65.jpg&w=384&q=75:0
[   19112ms] [ERROR] Failed to load resource: the server responded with a status of 400 () @ https://tzh-badminton.vercel.app/_next/image?url=%2Fimages%2Fshop%2Fbags%2Fyonex-92031.jpg&w=384&q=75:0
[   19118ms] [ERROR] Failed to load resource: the server responded with a status of 400 () @ https://tzh-badminton.vercel.app/_next/image?url=%2Fimages%2Fshop%2Frackets%2Fastrox-99-pro.jpg&w=384&q=75:0
[   19129ms] [ERROR] Failed to load resource: the server responded with a status of 400 () @ https://tzh-badminton.vercel.app/_next/image?url=%2Fimages%2Fshop%2Fshoes%2Fpc65z3.jpg&w=384&q=75:0
[   19383ms] [ERROR] Failed to load resource: the server responded with a status of 400 () @ https://tzh-badminton.vercel.app/_next/image?url=%2Fimages%2Fshop%2Fshuttlecocks%2Fas50.jpg&w=384&q=75:0
[   19383ms] [ERROR] Failed to load resource: the server responded with a status of 400 () @ https://tzh-badminton.vercel.app/_next/image?url=%2Fimages%2Fshop%2Faccessories%2Fbg65.jpg&w=384&q=75:0
[   19384ms] [ERROR] Failed to load resource: the server responded with a status of 400 () @ https://tzh-badminton.vercel.app/_next/image?url=%2Fimages%2Fshop%2Fgrips%2Fsuper-grap.jpg&w=384&q=75:0
[   19394ms] [ERROR] Failed to load resource: the server responded with a status of 400 () @ https://tzh-badminton.vercel.app/_next/image?url=%2Fimages%2Fshop%2Frackets%2Fthruster-k9900.jpg&w=384&q=75:0
[   19677ms] [ERROR] Failed to load resource: the server responded with a status of 400 () @ https://tzh-badminton.vercel.app/_next/image?url=%2Fimages%2Fshop%2Frackets%2Fastrox-99-pro.jpg&w=384&q=75:0
[   19677ms] [ERROR] Failed to load resource: the server responded with a status of 400 () @ https://tzh-badminton.vercel.app/_next/image?url=%2Fimages%2Fshop%2Fbags%2Fyonex-92031.jpg&w=384&q=75:0
[   19678ms] [ERROR] Failed to load resource: the server responded with a status of 400 () @ https://tzh-badminton.vercel.app/_next/image?url=%2Fimages%2Fshop%2Fpickleball%2Fhyperion.jpg&w=384&q=75:0
[   19681ms] [ERROR] Failed to load resource: the server responded with a status of 400 () @ https://tzh-badminton.vercel.app/_next/image?url=%2Fimages%2Fshop%2Fshoes%2Fpc65z3.jpg&w=384&q=75:0
[   19681ms] [ERROR] Failed to load resource: the server responded with a status of 400 () @ https://tzh-badminton.vercel.app/_next/image?url=%2Fimages%2Fshop%2Frackets%2Fthruster-k9900.jpg&w=384&q=75:0
[   19697ms] [ERROR] Failed to load resource: the server responded with a status of 400 () @ https://tzh-badminton.vercel.app/_next/image?url=%2Fimages%2Fshop%2Fgrips%2Fsuper-grap.jpg&w=384&q=75:0
[   19958ms] [ERROR] Failed to load resource: the server responded with a status of 400 () @ https://tzh-badminton.vercel.app/_next/image?url=%2Fimages%2Fshop%2Fshuttlecocks%2Fas50.jpg&w=384&q=75:0
[   19958ms] [ERROR] Failed to load resource: the server responded with a status of 400 () @ https://tzh-badminton.vercel.app/_next/image?url=%2Fimages%2Fshop%2Faccessories%2Fbg65.jpg&w=384&q=75:0
[   19958ms] [ERROR] Failed to load resource: the server responded with a status of 400 () @ https://tzh-badminton.vercel.app/_next/image?url=%2Fimages%2Fshop%2Frackets%2Fthruster-k9900.jpg&w=384&q=75:0
[   19962ms] [ERROR] Failed to load resource: the server responded with a status of 400 () @ https://tzh-badminton.vercel.app/_next/image?url=%2Fimages%2Fshop%2Fpickleball%2Fhyperion.jpg&w=384&q=75:0
[   19966ms] [ERROR] Failed to load resource: the server responded with a status of 400 () @ https://tzh-badminton.vercel.app/_next/image?url=%2Fimages%2Fshop%2Fgrips%2Fsuper-grap.jpg&w=384&q=75:0
[   19976ms] [ERROR] Failed to load resource: the server responded with a status of 400 () @ https://tzh-badminton.vercel.app/_next/image?url=%2Fimages%2Fshop%2Frackets%2Fastrox-99-pro.jpg&w=384&q=75:0
[   20243ms] [ERROR] Failed to load resource: the server responded with a status of 400 () @ https://tzh-badminton.vercel.app/_next/image?url=%2Fimages%2Fshop%2Fbags%2Fyonex-92031.jpg&w=384&q=75:0
[   20243ms] [ERROR] Failed to load resource: the server responded with a status of 400 () @ https://tzh-badminton.vercel.app/_next/image?url=%2Fimages%2Fshop%2Fshoes%2Fpc65z3.jpg&w=384&q=75:0
[   20244ms] [ERROR] Failed to load resource: the server responded with a status of 400 () @ https://tzh-badminton.vercel.app/_next/image?url=%2Fimages%2Fshop%2Fgrips%2Fsuper-grap.jpg&w=384&q=75:0
[   20244ms] [ERROR] Failed to load resource: the server responded with a status of 400 () @ https://tzh-badminton.vercel.app/_next/image?url=%2Fimages%2Fshop%2Frackets%2Fastrox-99-pro.jpg&w=384&q=75:0
