[    1790ms] [ERROR] Failed to load resource: the server responded with a status of 400 () @ https://tzh-badminton.vercel.app/_next/image?url=%2Fimages%2Fshop%2Fgrips%2Fsuper-grap.jpg&w=384&q=75:0
[    1790ms] [ERROR] Failed to load resource: the server responded with a status of 400 () @ https://tzh-badminton.vercel.app/_next/image?url=%2Fimages%2Fshop%2Faccessories%2Fbg65.jpg&w=384&q=75:0
[    1790ms] [ERROR] Failed to load resource: the server responded with a status of 400 () @ https://tzh-badminton.vercel.app/_next/image?url=%2Fimages%2Fshop%2Fbags%2Fyonex-92031.jpg&w=384&q=75:0
[    1804ms] [ERROR] Failed to load resource: the server responded with a status of 400 () @ https://tzh-badminton.vercel.app/_next/image?url=%2Fimages%2Fshop%2Fshoes%2Fpc65z3.jpg&w=384&q=75:0
[    1830ms] [ERROR] Failed to load resource: the server responded with a status of 400 () @ https://tzh-badminton.vercel.app/_next/image?url=%2Fimages%2Fshop%2Fpickleball%2Fhyperion.jpg&w=384&q=75:0
[    2075ms] [ERROR] Failed to load resource: the server responded with a status of 400 () @ https://tzh-badminton.vercel.app/_next/image?url=%2Fimages%2Fshop%2Fshuttlecocks%2Fas50.jpg&w=384&q=75:0
[    2076ms] [ERROR] Failed to load resource: the server responded with a status of 400 () @ https://tzh-badminton.vercel.app/_next/image?url=%2Fimages%2Fshop%2Frackets%2Fthruster-k9900.jpg&w=384&q=75:0
[    2076ms] [ERROR] Failed to load resource: the server responded with a status of 400 () @ https://tzh-badminton.vercel.app/_next/image?url=%2Fimages%2Fshop%2Frackets%2Fastrox-99-pro.jpg&w=384&q=75:0
[    2077ms] [ERROR] Failed to load resource: the server responded with a status of 400 () @ https://tzh-badminton.vercel.app/_next/image?url=%2Fimages%2Fshop%2Faccessories%2Fbg65.jpg&w=384&q=75:0
[    2083ms] [ERROR] Failed to load resource: the server responded with a status of 400 () @ https://tzh-badminton.vercel.app/_next/image?url=%2Fimages%2Fshop%2Fpickleball%2Fhyperion.jpg&w=384&q=75:0
[    2361ms] [ERROR] Failed to load resource: the server responded with a status of 400 () @ https://tzh-badminton.vercel.app/_next/image?url=%2Fimages%2Fshop%2Fgrips%2Fsuper-grap.jpg&w=384&q=75:0
[    2362ms] [ERROR] Failed to load resource: the server responded with a status of 400 () @ https://tzh-badminton.vercel.app/_next/image?url=%2Fimages%2Fshop%2Fbags%2Fyonex-92031.jpg&w=384&q=75:0
[    2366ms] [ERROR] Failed to load resource: the server responded with a status of 400 () @ https://tzh-badminton.vercel.app/_next/image?url=%2Fimages%2Fshop%2Frackets%2Fthruster-k9900.jpg&w=384&q=75:0
[    2366ms] [ERROR] Failed to load resource: the server responded with a status of 400 () @ https://tzh-badminton.vercel.app/_next/image?url=%2Fimages%2Fshop%2Fpickleball%2Fhyperion.jpg&w=384&q=75:0
[    2366ms] [ERROR] Failed to load resource: the server responded with a status of 400 () @ https://tzh-badminton.vercel.app/_next/image?url=%2Fimages%2Fshop%2Frackets%2Fastrox-99-pro.jpg&w=384&q=75:0
[    2389ms] [ERROR] Failed to load resource: the server responded with a status of 400 () @ https://tzh-badminton.vercel.app/_next/image?url=%2Fimages%2Fshop%2Fshoes%2Fpc65z3.jpg&w=384&q=75:0
[    2693ms] [ERROR] Failed to load resource: the server responded with a status of 400 () @ https://tzh-badminton.vercel.app/_next/image?url=%2Fimages%2Fshop%2Fshuttlecocks%2Fas50.jpg&w=384&q=75:0
[    2693ms] [ERROR] Failed to load resource: the server responded with a status of 400 () @ https://tzh-badminton.vercel.app/_next/image?url=%2Fimages%2Fshop%2Faccessories%2Fbg65.jpg&w=384&q=75:0
[    2694ms] [ERROR] Failed to load resource: the server responded with a status of 400 () @ https://tzh-badminton.vercel.app/_next/image?url=%2Fimages%2Fshop%2Fpickleball%2Fhyperion.jpg&w=384&q=75:0
[    2973ms] [ERROR] Failed to load resource: the server responded with a status of 400 () @ https://tzh-badminton.vercel.app/_next/image?url=%2Fimages%2Fshop%2Fgrips%2Fsuper-grap.jpg&w=384&q=75:0
[    2984ms] [ERROR] Failed to load resource: the server responded with a status of 400 () @ https://tzh-badminton.vercel.app/_next/image?url=%2Fimages%2Fshop%2Frackets%2Fastrox-99-pro.jpg&w=384&q=75:0
[    2985ms] [ERROR] Failed to load resource: the server responded with a status of 400 () @ https://tzh-badminton.vercel.app/_next/image?url=%2Fimages%2Fshop%2Fshoes%2Fpc65z3.jpg&w=384&q=75:0
[    2985ms] [ERROR] Failed to load resource: the server responded with a status of 400 () @ https://tzh-badminton.vercel.app/_next/image?url=%2Fimages%2Fshop%2Fbags%2Fyonex-92031.jpg&w=384&q=75:0
[    3081ms] [ERROR] Failed to load resource: the server responded with a status of 400 () @ https://tzh-badminton.vercel.app/_next/image?url=%2Fimages%2Fshop%2Fshuttlecocks%2Fas50.jpg&w=384&q=75:0
[    3282ms] [ERROR] Failed to load resource: the server responded with a status of 400 () @ https://tzh-badminton.vercel.app/_next/image?url=%2Fimages%2Fshop%2Fpickleball%2Fhyperion.jpg&w=384&q=75:0
[    3283ms] [ERROR] Failed to load resource: the server responded with a status of 400 () @ https://tzh-badminton.vercel.app/_next/image?url=%2Fimages%2Fshop%2Frackets%2Fthruster-k9900.jpg&w=384&q=75:0
[    3283ms] [ERROR] Failed to load resource: the server responded with a status of 400 () @ https://tzh-badminton.vercel.app/_next/image?url=%2Fimages%2Fshop%2Fshoes%2Fpc65z3.jpg&w=384&q=75:0
[    3284ms] [ERROR] Failed to load resource: the server responded with a status of 400 () @ https://tzh-badminton.vercel.app/_next/image?url=%2Fimages%2Fshop%2Fbags%2Fyonex-92031.jpg&w=384&q=75:0
[    3289ms] [ERROR] Failed to load resource: the server responded with a status of 400 () @ https://tzh-badminton.vercel.app/_next/image?url=%2Fimages%2Fshop%2Fgrips%2Fsuper-grap.jpg&w=384&q=75:0
[    3295ms] [ERROR] Failed to load resource: the server responded with a status of 400 () @ https://tzh-badminton.vercel.app/_next/image?url=%2Fimages%2Fshop%2Fshuttlecocks%2Fas50.jpg&w=384&q=75:0
[    3567ms] [ERROR] Failed to load resource: the server responded with a status of 400 () @ https://tzh-badminton.vercel.app/_next/image?url=%2Fimages%2Fshop%2Frackets%2Fastrox-99-pro.jpg&w=384&q=75:0
[    3568ms] [ERROR] Failed to load resource: the server responded with a status of 400 () @ https://tzh-badminton.vercel.app/_next/image?url=%2Fimages%2Fshop%2Faccessories%2Fbg65.jpg&w=384&q=75:0
[    3574ms] [ERROR] Failed to load resource: the server responded with a status of 400 () @ https://tzh-badminton.vercel.app/_next/image?url=%2Fimages%2Fshop%2Fbags%2Fyonex-92031.jpg&w=384&q=75:0
[    3574ms] [ERROR] Failed to load resource: the server responded with a status of 400 () @ https://tzh-badminton.vercel.app/_next/image?url=%2Fimages%2Fshop%2Fshoes%2Fpc65z3.jpg&w=384&q=75:0
[    3859ms] [ERROR] Failed to load resource: the server responded with a status of 400 () @ https://tzh-badminton.vercel.app/_next/image?url=%2Fimages%2Fshop%2Fgrips%2Fsuper-grap.jpg&w=384&q=75:0
[    3860ms] [ERROR] Failed to load resource: the server responded with a status of 400 () @ https://tzh-badminton.vercel.app/_next/image?url=%2Fimages%2Fshop%2Fshuttlecocks%2Fas50.jpg&w=384&q=75:0
[    3860ms] [ERROR] Failed to load resource: the server responded with a status of 400 () @ https://tzh-badminton.vercel.app/_next/image?url=%2Fimages%2Fshop%2Frackets%2Fthruster-k9900.jpg&w=384&q=75:0
[    3867ms] [ERROR] Failed to load resource: the server responded with a status of 400 () @ https://tzh-badminton.vercel.app/_next/image?url=%2Fimages%2Fshop%2Fpickleball%2Fhyperion.jpg&w=384&q=75:0
[    3868ms] [ERROR] Failed to load resource: the server responded with a status of 400 () @ https://tzh-badminton.vercel.app/_next/image?url=%2Fimages%2Fshop%2Frackets%2Fastrox-99-pro.jpg&w=384&q=75:0
[    3868ms] [ERROR] Failed to load resource: the server responded with a status of 400 () @ https://tzh-badminton.vercel.app/_next/image?url=%2Fimages%2Fshop%2Fshoes%2Fpc65z3.jpg&w=384&q=75:0
[    3895ms] [ERROR] Failed to load resource: the server responded with a status of 400 () @ https://tzh-badminton.vercel.app/_next/image?url=%2Fimages%2Fshop%2Faccessories%2Fbg65.jpg&w=384&q=75:0
[    4191ms] [ERROR] Failed to load resource: the server responded with a status of 400 () @ https://tzh-badminton.vercel.app/_next/image?url=%2Fimages%2Fshop%2Fbags%2Fyonex-92031.jpg&w=384&q=75:0
[    4191ms] [ERROR] Failed to load resource: the server responded with a status of 400 () @ https://tzh-badminton.vercel.app/_next/image?url=%2Fimages%2Fshop%2Fpickleball%2Fhyperion.jpg&w=384&q=75:0
[    4192ms] [ERROR] Failed to load resource: the server responded with a status of 400 () @ https://tzh-badminton.vercel.app/_next/image?url=%2Fimages%2Fshop%2Frackets%2Fthruster-k9900.jpg&w=384&q=75:0
[    4192ms] [ERROR] Failed to load resource: the server responded with a status of 400 () @ https://tzh-badminton.vercel.app/_next/image?url=%2Fimages%2Fshop%2Fshoes%2Fpc65z3.jpg&w=384&q=75:0
[    4192ms] [ERROR] Failed to load resource: the server responded with a status of 400 () @ https://tzh-badminton.vercel.app/_next/image?url=%2Fimages%2Fshop%2Faccessories%2Fbg65.jpg&w=384&q=75:0
[    4458ms] [ERROR] Failed to load resource: the server responded with a status of 400 () @ https://tzh-badminton.vercel.app/_next/image?url=%2Fimages%2Fshop%2Frackets%2Fastrox-99-pro.jpg&w=384&q=75:0
[    4464ms] [ERROR] Failed to load resource: the server responded with a status of 400 () @ https://tzh-badminton.vercel.app/_next/image?url=%2Fimages%2Fshop%2Faccessories%2Fbg65.jpg&w=384&q=75:0
[    4464ms] [ERROR] Failed to load resource: the server responded with a status of 400 () @ https://tzh-badminton.vercel.app/_next/image?url=%2Fimages%2Fshop%2Fgrips%2Fsuper-grap.jpg&w=384&q=75:0
[    4464ms] [ERROR] Failed to load resource: the server responded with a status of 400 () @ https://tzh-badminton.vercel.app/_next/image?url=%2Fimages%2Fshop%2Fshuttlecocks%2Fas50.jpg&w=384&q=75:0
[    4464ms] [ERROR] Failed to load resource: the server responded with a status of 400 () @ https://tzh-badminton.vercel.app/_next/image?url=%2Fimages%2Fshop%2Fbags%2Fyonex-92031.jpg&w=384&q=75:0
[    4465ms] [ERROR] Failed to load resource: the server responded with a status of 400 () @ https://tzh-badminton.vercel.app/_next/image?url=%2Fimages%2Fshop%2Fpickleball%2Fhyperion.jpg&w=384&q=75:0
[    4748ms] [ERROR] Failed to load resource: the server responded with a status of 400 () @ https://tzh-badminton.vercel.app/_next/image?url=%2Fimages%2Fshop%2Fshoes%2Fpc65z3.jpg&w=384&q=75:0
[    4749ms] [ERROR] Failed to load resource: the server responded with a status of 400 () @ https://tzh-badminton.vercel.app/_next/image?url=%2Fimages%2Fshop%2Frackets%2Fthruster-k9900.jpg&w=384&q=75:0
[    4749ms] [ERROR] Failed to load resource: the server responded with a status of 400 () @ https://tzh-badminton.vercel.app/_next/image?url=%2Fimages%2Fshop%2Faccessories%2Fbg65.jpg&w=384&q=75:0
[    4751ms] [ERROR] Failed to load resource: the server responded with a status of 400 () @ https://tzh-badminton.vercel.app/_next/image?url=%2Fimages%2Fshop%2Fbags%2Fyonex-92031.jpg&w=384&q=75:0
[    4751ms] [ERROR] Failed to load resource: the server responded with a status of 400 () @ https://tzh-badminton.vercel.app/_next/image?url=%2Fimages%2Fshop%2Fgrips%2Fsuper-grap.jpg&w=384&q=75:0
[    4752ms] [ERROR] Failed to load resource: the server responded with a status of 400 () @ https://tzh-badminton.vercel.app/_next/image?url=%2Fimages%2Fshop%2Fpickleball%2Fhyperion.jpg&w=384&q=75:0
[    5038ms] [ERROR] Failed to load resource: the server responded with a status of 400 () @ https://tzh-badminton.vercel.app/_next/image?url=%2Fimages%2Fshop%2Fshuttlecocks%2Fas50.jpg&w=384&q=75:0
[    5038ms] [ERROR] Failed to load resource: the server responded with a status of 400 () @ https://tzh-badminton.vercel.app/_next/image?url=%2Fimages%2Fshop%2Frackets%2Fastrox-99-pro.jpg&w=384&q=75:0
[    5046ms] [ERROR] Failed to load resource: the server responded with a status of 400 () @ https://tzh-badminton.vercel.app/_next/image?url=%2Fimages%2Fshop%2Fshoes%2Fpc65z3.jpg&w=384&q=75:0
[    5048ms] [ERROR] Failed to load resource: the server responded with a status of 400 () @ https://tzh-badminton.vercel.app/_next/image?url=%2Fimages%2Fshop%2Fgrips%2Fsuper-grap.jpg&w=384&q=75:0
[    5048ms] [ERROR] Failed to load resource: the server responded with a status of 400 () @ https://tzh-badminton.vercel.app/_next/image?url=%2Fimages%2Fshop%2Fpickleball%2Fhyperion.jpg&w=384&q=75:0
[    5331ms] [ERROR] Failed to load resource: the server responded with a status of 400 () @ https://tzh-badminton.vercel.app/_next/image?url=%2Fimages%2Fshop%2Frackets%2Fthruster-k9900.jpg&w=384&q=75:0
[    5331ms] [ERROR] Failed to load resource: the server responded with a status of 400 () @ https://tzh-badminton.vercel.app/_next/image?url=%2Fimages%2Fshop%2Fbags%2Fyonex-92031.jpg&w=384&q=75:0
[    5331ms] [ERROR] Failed to load resource: the server responded with a status of 400 () @ https://tzh-badminton.vercel.app/_next/image?url=%2Fimages%2Fshop%2Fshuttlecocks%2Fgold-champion.jpg&w=384&q=75:0
[    5420ms] [ERROR] Failed to load resource: the server responded with a status of 400 () @ https://tzh-badminton.vercel.app/_next/image?url=%2Fimages%2Fshop%2Fshuttlecocks%2Fas50.jpg&w=384&q=75:0
[    5420ms] [ERROR] Failed to load resource: the server responded with a status of 400 () @ https://tzh-badminton.vercel.app/_next/image?url=%2Fimages%2Fshop%2Faccessories%2Fbg65.jpg&w=384&q=75:0
[    5627ms] [ERROR] Failed to load resource: the server responded with a status of 400 () @ https://tzh-badminton.vercel.app/_next/image?url=%2Fimages%2Fshop%2Frackets%2Fastrox-99-pro.jpg&w=384&q=75:0
[    5628ms] [ERROR] Failed to load resource: the server responded with a status of 400 () @ https://tzh-badminton.vercel.app/_next/image?url=%2Fimages%2Fshop%2Fshuttlecocks%2Fmavis350.jpg&w=384&q=75:0
[    5628ms] [ERROR] Failed to load resource: the server responded with a status of 400 () @ https://tzh-badminton.vercel.app/_next/image?url=%2Fimages%2Fshop%2Fshuttlecocks%2Fa300.jpg&w=384&q=75:0
[    5641ms] [ERROR] Failed to load resource: the server responded with a status of 400 () @ https://tzh-badminton.vercel.app/_next/image?url=%2Fimages%2Fshop%2Fpickleball%2Fhyperion.jpg&w=384&q=75:0
[    5641ms] [ERROR] Failed to load resource: the server responded with a status of 400 () @ https://tzh-badminton.vercel.app/_next/image?url=%2Fimages%2Fshop%2Fgrips%2Fsuper-grap.jpg&w=384&q=75:0
[    5641ms] [ERROR] Failed to load resource: the server responded with a status of 400 () @ https://tzh-badminton.vercel.app/_next/image?url=%2Fimages%2Fshop%2Fshuttlecocks%2Fgold-champion.jpg&w=384&q=75:0
[    5641ms] [ERROR] Failed to load resource: the server responded with a status of 400 () @ https://tzh-badminton.vercel.app/_next/image?url=%2Fimages%2Fshop%2Fshuttlecocks%2Fas30.jpg&w=384&q=75:0
[    5641ms] [ERROR] Failed to load resource: the server responded with a status of 400 () @ https://tzh-badminton.vercel.app/_next/image?url=%2Fimages%2Fshop%2Fshoes%2Fpc65z3.jpg&w=384&q=75:0
[    5923ms] [ERROR] Failed to load resource: the server responded with a status of 400 () @ https://tzh-badminton.vercel.app/_next/image?url=%2Fimages%2Fshop%2Fshuttlecocks%2Fas50.jpg&w=384&q=75:0
[    5928ms] [ERROR] Failed to load resource: the server responded with a status of 400 () @ https://tzh-badminton.vercel.app/_next/image?url=%2Fimages%2Fshop%2Fshuttlecocks%2Fas30.jpg&w=384&q=75:0
[    6659ms] [ERROR] Failed to load resource: the server responded with a status of 400 () @ https://tzh-badminton.vercel.app/_next/image?url=%2Fimages%2Fshop%2Fshuttlecocks%2Fa300.jpg&w=384&q=75:0
[    6662ms] [ERROR] Failed to load resource: the server responded with a status of 400 () @ https://tzh-badminton.vercel.app/_next/image?url=%2Fimages%2Fshop%2Fshuttlecocks%2Fgold-champion.jpg&w=384&q=75:0
[    6662ms] [ERROR] Failed to load resource: the server responded with a status of 400 () @ https://tzh-badminton.vercel.app/_next/image?url=%2Fimages%2Fshop%2Fshuttlecocks%2Fmavis350.jpg&w=384&q=75:0
[    6667ms] [ERROR] Failed to load resource: the server responded with a status of 400 () @ https://tzh-badminton.vercel.app/_next/image?url=%2Fimages%2Fshop%2Fshuttlecocks%2Fas30.jpg&w=384&q=75:0
[    6944ms] [ERROR] Failed to load resource: the server responded with a status of 400 () @ https://tzh-badminton.vercel.app/_next/image?url=%2Fimages%2Fshop%2Fshuttlecocks%2Fas50.jpg&w=384&q=75:0
[    6954ms] [ERROR] Failed to load resource: the server responded with a status of 400 () @ https://tzh-badminton.vercel.app/_next/image?url=%2Fimages%2Fshop%2Fshuttlecocks%2Fas30.jpg&w=384&q=75:0
[    7234ms] [ERROR] Failed to load resource: the server responded with a status of 400 () @ https://tzh-badminton.vercel.app/_next/image?url=%2Fimages%2Fshop%2Fshuttlecocks%2Fa300.jpg&w=384&q=75:0
[    7234ms] [ERROR] Failed to load resource: the server responded with a status of 400 () @ https://tzh-badminton.vercel.app/_next/image?url=%2Fimages%2Fshop%2Fshuttlecocks%2Fas50.jpg&w=384&q=75:0
[    7239ms] [ERROR] Failed to load resource: the server responded with a status of 400 () @ https://tzh-badminton.vercel.app/_next/image?url=%2Fimages%2Fshop%2Fshuttlecocks%2Fgold-champion.jpg&w=384&q=75:0
[    7239ms] [ERROR] Failed to load resource: the server responded with a status of 400 () @ https://tzh-badminton.vercel.app/_next/image?url=%2Fimages%2Fshop%2Fshuttlecocks%2Fas30.jpg&w=384&q=75:0
[    7276ms] [ERROR] Failed to load resource: the server responded with a status of 400 () @ https://tzh-badminton.vercel.app/_next/image?url=%2Fimages%2Fshop%2Fshuttlecocks%2Fmavis350.jpg&w=384&q=75:0
[    7549ms] [ERROR] Failed to load resource: the server responded with a status of 400 () @ https://tzh-badminton.vercel.app/_next/image?url=%2Fimages%2Fshop%2Fshuttlecocks%2Fmavis350.jpg&w=384&q=75:0
[    7844ms] [ERROR] Failed to load resource: the server responded with a status of 400 () @ https://tzh-badminton.vercel.app/_next/image?url=%2Fimages%2Fshop%2Fshuttlecocks%2Fas30.jpg&w=384&q=75:0
[    7845ms] [ERROR] Failed to load resource: the server responded with a status of 400 () @ https://tzh-badminton.vercel.app/_next/image?url=%2Fimages%2Fshop%2Fshuttlecocks%2Fa300.jpg&w=384&q=75:0
[    7845ms] [ERROR] Failed to load resource: the server responded with a status of 400 () @ https://tzh-badminton.vercel.app/_next/image?url=%2Fimages%2Fshop%2Fshuttlecocks%2Fgold-champion.jpg&w=384&q=75:0
[    7846ms] [ERROR] Failed to load resource: the server responded with a status of 400 () @ https://tzh-badminton.vercel.app/_next/image?url=%2Fimages%2Fshop%2Fshuttlecocks%2Fmavis350.jpg&w=384&q=75:0
[    7849ms] [ERROR] Failed to load resource: the server responded with a status of 400 () @ https://tzh-badminton.vercel.app/_next/image?url=%2Fimages%2Fshop%2Fshuttlecocks%2Fas50.jpg&w=384&q=75:0
[    8174ms] [ERROR] Failed to load resource: the server responded with a status of 400 () @ https://tzh-badminton.vercel.app/_next/image?url=%2Fimages%2Fshop%2Fshuttlecocks%2Fgold-champion.jpg&w=384&q=75:0
[    8174ms] [ERROR] Failed to load resource: the server responded with a status of 400 () @ https://tzh-badminton.vercel.app/_next/image?url=%2Fimages%2Fshop%2Fshuttlecocks%2Fa300.jpg&w=384&q=75:0
[    8469ms] [ERROR] Failed to load resource: the server responded with a status of 400 () @ https://tzh-badminton.vercel.app/_next/image?url=%2Fimages%2Fshop%2Fshuttlecocks%2Fas50.jpg&w=384&q=75:0
[    8470ms] [ERROR] Failed to load resource: the server responded with a status of 400 () @ https://tzh-badminton.vercel.app/_next/image?url=%2Fimages%2Fshop%2Fshuttlecocks%2Fmavis350.jpg&w=384&q=75:0
[    8470ms] [ERROR] Failed to load resource: the server responded with a status of 400 () @ https://tzh-badminton.vercel.app/_next/image?url=%2Fimages%2Fshop%2Fshuttlecocks%2Fas30.jpg&w=384&q=75:0
[    8471ms] [ERROR] Failed to load resource: the server responded with a status of 400 () @ https://tzh-badminton.vercel.app/_next/image?url=%2Fimages%2Fshop%2Fshuttlecocks%2Fgold-champion.jpg&w=384&q=75:0
[    8771ms] [ERROR] Failed to load resource: the server responded with a status of 400 () @ https://tzh-badminton.vercel.app/_next/image?url=%2Fimages%2Fshop%2Fshuttlecocks%2Fa300.jpg&w=384&q=75:0
[    8771ms] [ERROR] Failed to load resource: the server responded with a status of 400 () @ https://tzh-badminton.vercel.app/_next/image?url=%2Fimages%2Fshop%2Fshuttlecocks%2Fmavis350.jpg&w=384&q=75:0
[    8775ms] [ERROR] Failed to load resource: the server responded with a status of 400 () @ https://tzh-badminton.vercel.app/_next/image?url=%2Fimages%2Fshop%2Fshuttlecocks%2Fgold-champion.jpg&w=384&q=75:0
[    9070ms] [ERROR] Failed to load resource: the server responded with a status of 400 () @ https://tzh-badminton.vercel.app/_next/image?url=%2Fimages%2Fshop%2Fshuttlecocks%2Fas30.jpg&w=384&q=75:0
[    9070ms] [ERROR] Failed to load resource: the server responded with a status of 400 () @ https://tzh-badminton.vercel.app/_next/image?url=%2Fimages%2Fshop%2Fshuttlecocks%2Fas50.jpg&w=384&q=75:0
[    9071ms] [ERROR] Failed to load resource: the server responded with a status of 400 () @ https://tzh-badminton.vercel.app/_next/image?url=%2Fimages%2Fshop%2Fshuttlecocks%2Fmavis350.jpg&w=384&q=75:0
[    9071ms] [ERROR] Failed to load resource: the server responded with a status of 400 () @ https://tzh-badminton.vercel.app/_next/image?url=%2Fimages%2Fshop%2Fshuttlecocks%2Fgold-champion.jpg&w=384&q=75:0
[    9075ms] [ERROR] Failed to load resource: the server responded with a status of 400 () @ https://tzh-badminton.vercel.app/_next/image?url=%2Fimages%2Fshop%2Fshuttlecocks%2Fa300.jpg&w=384&q=75:0
[    9407ms] [ERROR] Failed to load resource: the server responded with a status of 400 () @ https://tzh-badminton.vercel.app/_next/image?url=%2Fimages%2Fshop%2Fshuttlecocks%2Fgold-champion.jpg&w=384&q=75:0
[    9407ms] [ERROR] Failed to load resource: the server responded with a status of 400 () @ https://tzh-badminton.vercel.app/_next/image?url=%2Fimages%2Fshop%2Fshuttlecocks%2Fas30.jpg&w=384&q=75:0
[    9712ms] [ERROR] Failed to load resource: the server responded with a status of 400 () @ https://tzh-badminton.vercel.app/_next/image?url=%2Fimages%2Fshop%2Fshuttlecocks%2Fa300.jpg&w=384&q=75:0
[    9713ms] [ERROR] Failed to load resource: the server responded with a status of 400 () @ https://tzh-badminton.vercel.app/_next/image?url=%2Fimages%2Fshop%2Fshuttlecocks%2Fas50.jpg&w=384&q=75:0
[    9713ms] [ERROR] Failed to load resource: the server responded with a status of 400 () @ https://tzh-badminton.vercel.app/_next/image?url=%2Fimages%2Fshop%2Fshuttlecocks%2Fmavis350.jpg&w=384&q=75:0
[    9714ms] [ERROR] Failed to load resource: the server responded with a status of 400 () @ https://tzh-badminton.vercel.app/_next/image?url=%2Fimages%2Fshop%2Fshuttlecocks%2Fas30.jpg&w=384&q=75:0
[    9714ms] [ERROR] Failed to load resource: the server responded with a status of 400 () @ https://tzh-badminton.vercel.app/_next/image?url=%2Fimages%2Fshop%2Fshuttlecocks%2Fgold-champion.jpg&w=384&q=75:0
[   10040ms] [ERROR] Failed to load resource: the server responded with a status of 400 () @ https://tzh-badminton.vercel.app/_next/image?url=%2Fimages%2Fshop%2Fshuttlecocks%2Fmavis350.jpg&w=384&q=75:0
[   10044ms] [ERROR] Failed to load resource: the server responded with a status of 400 () @ https://tzh-badminton.vercel.app/_next/image?url=%2Fimages%2Fshop%2Fshuttlecocks%2Fgold-champion.jpg&w=384&q=75:0
[   10052ms] [ERROR] Failed to load resource: the server responded with a status of 400 () @ https://tzh-badminton.vercel.app/_next/image?url=%2Fimages%2Fshop%2Fshuttlecocks%2Fas50.jpg&w=384&q=75:0
[   10304ms] [ERROR] Failed to load resource: the server responded with a status of 400 () @ https://tzh-badminton.vercel.app/_next/image?url=%2Fimages%2Fshop%2Fshuttlecocks%2Fa300.jpg&w=384&q=75:0
[   10309ms] [ERROR] Failed to load resource: the server responded with a status of 400 () @ https://tzh-badminton.vercel.app/_next/image?url=%2Fimages%2Fshop%2Fshuttlecocks%2Fgold-champion.jpg&w=384&q=75:0
[   10640ms] [ERROR] Failed to load resource: the server responded with a status of 400 () @ https://tzh-badminton.vercel.app/_next/image?url=%2Fimages%2Fshop%2Fshuttlecocks%2Fas50.jpg&w=384&q=75:0
[   10641ms] [ERROR] Failed to load resource: the server responded with a status of 400 () @ https://tzh-badminton.vercel.app/_next/image?url=%2Fimages%2Fshop%2Fshuttlecocks%2Fmavis350.jpg&w=384&q=75:0
[   10641ms] [ERROR] Failed to load resource: the server responded with a status of 400 () @ https://tzh-badminton.vercel.app/_next/image?url=%2Fimages%2Fshop%2Fshuttlecocks%2Fas30.jpg&w=384&q=75:0
[   10642ms] [ERROR] Failed to load resource: the server responded with a status of 400 () @ https://tzh-badminton.vercel.app/_next/image?url=%2Fimages%2Fshop%2Fshuttlecocks%2Fa300.jpg&w=384&q=75:0
[   10913ms] [ERROR] Failed to load resource: the server responded with a status of 400 () @ https://tzh-badminton.vercel.app/_next/image?url=%2Fimages%2Fshop%2Fshuttlecocks%2Fgold-champion.jpg&w=384&q=75:0
[   10920ms] [ERROR] Failed to load resource: the server responded with a status of 400 () @ https://tzh-badminton.vercel.app/_next/image?url=%2Fimages%2Fshop%2Fshuttlecocks%2Fa300.jpg&w=384&q=75:0
[   10965ms] [ERROR] Failed to load resource: the server responded with a status of 400 () @ https://tzh-badminton.vercel.app/_next/image?url=%2Fimages%2Fshop%2Fshuttlecocks%2Fmavis350.jpg&w=384&q=75:0
[   11212ms] [ERROR] Failed to load resource: the server responded with a status of 400 () @ https://tzh-badminton.vercel.app/_next/image?url=%2Fimages%2Fshop%2Fshuttlecocks%2Fas50.jpg&w=384&q=75:0
[   11213ms] [ERROR] Failed to load resource: the server responded with a status of 400 () @ https://tzh-badminton.vercel.app/_next/image?url=%2Fimages%2Fshop%2Fshuttlecocks%2Fas30.jpg&w=384&q=75:0
[   11217ms] [ERROR] Failed to load resource: the server responded with a status of 400 () @ https://tzh-badminton.vercel.app/_next/image?url=%2Fimages%2Fshop%2Fshuttlecocks%2Fmavis350.jpg&w=384&q=75:0
[   11221ms] [ERROR] Failed to load resource: the server responded with a status of 400 () @ https://tzh-badminton.vercel.app/_next/image?url=%2Fimages%2Fshop%2Fshuttlecocks%2Fa300.jpg&w=384&q=75:0
[   11513ms] [ERROR] Failed to load resource: the server responded with a status of 400 () @ https://tzh-badminton.vercel.app/_next/image?url=%2Fimages%2Fshop%2Fshuttlecocks%2Fgold-champion.jpg&w=384&q=75:0
[   11514ms] [ERROR] Failed to load resource: the server responded with a status of 400 () @ https://tzh-badminton.vercel.app/_next/image?url=%2Fimages%2Fshop%2Fshuttlecocks%2Fa300.jpg&w=384&q=75:0
[   11514ms] [ERROR] Failed to load resource: the server responded with a status of 400 () @ https://tzh-badminton.vercel.app/_next/image?url=%2Fimages%2Fshop%2Fshuttlecocks%2Fas30.jpg&w=384&q=75:0
[   11794ms] [ERROR] Failed to load resource: the server responded with a status of 400 () @ https://tzh-badminton.vercel.app/_next/image?url=%2Fimages%2Fshop%2Fshuttlecocks%2Fgold-champion.jpg&w=384&q=75:0
[   11794ms] [ERROR] Failed to load resource: the server responded with a status of 400 () @ https://tzh-badminton.vercel.app/_next/image?url=%2Fimages%2Fshop%2Fshuttlecocks%2Fas50.jpg&w=384&q=75:0
[   11797ms] [ERROR] Failed to load resource: the server responded with a status of 400 () @ https://tzh-badminton.vercel.app/_next/image?url=%2Fimages%2Fshop%2Fshuttlecocks%2Fmavis350.jpg&w=384&q=75:0
[   12093ms] [ERROR] Failed to load resource: the server responded with a status of 400 () @ https://tzh-badminton.vercel.app/_next/image?url=%2Fimages%2Fshop%2Fshuttlecocks%2Fa300.jpg&w=384&q=75:0
[   12095ms] [ERROR] Failed to load resource: the server responded with a status of 400 () @ https://tzh-badminton.vercel.app/_next/image?url=%2Fimages%2Fshop%2Fshuttlecocks%2Fmavis350.jpg&w=384&q=75:0
[   12095ms] [ERROR] Failed to load resource: the server responded with a status of 400 () @ https://tzh-badminton.vercel.app/_next/image?url=%2Fimages%2Fshop%2Fshuttlecocks%2Fas30.jpg&w=384&q=75:0
[   12097ms] [ERROR] Failed to load resource: the server responded with a status of 400 () @ https://tzh-badminton.vercel.app/_next/image?url=%2Fimages%2Fshop%2Fshuttlecocks%2Fgold-champion.jpg&w=384&q=75:0
[   12839ms] [ERROR] Failed to load resource: the server responded with a status of 400 () @ https://tzh-badminton.vercel.app/_next/image?url=%2Fimages%2Fshop%2Fshuttlecocks%2Fas50.jpg&w=384&q=75:0
[   12839ms] [ERROR] Failed to load resource: the server responded with a status of 400 () @ https://tzh-badminton.vercel.app/_next/image?url=%2Fimages%2Fshop%2Fshuttlecocks%2Fas30.jpg&w=384&q=75:0
[   12848ms] [ERROR] Failed to load resource: the server responded with a status of 400 () @ https://tzh-badminton.vercel.app/_next/image?url=%2Fimages%2Fshop%2Fshuttlecocks%2Fmavis350.jpg&w=384&q=75:0
[   13123ms] [ERROR] Failed to load resource: the server responded with a status of 400 () @ https://tzh-badminton.vercel.app/_next/image?url=%2Fimages%2Fshop%2Fshuttlecocks%2Fa300.jpg&w=384&q=75:0
[   13123ms] [ERROR] Failed to load resource: the server responded with a status of 400 () @ https://tzh-badminton.vercel.app/_next/image?url=%2Fimages%2Fshop%2Fshuttlecocks%2Fas50.jpg&w=384&q=75:0
[   13127ms] [ERROR] Failed to load resource: the server responded with a status of 400 () @ https://tzh-badminton.vercel.app/_next/image?url=%2Fimages%2Fshop%2Fshuttlecocks%2Fas30.jpg&w=384&q=75:0
[   13135ms] [ERROR] Failed to load resource: the server responded with a status of 400 () @ https://tzh-badminton.vercel.app/_next/image?url=%2Fimages%2Fshop%2Fshuttlecocks%2Fgold-champion.jpg&w=384&q=75:0
[   13422ms] [ERROR] Failed to load resource: the server responded with a status of 400 () @ https://tzh-badminton.vercel.app/_next/image?url=%2Fimages%2Fshop%2Fshuttlecocks%2Fmavis350.jpg&w=384&q=75:0
[   13422ms] [ERROR] Failed to load resource: the server responded with a status of 400 () @ https://tzh-badminton.vercel.app/_next/image?url=%2Fimages%2Fshop%2Fshuttlecocks%2Fa300.jpg&w=384&q=75:0
[   13426ms] [ERROR] Failed to load resource: the server responded with a status of 400 () @ https://tzh-badminton.vercel.app/_next/image?url=%2Fimages%2Fshop%2Fshuttlecocks%2Fas50.jpg&w=384&q=75:0
[   13729ms] [ERROR] Failed to load resource: the server responded with a status of 400 () @ https://tzh-badminton.vercel.app/_next/image?url=%2Fimages%2Fshop%2Fshuttlecocks%2Fas30.jpg&w=384&q=75:0
[   13729ms] [ERROR] Failed to load resource: the server responded with a status of 400 () @ https://tzh-badminton.vercel.app/_next/image?url=%2Fimages%2Fshop%2Fshuttlecocks%2Fas50.jpg&w=384&q=75:0
[   13730ms] [ERROR] Failed to load resource: the server responded with a status of 400 () @ https://tzh-badminton.vercel.app/_next/image?url=%2Fimages%2Fshop%2Fshuttlecocks%2Fgold-champion.jpg&w=384&q=75:0
[   14112ms] [ERROR] Failed to load resource: the server responded with a status of 400 () @ https://tzh-badminton.vercel.app/_next/image?url=%2Fimages%2Fshop%2Fshuttlecocks%2Fa300.jpg&w=384&q=75:0
[   14113ms] [ERROR] Failed to load resource: the server responded with a status of 400 () @ https://tzh-badminton.vercel.app/_next/image?url=%2Fimages%2Fshop%2Fshuttlecocks%2Fmavis350.jpg&w=384&q=75:0
[   14114ms] [ERROR] Failed to load resource: the server responded with a status of 400 () @ https://tzh-badminton.vercel.app/_next/image?url=%2Fimages%2Fshop%2Fshuttlecocks%2Fas50.jpg&w=384&q=75:0
[   14115ms] [ERROR] Failed to load resource: the server responded with a status of 400 () @ https://tzh-badminton.vercel.app/_next/image?url=%2Fimages%2Fshop%2Fshuttlecocks%2Fgold-champion.jpg&w=384&q=75:0
[   14115ms] [ERROR] Failed to load resource: the server responded with a status of 400 () @ https://tzh-badminton.vercel.app/_next/image?url=%2Fimages%2Fshop%2Fshuttlecocks%2Fas30.jpg&w=384&q=75:0
[   14450ms] [ERROR] Failed to load resource: the server responded with a status of 400 () @ https://tzh-badminton.vercel.app/_next/image?url=%2Fimages%2Fshop%2Fshuttlecocks%2Fas30.jpg&w=384&q=75:0
[   14451ms] [ERROR] Failed to load resource: the server responded with a status of 400 () @ https://tzh-badminton.vercel.app/_next/image?url=%2Fimages%2Fshop%2Fshuttlecocks%2Fgold-champion.jpg&w=384&q=75:0
[   14754ms] [ERROR] Failed to load resource: the server responded with a status of 400 () @ https://tzh-badminton.vercel.app/_next/image?url=%2Fimages%2Fshop%2Fshuttlecocks%2Fmavis350.jpg&w=384&q=75:0
[   14755ms] [ERROR] Failed to load resource: the server responded with a status of 400 () @ https://tzh-badminton.vercel.app/_next/image?url=%2Fimages%2Fshop%2Fshuttlecocks%2Fas50.jpg&w=384&q=75:0
[   14756ms] [ERROR] Failed to load resource: the server responded with a status of 400 () @ https://tzh-badminton.vercel.app/_next/image?url=%2Fimages%2Fshop%2Fshuttlecocks%2Fa300.jpg&w=384&q=75:0
[   14758ms] [ERROR] Failed to load resource: the server responded with a status of 400 () @ https://tzh-badminton.vercel.app/_next/image?url=%2Fimages%2Fshop%2Fshuttlecocks%2Fas30.jpg&w=384&q=75:0
[   14768ms] [ERROR] Failed to load resource: the server responded with a status of 400 () @ https://tzh-badminton.vercel.app/_next/image?url=%2Fimages%2Fshop%2Fshuttlecocks%2Fgold-champion.jpg&w=384&q=75:0
[   15079ms] [ERROR] Failed to load resource: the server responded with a status of 400 () @ https://tzh-badminton.vercel.app/_next/image?url=%2Fimages%2Fshop%2Fshuttlecocks%2Fmavis350.jpg&w=384&q=75:0
[   15079ms] [ERROR] Failed to load resource: the server responded with a status of 400 () @ https://tzh-badminton.vercel.app/_next/image?url=%2Fimages%2Fshop%2Fshuttlecocks%2Fas30.jpg&w=384&q=75:0
[   15079ms] [ERROR] Failed to load resource: the server responded with a status of 400 () @ https://tzh-badminton.vercel.app/_next/image?url=%2Fimages%2Fshop%2Fshuttlecocks%2Fa300.jpg&w=384&q=75:0
[   15382ms] [ERROR] Failed to load resource: the server responded with a status of 400 () @ https://tzh-badminton.vercel.app/_next/image?url=%2Fimages%2Fshop%2Fshuttlecocks%2Fgold-champion.jpg&w=384&q=75:0
[   15383ms] [ERROR] Failed to load resource: the server responded with a status of 400 () @ https://tzh-badminton.vercel.app/_next/image?url=%2Fimages%2Fshop%2Fshuttlecocks%2Fas50.jpg&w=384&q=75:0
[   15386ms] [ERROR] Failed to load resource: the server responded with a status of 400 () @ https://tzh-badminton.vercel.app/_next/image?url=%2Fimages%2Fshop%2Fshuttlecocks%2Fa300.jpg&w=384&q=75:0
[   15432ms] [ERROR] Failed to load resource: the server responded with a status of 400 () @ https://tzh-badminton.vercel.app/_next/image?url=%2Fimages%2Fshop%2Fshuttlecocks%2Fmavis350.jpg&w=384&q=75:0
[   15743ms] [ERROR] Failed to load resource: the server responded with a status of 400 () @ https://tzh-badminton.vercel.app/_next/image?url=%2Fimages%2Fshop%2Fshuttlecocks%2Fas30.jpg&w=384&q=75:0
[   15744ms] [ERROR] Failed to load resource: the server responded with a status of 400 () @ https://tzh-badminton.vercel.app/_next/image?url=%2Fimages%2Fshop%2Fshuttlecocks%2Fmavis350.jpg&w=384&q=75:0
[   15747ms] [ERROR] Failed to load resource: the server responded with a status of 400 () @ https://tzh-badminton.vercel.app/_next/image?url=%2Fimages%2Fshop%2Fshuttlecocks%2Fas50.jpg&w=384&q=75:0
[   15964ms] [ERROR] Failed to load resource: the server responded with a status of 400 () @ https://tzh-badminton.vercel.app/_next/image?url=%2Fimages%2Fshop%2Fshuttlecocks%2Fa300.jpg&w=384&q=75:0
[   15965ms] [ERROR] Failed to load resource: the server responded with a status of 400 () @ https://tzh-badminton.vercel.app/_next/image?url=%2Fimages%2Fshop%2Fshuttlecocks%2Fgold-champion.jpg&w=384&q=75:0
[   15965ms] [ERROR] Failed to load resource: the server responded with a status of 400 () @ https://tzh-badminton.vercel.app/_next/image?url=%2Fimages%2Fshop%2Fshuttlecocks%2Fas50.jpg&w=384&q=75:0
[   15967ms] [ERROR] Failed to load resource: the server responded with a status of 400 () @ https://tzh-badminton.vercel.app/_next/image?url=%2Fimages%2Fshop%2Fshuttlecocks%2Fas30.jpg&w=384&q=75:0
[   16699ms] [ERROR] Failed to load resource: the server responded with a status of 400 () @ https://tzh-badminton.vercel.app/_next/image?url=%2Fimages%2Fshop%2Fshuttlecocks%2Fmavis350.jpg&w=384&q=75:0
[   16711ms] [ERROR] Failed to load resource: the server responded with a status of 400 () @ https://tzh-badminton.vercel.app/_next/image?url=%2Fimages%2Fshop%2Fshuttlecocks%2Fgold-champion.jpg&w=384&q=75:0
[   17446ms] [ERROR] Failed to load resource: the server responded with a status of 400 () @ https://tzh-badminton.vercel.app/_next/image?url=%2Fimages%2Fshop%2Fshuttlecocks%2Fas30.jpg&w=384&q=75:0
[   17447ms] [ERROR] Failed to load resource: the server responded with a status of 400 () @ https://tzh-badminton.vercel.app/_next/image?url=%2Fimages%2Fshop%2Fshuttlecocks%2Fa300.jpg&w=384&q=75:0
[   17451ms] [ERROR] Failed to load resource: the server responded with a status of 400 () @ https://tzh-badminton.vercel.app/_next/image?url=%2Fimages%2Fshop%2Fshuttlecocks%2Fas50.jpg&w=384&q=75:0
[   17451ms] [ERROR] Failed to load resource: the server responded with a status of 400 () @ https://tzh-badminton.vercel.app/_next/image?url=%2Fimages%2Fshop%2Fshuttlecocks%2Fmavis350.jpg&w=384&q=75:0
[   17463ms] [ERROR] Failed to load resource: the server responded with a status of 400 () @ https://tzh-badminton.vercel.app/_next/image?url=%2Fimages%2Fshop%2Fshuttlecocks%2Fgold-champion.jpg&w=384&q=75:0
[   17793ms] [ERROR] Failed to load resource: the server responded with a status of 400 () @ https://tzh-badminton.vercel.app/_next/image?url=%2Fimages%2Fshop%2Fshuttlecocks%2Fgold-champion.jpg&w=384&q=75:0
[   18093ms] [ERROR] Failed to load resource: the server responded with a status of 400 () @ https://tzh-badminton.vercel.app/_next/image?url=%2Fimages%2Fshop%2Fshuttlecocks%2Fmavis350.jpg&w=384&q=75:0
[   18096ms] [ERROR] Failed to load resource: the server responded with a status of 400 () @ https://tzh-badminton.vercel.app/_next/image?url=%2Fimages%2Fshop%2Fshuttlecocks%2Fas50.jpg&w=384&q=75:0
[   18096ms] [ERROR] Failed to load resource: the server responded with a status of 400 () @ https://tzh-badminton.vercel.app/_next/image?url=%2Fimages%2Fshop%2Fshuttlecocks%2Fas30.jpg&w=384&q=75:0
[   18096ms] [ERROR] Failed to load resource: the server responded with a status of 400 () @ https://tzh-badminton.vercel.app/_next/image?url=%2Fimages%2Fshop%2Fshuttlecocks%2Fa300.jpg&w=384&q=75:0
[   18099ms] [ERROR] Failed to load resource: the server responded with a status of 400 () @ https://tzh-badminton.vercel.app/_next/image?url=%2Fimages%2Fshop%2Fshuttlecocks%2Fgold-champion.jpg&w=384&q=75:0
[   18520ms] [ERROR] Failed to load resource: the server responded with a status of 400 () @ https://tzh-badminton.vercel.app/_next/image?url=%2Fimages%2Fshop%2Fshuttlecocks%2Fas50.jpg&w=384&q=75:0
[   18526ms] [ERROR] Failed to load resource: the server responded with a status of 400 () @ https://tzh-badminton.vercel.app/_next/image?url=%2Fimages%2Fshop%2Fshuttlecocks%2Fgold-champion.jpg&w=384&q=75:0
[   18527ms] [ERROR] Failed to load resource: the server responded with a status of 400 () @ https://tzh-badminton.vercel.app/_next/image?url=%2Fimages%2Fshop%2Fshuttlecocks%2Fa300.jpg&w=384&q=75:0
[   18527ms] [ERROR] Failed to load resource: the server responded with a status of 400 () @ https://tzh-badminton.vercel.app/_next/image?url=%2Fimages%2Fshop%2Fshuttlecocks%2Fmavis350.jpg&w=384&q=75:0
[   18806ms] [ERROR] Failed to load resource: the server responded with a status of 400 () @ https://tzh-badminton.vercel.app/_next/image?url=%2Fimages%2Fshop%2Fshuttlecocks%2Fas30.jpg&w=384&q=75:0
[   18813ms] [ERROR] Failed to load resource: the server responded with a status of 400 () @ https://tzh-badminton.vercel.app/_next/image?url=%2Fimages%2Fshop%2Fshuttlecocks%2Fmavis350.jpg&w=384&q=75:0
[   18814ms] [ERROR] Failed to load resource: the server responded with a status of 400 () @ https://tzh-badminton.vercel.app/_next/image?url=%2Fimages%2Fshop%2Fshuttlecocks%2Fa300.jpg&w=384&q=75:0
[   19108ms] [ERROR] Failed to load resource: the server responded with a status of 400 () @ https://tzh-badminton.vercel.app/_next/image?url=%2Fimages%2Fshop%2Fshuttlecocks%2Fas50.jpg&w=384&q=75:0
[   19109ms] [ERROR] Failed to load resource: the server responded with a status of 400 () @ https://tzh-badminton.vercel.app/_next/image?url=%2Fimages%2Fshop%2Fshuttlecocks%2Fgold-champion.jpg&w=384&q=75:0
[   19110ms] [ERROR] Failed to load resource: the server responded with a status of 400 () @ https://tzh-badminton.vercel.app/_next/image?url=%2Fimages%2Fshop%2Fshuttlecocks%2Fa300.jpg&w=384&q=75:0
[   19114ms] [ERROR] Failed to load resource: the server responded with a status of 400 () @ https://tzh-badminton.vercel.app/_next/image?url=%2Fimages%2Fshop%2Fshuttlecocks%2Fmavis350.jpg&w=384&q=75:0
[   19404ms] [ERROR] Failed to load resource: the server responded with a status of 400 () @ https://tzh-badminton.vercel.app/_next/image?url=%2Fimages%2Fshop%2Fshuttlecocks%2Fas30.jpg&w=384&q=75:0
[   19404ms] [ERROR] Failed to load resource: the server responded with a status of 400 () @ https://tzh-badminton.vercel.app/_next/image?url=%2Fimages%2Fshop%2Fshuttlecocks%2Fa300.jpg&w=384&q=75:0
[   19424ms] [ERROR] Failed to load resource: the server responded with a status of 400 () @ https://tzh-badminton.vercel.app/_next/image?url=%2Fimages%2Fshop%2Fshuttlecocks%2Fas50.jpg&w=384&q=75:0
[   19846ms] [ERROR] Failed to load resource: the server responded with a status of 400 () @ https://tzh-badminton.vercel.app/_next/image?url=%2Fimages%2Fshop%2Fshuttlecocks%2Fa300.jpg&w=384&q=75:0
[   19846ms] [ERROR] Failed to load resource: the server responded with a status of 400 () @ https://tzh-badminton.vercel.app/_next/image?url=%2Fimages%2Fshop%2Fshuttlecocks%2Fmavis350.jpg&w=384&q=75:0
[   19847ms] [ERROR] Failed to load resource: the server responded with a status of 400 () @ https://tzh-badminton.vercel.app/_next/image?url=%2Fimages%2Fshop%2Fshuttlecocks%2Fas30.jpg&w=384&q=75:0
[   19847ms] [ERROR] Failed to load resource: the server responded with a status of 400 () @ https://tzh-badminton.vercel.app/_next/image?url=%2Fimages%2Fshop%2Fshuttlecocks%2Fgold-champion.jpg&w=384&q=75:0
[   20003ms] [ERROR] Failed to load resource: the server responded with a status of 400 () @ https://tzh-badminton.vercel.app/_next/image?url=%2Fimages%2Fshop%2Fshuttlecocks%2Fas50.jpg&w=384&q=75:0
[   20010ms] [ERROR] Failed to load resource: the server responded with a status of 400 () @ https://tzh-badminton.vercel.app/_next/image?url=%2Fimages%2Fshop%2Fshuttlecocks%2Fas30.jpg&w=384&q=75:0
[   20010ms] [ERROR] Failed to load resource: the server responded with a status of 400 () @ https://tzh-badminton.vercel.app/_next/image?url=%2Fimages%2Fshop%2Fshuttlecocks%2Fa300.jpg&w=384&q=75:0
